0.00, 924
13.17, 923
13.19, 921
13.21, 919
13.22, 918
13.27, 913
13.28, 912
13.28, 908
13.35, 907
13.37, 905
13.38, 902
13.44, 900
13.47, 899
13.73, 898
13.83, 896
13.89, 895
13.93, 894
14.14, 893
14.37, 892
14.44, 891
14.44, 889
14.47, 887
14.51, 886
14.57, 885
14.75, 884
14.78, 883
14.84, 881
14.92, 880
14.92, 878
14.94, 876
15.08, 875
15.27, 873
15.34, 867
15.36, 866
15.43, 862
15.46, 861
15.46, 859
15.48, 858
15.58, 857
15.62, 856
15.76, 855
15.78, 854
15.83, 852
15.88, 851
15.91, 850
15.94, 849
15.95, 845
16.01, 844
16.02, 841
16.03, 839
16.05, 835
16.05, 834
16.07, 833
16.07, 830
16.16, 828
16.16, 826
16.17, 825
16.18, 823
16.22, 820
16.29, 819
16.37, 818
16.37, 817
16.41, 816
16.46, 813
16.52, 811
16.67, 809
16.67, 803
16.75, 802
16.83, 800
16.86, 798
17.03, 797
17.14, 796
17.21, 793
17.34, 792
17.68, 791
17.68, 787
17.77, 786
17.84, 784
17.89, 777
17.96, 776
18.04, 775
18.14, 774
18.17, 773
18.24, 770
18.27, 768
18.45, 767
18.57, 766
18.64, 765
18.64, 763
18.81, 761
18.85, 759
18.88, 755
18.94, 751
19.21, 746
19.38, 744
19.39, 743
19.42, 742
19.43, 740
19.48, 739
19.75, 737
19.75, 735
19.99, 733
20.45, 731
20.78, 730
20.78, 729
21.80, 728
21.81, 726
