0.14, 1098
0.14, 939
0.14, 892
0.29, 881
1.98, 877
2.46, 865
3.11, 855
4.47, 845
4.58, 838
4.74, 833
4.99, 828
5.13, 826
5.25, 825
5.41, 818
5.59, 813
5.77, 811
6.29, 804
6.39, 789
6.62, 782
6.85, 764
7.09, 754
7.62, 751
7.76, 747
7.91, 736
8.10, 735
8.54, 732
8.57, 714
8.59, 712
8.65, 709
9.46, 706
9.84, 705
9.88, 696
10.01, 693
10.05, 684
10.20, 665
11.59, 657
11.76, 656
12.05, 655
12.09, 654
12.49, 649
12.81, 643
12.81, 642
13.52, 638
13.65, 637
13.77, 636
13.80, 634
14.19, 618
15.45, 617
15.54, 616
15.54, 602
16.08, 600
16.81, 599
17.07, 597
18.99, 596
