0.00, 1019
12.65, 1018
12.69, 1016
14.22, 1015
14.27, 1014
14.37, 1012
14.39, 1011
14.46, 1009
14.53, 1008
14.67, 1007
14.74, 1005
15.03, 1004
15.11, 1003
15.18, 1002
15.24, 1001
15.28, 1000
15.37, 999
15.43, 998
15.46, 997
15.49, 995
15.49, 988
15.50, 987
15.53, 985
15.59, 984
15.62, 983
15.87, 982
15.90, 981
15.97, 980
16.08, 979
16.29, 978
16.41, 977
16.52, 976
16.65, 975
16.82, 974
16.92, 973
16.99, 972
17.02, 971
17.22, 970
17.25, 969
17.28, 968
17.46, 967
17.58, 966
17.62, 964
17.72, 963
17.76, 962
17.82, 961
17.87, 960
17.88, 959
17.92, 958
18.01, 957
18.43, 956
18.45, 955
18.60, 954
18.75, 953
18.94, 952
19.46, 951
19.52, 950
19.62, 949
19.67, 948
19.71, 947
19.84, 946
19.93, 945
19.96, 944
20.02, 943
20.07, 942
20.20, 941
20.27, 940
20.30, 939
20.36, 938
20.37, 937
20.41, 936
20.45, 935
20.49, 934
20.52, 933
20.54, 932
20.62, 931
20.64, 930
20.79, 929
20.97, 928
21.26, 927
21.35, 926
21.44, 925
21.82, 924
22.09, 923
22.28, 922
22.43, 921
22.62, 920
22.75, 919
22.80, 918
22.86, 917
23.08, 916
23.19, 915
23.26, 914
23.34, 913
23.43, 912
23.51, 911
23.63, 910
23.69, 909
23.96, 908
23.98, 907
24.40, 906
24.43, 905
24.52, 904
24.65, 903
24.87, 902
24.89, 901
25.06, 900
25.15, 899
