1010.4, 5683
1068.6, 5682
1107.8, 5681
1188.99, 5680
1230.16, 5679
1241.07, 5678
1249.35, 5677
1257.7, 5676
1299.36, 5675
1358.78, 5674
1377.25, 5673
1382.57, 5672
1396.48, 5671
1418.13, 5670
1426.46, 5669
1437.62, 5668
1451.6, 5667
1461.6, 5666
1477.83, 5665
1488.93, 5664
1507.99, 5663
1539.46, 5662
1542.33, 5661
1566.91, 5660
1572.41, 5659
1640.01, 5658
1645.76, 5657
1678.55, 5656
1688.93, 5655
1716.37, 5654
1733, 5653
1741.08, 5652
1743.64, 5651
1776.4, 5650
1784.5, 5649
1786.92, 5648
1792.26, 5647
1813.69, 5646
1824.74, 5645
1846.96, 5644
1863.56, 5643
1909.64, 5642
1920.62, 5641
1923.23, 5640
1926.12, 5639
1928.8, 5638
1953.86, 5637
1959.33, 5636
1969.88, 5635
1980.42, 5634
1991.15, 5633
2037.2, 5632
2056.5, 5631
2064.49, 5630
2080.9, 5629
2094.47, 5628
2124.38, 5627
2146.39, 5626
2149.05, 5625
2154.76, 5624
2179.11, 5623
2219.48, 5622
2227.41, 5621
2260.06, 5620
2275.78, 5619
2315.77, 5618
2323.62, 5617
2359.6, 5616
2370.69, 5615
2405.55, 5614
2416.23, 5613
2453.6, 5612
2485.74, 5611
2505.03, 5610
2597.42, 5609
2621.47, 5608
2637.43, 5607
2648.66, 5606
2656.66, 5605
2665.13, 5604
2678.99, 5603
2689.61, 5602
2718.46, 5601
2743.32, 5600
2768.68, 5599
2771.66, 5598
2799.04, 5597
2801.73, 5596
2806.94, 5595
2809.66, 5594
2812.38, 5593
2823.16, 5592
2852.26, 5591
2923.74, 5590
2958.49, 5589
3013.11, 5588
3023.98, 5587
3039.7, 5586
3047.34, 5585
3060.55, 5584
3082.23, 5583
3084.66, 5582
3086.94, 5581
3110.99, 5580
3135.22, 5579
3148.18, 5578
3153.69, 5577
3159.05, 5576
3167.15, 5575
3210.59, 5574
3226.93, 5573
3260.49, 5572
3284.22, 5571
3289.42, 5570
3310.22, 5569
3318.56, 5568
3337.34, 5567
3356.03, 5566
3368.89, 5565
3403.28, 5564
3417.01, 5563
3425.01, 5562
3441.08, 5561
3512.38, 5560
3534.26, 5559
3544.54, 5558
3552.34, 5557
3560.24, 5556
3578.93, 5555
3592.46, 5554
