0.007075, 955
0.038169, 954
0.053123, 953
0.10747, 952
0.158851, 951
0.172964, 950
0.191718, 949
0.22034, 948
0.254533, 947
0.284184, 946
0.310358, 945
0.331009, 944
0.351368, 943
0.36172, 942
0.371894, 941
0.382075, 940
0.392337, 939
0.402855, 938
0.422347, 937
0.606592, 936
0.623731, 935
0.653102, 934
0.686423, 933
0.717601, 932
0.736973, 931
0.756631, 930
0.870993, 929
0.890582, 928
0.949914, 927
0.963852, 926
1.06289, 925
1.07414, 924
1.09447, 923
1.15537, 922
1.19626, 921
1.23728, 920
1.25801, 919
1.40169, 918
1.48008, 917
1.52638, 916
1.5451, 915
1.56347, 914
1.70637, 913
1.72716, 912
1.77875, 911
1.96344, 910
1.98778, 909
2.12313, 908
2.30499, 907
2.36313, 906
2.53644, 905
2.60116, 904
2.67021, 903
2.69342, 902
2.71656, 901
2.75487, 900
2.78146, 899
2.82279, 898
2.84587, 897
2.92023, 896
3.12851, 895
3.18696, 894
3.22614, 893
3.28916, 892
3.32812, 891
3.61352, 890
3.77133, 889
3.79493, 888
3.8174, 887
4.05325, 886
4.23326, 885
4.34828, 884
5.37457, 883
5.46693, 882
5.48873, 881
5.58754, 880
5.68538, 879
6.02183, 878
6.16947, 877
6.41918, 876
6.69165, 875
6.74678, 874
6.84197, 873
7.01334, 872
7.07137, 871
7.09864, 870
7.24942, 869
7.27108, 868
7.6805, 867
7.73597, 866
7.76318, 865
7.90276, 864
8.21577, 863
8.67623, 862
8.68984, 861
8.76124, 860
8.95086, 859
9.30622, 858
9.42928, 857
9.47054, 856
10.0218, 855
10.0593, 854
10.1847, 853
11.255, 852
11.7438, 851
11.8876, 850
12.0101, 849
12.4804, 848
12.5958, 847
12.7572, 846
12.8471, 845
13.513, 844
13.8226, 843
14.2296, 842
14.3594, 841
14.67, 840
14.8743, 839
15.3403, 838
15.468, 837
16.275, 836
16.9764, 835
17.4225, 834
17.6397, 833
17.7092, 832
17.9044, 831
18.0363, 830
18.0869, 829
18.112, 828
18.362, 827
18.4131, 826
20.0772, 824
20.861, 823
22.041, 822
22.3954, 821
23.7784, 820
24.351, 819
25.9836, 818
28.2669, 817
32.9198, 816
33.4935, 815
36.5322, 814
36.784, 813
37.392, 812
38.4097, 811
42.2001, 810
42.3553, 809
42.8922, 808
43.1961, 807
45.2439, 806
45.6783, 805
46.2546, 804
47.7968, 803
49.6893, 802
51.1027, 801
51.2169, 800
51.2818, 799
52.5969, 798
57.4624, 797
57.5869, 796
58.5598, 795
58.6778, 794
59.0814, 793
59.7273, 792
59.7683, 791
60.2298, 790
60.5213, 789
61.5515, 788
62.4899, 787
62.6364, 786
63.7795, 785
64.4974, 784
64.8282, 783
65.9777, 782
66.4285, 781
68.5629, 780
69.5561, 779
71.1342, 778
72.2854, 777
72.7191, 776
74.7349, 775
76.6902, 774
78.1489, 773
79.3759, 771
79.4492, 770
81.1937, 769
82.2776, 768
82.8667, 767
84.5999, 766
84.9521, 765
86.2333, 764
86.4249, 763
90.2279, 762
91.1819, 760
91.2065, 759
91.6523, 758
92.0919, 757
93.1276, 756
96.5395, 755
96.7143, 754
97.2536, 753
97.5928, 752
104.107, 751
113.785, 750
113.878, 749
116.11, 748
116.581, 747
120.856, 746
120.976, 745
127.875, 744
131.51, 743
140.613, 742
145.126, 741
146.143, 740
157.794, 739
158.565, 738
163.108, 737
163.548, 736
165.335, 735
169.009, 734
176.172, 733
181.33, 732
183.134, 731
195.761, 730
197.936, 729
204.048, 728
244.211, 727
264.892, 726
270.274, 725
306.37, 724
307.177, 723
366.708, 722
370.98, 721
375.21, 720
407.024, 719
417.403, 718
425.361, 717
436.31, 716
491.36, 715
583.005, 714
669.756, 713
794.355, 712
852.172, 711
893.231, 710
1258.17, 709
1472.45, 708
