0.004923, 955
0.014175, 954
0.034867, 953
0.041631, 952
0.048327, 951
0.099614, 950
0.148826, 949
0.16265, 948
0.169553, 947
0.176467, 946
0.190349, 945
0.208384, 944
0.223808, 943
0.237901, 942
0.245058, 941
0.259479, 940
0.273914, 939
0.319435, 938
0.326913, 937
0.341714, 936
0.349461, 935
0.364777, 934
0.372222, 933
0.395262, 932
0.433663, 931
0.470836, 930
0.485731, 929
0.500743, 928
0.515635, 927
0.537994, 926
0.575712, 925
0.583933, 924
0.599534, 923
0.636181, 922
0.643889, 921
0.651613, 920
0.659536, 919
0.667401, 918
0.679809, 917
0.688134, 916
0.708044, 915
0.785687, 914
0.80125, 913
0.903061, 912
0.91102, 911
0.9277, 910
0.935813, 909
0.960011, 908
0.977017, 907
1.05461, 906
1.09835, 905
1.11661, 904
1.16774, 903
1.19457, 902
1.2465, 901
1.43071, 900
1.46521, 899
1.49935, 898
1.5252, 897
1.62384, 896
1.7387, 895
1.76503, 894
1.77386, 893
1.78253, 892
1.79119, 891
1.79991, 890
1.85199, 889
2.59325, 888
2.60304, 887
2.90181, 886
2.98683, 885
3.08983, 884
3.16419, 883
3.1734, 882
3.24957, 881
3.31808, 880
3.36731, 878
3.39532, 877
3.56573, 876
3.60388, 875
3.61312, 874
3.93939, 873
4.303, 872
4.31229, 871
4.60786, 870
4.80248, 869
4.84974, 868
4.87497, 867
5.0587, 866
5.32159, 865
5.6614, 864
5.75617, 863
5.79674, 862
6.11172, 861
6.1306, 860
6.1683, 859
6.28034, 858
6.33297, 857
6.3624, 856
6.42747, 855
6.47908, 854
6.50806, 853
6.568, 852
6.79755, 851
7.04701, 850
7.12612, 849
7.46632, 848
7.74206, 847
7.76191, 846
7.79874, 845
8.05948, 844
8.09385, 843
8.15084, 842
8.18806, 841
8.24597, 839
8.39618, 838
8.48411, 837
8.5606, 836
8.7269, 835
8.74813, 834
8.76658, 833
8.77603, 832
8.83338, 831
8.99907, 830
9.30332, 829
9.34087, 828
9.69184, 827
9.87199, 826
9.89974, 825
10.473, 824
10.5833, 823
11.7285, 822
11.8231, 821
12.0062, 820
12.6312, 819
12.8609, 818
13.1149, 817
13.1243, 816
13.4097, 815
13.4781, 814
13.715, 813
13.7626, 812
14.1547, 811
14.3448, 810
14.4586, 809
14.5902, 808
14.7298, 807
15.0182, 806
15.0837, 805
15.3657, 804
15.4244, 803
15.8956, 802
15.9049, 801
16.1013, 799
16.2318, 798
16.3707, 797
16.5557, 796
17.7107, 795
17.8494, 794
18.0744, 793
18.6152, 792
19.0045, 791
19.9572, 790
20.1728, 789
20.4685, 788
20.7851, 787
21.5777, 786
21.606, 785
21.8834, 784
21.9943, 783
22.6033, 782
22.6902, 781
22.7382, 780
22.7475, 779
22.7847, 778
22.8603, 777
22.9387, 776
23.6635, 775
24.0011, 774
24.1858, 773
24.2053, 772
24.9925, 771
25.3302, 770
25.6993, 769
25.7307, 768
26.4108, 767
26.7327, 766
28.5391, 765
29.1292, 764
30.6998, 763
31.3767, 762
31.6261, 761
31.9523, 760
32.4172, 759
32.8705, 758
32.9546, 757
33.1266, 756
33.847, 755
35.8191, 754
36.3188, 753
37.4042, 752
40.6214, 751
44.1423, 750
44.316, 749
45.2796, 748
48.1563, 747
53.0048, 746
56.2997, 745
57.2429, 744
58.0507, 743
60.2658, 742
63.5111, 741
72.8767, 740
76.4811, 739
80.648, 738
87.4651, 737
97.471, 736
104.729, 735
120.721, 734
129.643, 733
131.499, 732
138.138, 731
145.559, 730
152.304, 729
152.557, 728
159.566, 727
163.172, 726
168.64, 725
169.506, 724
180.205, 723
212.499, 722
213.806, 721
231.584, 720
232.701, 719
234.278, 718
298.524, 717
312.728, 716
313.048, 715
318.068, 714
325.695, 713
399.151, 712
