0.091358, 815
0.107039, 814
0.114612, 813
0.346843, 812
0.710692, 811
0.719049, 810
0.852961, 809
0.861875, 808
0.870825, 807
0.914108, 806
0.938951, 805
0.947222, 804
0.963753, 803
0.989655, 802
0.998232, 801
1.00695, 800
1.05979, 799
1.12688, 798
1.16033, 797
1.61979, 796
1.86947, 795
1.88798, 794
1.93417, 793
2.06515, 792
2.22546, 791
3.1208, 790
3.5863, 789
3.64683, 788
3.68466, 787
3.71374, 786
3.73417, 785
3.76384, 784
3.86862, 783
3.90644, 782
3.93439, 781
4.05178, 780
4.09023, 779
4.10021, 778
4.18314, 777
4.23094, 776
4.28721, 775
4.44175, 774
4.491, 773
4.56759, 772
4.63344, 771
4.65244, 770
4.79949, 769
5.04751, 768
5.21784, 767
5.22816, 766
5.4011, 765
5.46775, 764
5.48714, 763
5.49662, 762
5.61981, 761
5.69582, 760
5.75489, 759
5.91821, 758
5.97419, 757
6.04919, 756
6.0768, 755
6.08603, 754
6.11624, 753
6.327, 752
6.52592, 751
6.57695, 750
6.6044, 749
6.65019, 748
6.73834, 747
6.91862, 746
6.9459, 745
6.97424, 744
7.00242, 743
7.1149, 742
7.16032, 741
7.2108, 740
7.27624, 739
7.32561, 738
7.34387, 737
7.51865, 736
7.73604, 735
7.76724, 734
7.82542, 733
7.92164, 732
7.98095, 731
8.03858, 730
8.06773, 729
8.15347, 728
8.23701, 727
8.24675, 726
8.29578, 725
8.33368, 724
8.49651, 723
8.83559, 722
8.86489, 721
9.01323, 720
9.02415, 718
9.56139, 717
9.61852, 716
9.63716, 715
9.74086, 714
10.0723, 713
10.4234, 712
10.4894, 711
10.729, 710
10.9246, 709
11.4529, 708
11.6879, 707
11.7825, 706
11.9303, 705
12.0812, 704
12.2147, 703
12.3918, 702
12.48, 701
12.7653, 700
12.8905, 699
12.9633, 698
13.2027, 697
13.6537, 696
13.6625, 695
13.9118, 694
13.9726, 693
14.0159, 692
14.0819, 691
14.2436, 690
14.3205, 689
14.5417, 688
14.6924, 687
14.9742, 686
15.0343, 685
15.4658, 684
15.5086, 683
15.6147, 682
16.2937, 681
16.3024, 680
16.3108, 679
16.4971, 678
16.5684, 677
16.7535, 676
16.7871, 675
16.9731, 674
17.0257, 673
17.5795, 672
17.6896, 671
17.7669, 670
17.8305, 669
17.8891, 668
17.8975, 667
18.0495, 666
18.5699, 665
18.6964, 664
18.952, 663
19.3416, 662
19.7765, 661
19.9499, 660
19.9584, 659
20.0883, 658
20.1675, 657
20.1764, 656
20.6276, 655
20.7938, 654
21.5111, 653
22.2525, 652
22.6521, 651
22.9401, 650
23.6107, 649
24.2667, 648
24.85, 647
25.0947, 646
25.7196, 645
26.4775, 644
27.3202, 643
28.4401, 642
28.9485, 641
29.3818, 640
29.9651, 639
31.0171, 638
32.1615, 637
32.7186, 636
32.7734, 635
34.4737, 634
34.5563, 633
35.08, 632
36.0493, 631
37.145, 630
37.3525, 629
37.7116, 628
38.2343, 627
38.6425, 626
39.447, 625
39.4632, 624
40.0899, 623
42.9543, 622
44.1987, 621
45.8301, 620
46.8934, 619
46.9585, 618
51.7275, 617
55.0483, 616
58.4444, 615
61.558, 614
72.726, 613
73.3065, 612
76.8841, 611
89.5911, 610
89.6, 609
90.318, 608
90.7143, 607
95.4651, 606
99.1966, 605
120.336, 604
131.618, 603
141.499, 602
142.281, 601
144.562, 600
163.526, 599
231.648, 598
258.279, 597
277.597, 596
347.597, 595
