6.44635, 5677
7.12595, 5676
10.0618, 5675
10.9115, 5674
11.5145, 5673
12.283, 5672
13.821, 5671
16.4969, 5670
17.2524, 5669
18.0148, 5668
20.4236, 5667
22.6448, 5666
23.3432, 5665
24.8609, 5664
27.8249, 5663
31.6539, 5662
33.0846, 5661
33.9601, 5660
35.3489, 5659
37.6157, 5658
38.3414, 5657
40.5224, 5656
42.0874, 5655
42.7854, 5654
43.6403, 5653
44.358, 5652
45.2407, 5651
52.4149, 5650
55.4839, 5649
61.5593, 5648
70.9381, 5647
71.5601, 5646
72.3685, 5645
85.7985, 5644
92.9994, 5643
103.842, 5642
104.667, 5641
107.502, 5640
109.888, 5639
110.665, 5638
111.455, 5637
113.555, 5636
115.098, 5635
115.932, 5634
118.871, 5633
121.191, 5632
122.007, 5631
123.537, 5630
125.999, 5629
126.698, 5628
127.341, 5627
131.85, 5626
134.116, 5625
134.909, 5624
135.728, 5623
136.444, 5622
138.785, 5621
151.25, 5620
160.388, 5619
163.344, 5618
165.752, 5617
166.602, 5616
169.631, 5615
172.01, 5614
172.863, 5613
173.55, 5612
176.728, 5611
177.506, 5610
178.374, 5609
179.923, 5608
180.796, 5607
183.58, 5606
185.258, 5605
186.686, 5604
188.12, 5603
188.804, 5602
190.36, 5601
191.066, 5600
191.767, 5599
194.025, 5598
195.606, 5597
196.374, 5596
197.803, 5595
200.88, 5594
201.762, 5593
207.243, 5592
208.902, 5591
209.733, 5590
211.104, 5589
211.859, 5588
219.719, 5587
220.558, 5586
222.156, 5585
228.893, 5584
230.401, 5583
236.415, 5582
240.109, 5581
242.538, 5580
244.285, 5579
245.022, 5578
245.732, 5577
248.384, 5576
254.835, 5575
255.558, 5574
260.711, 5573
262.217, 5572
264.548, 5571
266.091, 5570
272.091, 5569
278.882, 5568
279.641, 5567
280.373, 5566
283.325, 5565
285.693, 5564
290.348, 5563
291.193, 5562
291.966, 5561
292.788, 5560
294.456, 5559
295.841, 5558
297.267, 5557
298.062, 5556
299.602, 5555
301.023, 5554
303.148, 5553
303.736, 5552
304.471, 5551
306.058, 5550
314.104, 5549
315.689, 5548
316.474, 5547
317.99, 5546
318.646, 5545
319.402, 5544
321.719, 5543
327.847, 5542
331.745, 5541
332.582, 5540
334.952, 5539
342.744, 5538
350.349, 5537
353.578, 5536
355.139, 5535
355.919, 5534
359.877, 5533
361.542, 5532
362.382, 5531
363.052, 5530
366.362, 5529
367.682, 5528
368.363, 5527
369.185, 5526
370.784, 5525
373.19, 5524
378.533, 5523
379.365, 5522
380.864, 5521
383.982, 5520
386.981, 5519
388.485, 5518
389.266, 5517
390.873, 5516
394.394, 5515
397.627, 5514
399.209, 5513
400.014, 5512
400.873, 5511
407.291, 5510
409.474, 5509
410.858, 5508
414.956, 5507
417.32, 5506
420.58, 5505
421.426, 5504
427.634, 5503
428.419, 5502
430.759, 5501
433.731, 5500
436.038, 5499
436.772, 5498
437.572, 5497
439.794, 5496
440.664, 5495
443.882, 5494
451.133, 5493
455.21, 5492
463.468, 5491
466.637, 5490
468.988, 5489
469.8, 5488
476.249, 5487
480.724, 5486
481.527, 5485
484.795, 5484
485.679, 5483
486.277, 5482
490.863, 5481
492.666, 5480
493.499, 5479
494.925, 5478
496.577, 5477
499.618, 5476
500.433, 5475
501.014, 5474
508.111, 5473
510.235, 5472
515.015, 5471
515.572, 5470
517.302, 5469
519.7, 5468
521.187, 5467
528.209, 5466
531.115, 5465
541.924, 5464
542.73, 5463
545.858, 5462
546.691, 5461
552.176, 5460
552.92, 5459
554.589, 5458
559.817, 5457
565.372, 5456
566.205, 5455
567.761, 5454
568.606, 5453
574.164, 5452
576.699, 5451
580.544, 5450
585.423, 5449
586.806, 5448
587.645, 5447
588.39, 5446
596.613, 5445
597.408, 5444
598.216, 5443
599.055, 5442
602.399, 5441
609.135, 5440
611.32, 5439
615.264, 5438
619.836, 5437
620.656, 5436
621.364, 5435
622.085, 5434
626.446, 5433
627.126, 5432
639.601, 5431
640.309, 5430
641.854, 5429
642.576, 5428
645.7, 5427
649.014, 5426
651.514, 5425
653.949, 5424
657.743, 5423
659.289, 5422
660.941, 5421
668.263, 5420
669.9, 5419
673.003, 5418
674.551, 5417
677.772, 5416
681.009, 5415
681.711, 5414
682.469, 5413
683.241, 5412
685.652, 5411
688.626, 5410
694.366, 5409
695.196, 5408
697.791, 5407
698.617, 5406
700.041, 5405
700.859, 5404
703.231, 5403
704.937, 5402
705.683, 5401
706.341, 5400
712.082, 5399
712.86, 5398
714.308, 5397
721.681, 5396
722.598, 5395
727.472, 5394
730.747, 5393
735.276, 5392
736.159, 5391
736.987, 5390
737.793, 5389
742.506, 5388
754.328, 5387
758.284, 5386
764.712, 5385
768.05, 5384
768.932, 5383
773.714, 5382
776.058, 5381
779.233, 5380
780.891, 5379
781.601, 5378
785.017, 5377
786.589, 5376
789.085, 5375
789.862, 5374
790.676, 5373
792.464, 5372
803.781, 5371
805.349, 5370
810.062, 5369
813.87, 5368
817.257, 5367
818.123, 5366
821.531, 5365
822.325, 5364
823.064, 5363
830.211, 5362
831.029, 5361
838.745, 5360
845.138, 5359
846.639, 5358
849.009, 5357
851.813, 5356
857.715, 5355
861.688, 5354
863.164, 5353
864.802, 5352
866.45, 5351
871.534, 5350
874.584, 5349
879.495, 5348
883.436, 5347
884.146, 5346
884.951, 5345
885.707, 5344
886.449, 5343
887.175, 5342
887.998, 5341
892.713, 5340
893.591, 5339
895.34, 5338
896.158, 5337
897.574, 5336
899.203, 5335
903.243, 5334
910.924, 5333
914.901, 5332
921.08, 5331
923.529, 5330
926.299, 5329
927.823, 5328
936.188, 5327
944.267, 5326
945.111, 5325
945.913, 5324
949.938, 5323
950.78, 5322
957.186, 5321
958.908, 5320
963.197, 5319
964.009, 5318
966.635, 5317
970.663, 5316
973.725, 5315
981.054, 5314
985.112, 5313
990.254, 5312
991.122, 5311
994.241, 5310
995.877, 5309
1002.35, 5308
1003.15, 5307
1005.62, 5306
1008.61, 5305
1010.94, 5304
1012.52, 5303
1015.06, 5302
1015.9, 5301
1036.09, 5300
1046.15, 5299
1046.96, 5298
1048.53, 5297
1050.08, 5296
1050.9, 5295
1053.85, 5294
1056.27, 5293
1057.14, 5292
1071.38, 5291
1074.73, 5290
1078.89, 5289
1081.73, 5288
1086.02, 5287
1086.87, 5286
1088.4, 5285
1092.93, 5284
1093.71, 5283
1095.15, 5282
1100.8, 5281
1101.54, 5280
1103.99, 5279
1105.76, 5278
1106.5, 5277
1108.83, 5276
1109.6, 5275
1117.37, 5274
1118.2, 5273
1122.18, 5272
1123.76, 5271
1126.15, 5270
1129.15, 5269
1133.22, 5268
1134.05, 5267
1138.72, 5266
1143.65, 5265
1145.34, 5264
1146.24, 5263
1151.82, 5262
1154.12, 5261
1157.4, 5260
1159.77, 5259
1174.74, 5258
1178.6, 5257
1179.45, 5256
1180.16, 5255
1181.6, 5254
1187.38, 5253
1188.22, 5252
1189.84, 5251
1198.96, 5250
1200.52, 5249
1201.93, 5248
1202.64, 5247
1205.01, 5246
1207.94, 5245
1208.74, 5244
1211.71, 5243
1212.47, 5242
1221.73, 5241
1223.41, 5240
1225, 5239
1233.73, 5238
1236, 5237
1241.12, 5236
1244.29, 5235
1248.18, 5234
1250.57, 5233
1251.39, 5232
1257.68, 5231
1258.46, 5230
1271.51, 5229
1272.17, 5228
1272.99, 5227
1273.85, 5226
1280.96, 5225
1283.28, 5224
1284.01, 5223
1286.21, 5222
1299.44, 5221
1303.68, 5220
1306.99, 5219
1317.65, 5218
1320.02, 5217
1323.09, 5216
1323.91, 5215
1326.33, 5214
1327.19, 5213
1334.27, 5212
1335.69, 5211
1341.48, 5210
1342.17, 5209
1342.94, 5208
1344.68, 5207
1346.36, 5206
1352.79, 5205
1358.19, 5204
1361.39, 5203
1362.25, 5202
1364.28, 5201
1365.07, 5200
1369.14, 5199
1369.86, 5198
1371.26, 5197
1372.82, 5196
1375.39, 5195
1385.21, 5194
1388.48, 5193
1392.51, 5192
1393.23, 5191
1396.25, 5190
1398.71, 5189
1401.28, 5188
1403.84, 5187
1412.88, 5186
1414.52, 5185
1421.56, 5184
1422.33, 5183
1424.04, 5182
1433.66, 5181
1435.18, 5180
1438.39, 5179
1442.36, 5178
1448.27, 5177
1462.24, 5176
1463.07, 5175
1464.82, 5174
1466.44, 5173
1473.03, 5172
1477.26, 5171
1486.01, 5170
1488.43, 5169
1491.63, 5168
1492.51, 5167
1495, 5166
1498.9, 5165
1501.36, 5164
1503.88, 5163
1510.36, 5162
1512.77, 5161
1514.38, 5160
1518.64, 5159
1525.73, 5158
1528, 5157
1536.12, 5156
1542.43, 5155
1543.31, 5154
1545.81, 5153
1548.8, 5152
1550.45, 5151
1558.4, 5150
1560.91, 5149
1561.77, 5148
1568.24, 5147
1570.78, 5146
1576.45, 5145
1577.89, 5144
1579.28, 5143
1580.14, 5142
1583.95, 5141
1588.82, 5140
1591.95, 5139
1596.19, 5138
1598.58, 5137
1603.61, 5136
1604.38, 5135
1605.19, 5134
1605.96, 5133
1608.58, 5132
1609.41, 5131
1613.91, 5130
1615.69, 5129
1616.43, 5128
1618, 5127
1620.5, 5126
1634.31, 5125
1643.5, 5124
1645.07, 5123
1647.55, 5122
1650.02, 5121
1661.41, 5120
1672.06, 5119
1672.88, 5118
1675.32, 5117
1685.11, 5116
1685.89, 5115
1689.02, 5114
1692.3, 5113
1693.85, 5112
1697.07, 5111
1709.55, 5110
1710.42, 5109
1713.95, 5108
1715.68, 5107
1727.84, 5106
1730.21, 5105
1734.07, 5104
1750.86, 5103
1753.8, 5102
1755.54, 5101
1757.89, 5100
1765.12, 5099
1775.56, 5098
1776.4, 5097
1785.36, 5096
1792.69, 5095
1802.1, 5094
1810.89, 5093
1811.67, 5092
1812.55, 5091
1819.64, 5090
1822.2, 5089
1826.66, 5088
1829.23, 5087
1832.65, 5086
1843.68, 5085
1879.67, 5084
1881.93, 5083
1884.57, 5082
1890.4, 5081
1893.53, 5080
1899.36, 5079
1906.77, 5078
1910, 5077
1911.84, 5076
1919.25, 5075
1929.01, 5074
1931.47, 5073
1932.24, 5072
1932.96, 5071
1935.19, 5070
1936.11, 5069
1954.03, 5068
1967.4, 5067
1968.3, 5066
1969.88, 5065
1973.73, 5064
1976.34, 5063
1986.94, 5062
2003.02, 5061
2005.51, 5060
2007.02, 5059
2016.45, 5058
2021.96, 5057
2025.36, 5056
2027.8, 5055
2028.64, 5054
2031.14, 5053
2034.53, 5052
2039.28, 5051
2043.33, 5050
2045.75, 5049
2052.9, 5048
2057.69, 5047
2061.8, 5046
2068.31, 5045
2073.76, 5044
2077.08, 5043
2082.6, 5042
2084.31, 5041
2090.78, 5040
2092.22, 5039
2095.31, 5038
2110.88, 5037
2114.07, 5036
2114.92, 5035
2119.22, 5034
2124.92, 5033
2126.46, 5032
2132.73, 5031
2133.52, 5030
2143.79, 5029
2146.4, 5028
2150.56, 5027
2151.44, 5026
2153.14, 5025
2153.99, 5024
2202.35, 5023
2204.72, 5022
2205.43, 5021
2210.03, 5020
2210.68, 5019
2212.23, 5018
2217.81, 5017
2225.22, 5016
2229.19, 5015
2254.18, 5014
2261.62, 5013
2267.67, 5012
2269.95, 5011
2281.51, 5010
2282.3, 5009
2285.28, 5008
2288.56, 5007
2295.07, 5006
2305.14, 5005
2309.27, 5004
2311.73, 5003
2313.42, 5002
2319.34, 5001
2321.67, 5000
2322.55, 4999
2326, 4998
2328.45, 4997
2331.51, 4996
2334.17, 4995
2336.58, 4994
2337.36, 4993
2340.38, 4992
2344.24, 4991
2349.79, 4990
2357.24, 4989
2358.15, 4988
2373.35, 4987
2374.03, 4986
2378.31, 4985
2380, 4984
2381.55, 4983
2384.87, 4982
2385.66, 4981
2395.07, 4980
2399.87, 4979
2409.05, 4978
2429.01, 4977
2436.35, 4976
2439.58, 4975
2441.99, 4974
2444.44, 4973
2451.55, 4972
2453.12, 4971
2453.88, 4970
2456.32, 4969
2464.92, 4968
2473.44, 4967
2475.61, 4966
2480.52, 4965
2482.2, 4964
2492.05, 4963
2494.54, 4962
2498.6, 4961
2509.04, 4960
2519.48, 4959
2521.75, 4958
2523.28, 4957
2530.76, 4956
2533.77, 4955
2534.63, 4954
2541.47, 4953
2542.41, 4952
2546.09, 4951
2554.78, 4950
2560.6, 4949
2581.33, 4948
2600.23, 4947
2611.29, 4946
2617.83, 4945
2634.75, 4944
2636.39, 4943
2642.97, 4942
2643.54, 4941
2644.48, 4940
2653.38, 4939
2662.99, 4938
2664.5, 4937
2666.87, 4936
2671.42, 4935
2672.34, 4934
2690.33, 4933
2691.9, 4932
2695.24, 4931
2700.08, 4930
2707.75, 4929
2711.05, 4928
2713.5, 4927
2714.37, 4926
2728.49, 4925
2730.14, 4924
2736.62, 4923
2737.43, 4922
2740.45, 4921
2753.32, 4920
2761.13, 4919
2765.92, 4918
2775.46, 4917
2780.67, 4916
2787.08, 4915
2802.22, 4914
2804.82, 4913
2805.64, 4912
2806.45, 4911
2808.79, 4910
2811.83, 4909
2817.76, 4908
2829.98, 4907
2830.73, 4906
2839.19, 4905
2840.69, 4904
2852.87, 4903
2857.01, 4902
2862.46, 4901
2865.76, 4900
2873.76, 4899
2877.6, 4898
2880.89, 4897
2882.4, 4896
2886.44, 4895
2887.24, 4894
2890.31, 4893
2895.97, 4892
2899.7, 4891
2905.32, 4890
2906.15, 4889
2910.98, 4888
2919.8, 4887
2923.94, 4886
2924.74, 4885
2929.48, 4884
2936.24, 4883
2937.86, 4882
2943.42, 4881
2952.43, 4880
2953.94, 4879
2961.28, 4878
2965.34, 4877
2965.95, 4876
2966.75, 4875
2977.9, 4874
2988.54, 4873
2994.12, 4872
3002.37, 4871
3006.16, 4870
3015.11, 4869
3026.51, 4868
3034.99, 4867
3038.11, 4866
3039.66, 4865
3040.55, 4864
3057.98, 4863
3060.16, 4862
3069.93, 4861
3072.49, 4860
3091.66, 4859
3096.5, 4858
3105.73, 4857
3106.45, 4856
3115.74, 4855
3117.26, 4854
3126.33, 4853
3129.61, 4852
3130.9, 4851
3132.47, 4850
3133.32, 4849
3136.59, 4848
3138.24, 4847
3142.28, 4846
3148.4, 4845
3153.99, 4844
3158.79, 4843
3161.01, 4842
3161.78, 4841
3165.1, 4840
3174.53, 4839
3192.44, 4838
3193.23, 4837
3195.67, 4836
3201.81, 4835
3210.05, 4834
3211.67, 4833
3220.59, 4832
3226.72, 4831
3236.16, 4830
3238.3, 4829
3259.03, 4828
3270.19, 4827
3283.72, 4826
3294.8, 4825
3298.2, 4824
3302.07, 4823
3304.53, 4822
3313.58, 4821
3316.46, 4820
3332.71, 4819
3334.37, 4818
3350.2, 4817
3351.01, 4816
3351.88, 4815
3352.65, 4814
3367.74, 4813
3369.34, 4812
3377.55, 4811
3378.17, 4810
3381.8, 4809
3382.73, 4808
3389.41, 4807
3402.99, 4806
3413.12, 4805
3425.62, 4804
3427.79, 4803
3433.49, 4802
3435.08, 4801
3440.06, 4800
3449.23, 4799
3454.01, 4798
3456.4, 4797
3457.34, 4796
3458.09, 4795
3461.45, 4794
3464.6, 4793
3481.33, 4792
3482.15, 4791
3484.64, 4790
3497.3, 4789
3505.33, 4788
3508.07, 4787
3508.9, 4786
3511.38, 4785
3526.67, 4784
3533.2, 4783
3545.23, 4782
3551.86, 4781
3576.5, 4780
3600.06, 4779
