0.027169, 1223
0.068792, 1222
0.082617, 1221
0.151598, 1220
0.178634, 1219
0.211079, 1218
0.224625, 1217
0.292408, 1216
0.348005, 1215
0.457187, 1214
0.486361, 1213
0.668362, 1212
0.727796, 1211
0.743213, 1210
0.758048, 1209
0.773679, 1208
0.86293, 1207
0.87702, 1206
0.985045, 1205
0.999906, 1204
1.06263, 1203
1.07719, 1202
1.12455, 1201
1.15276, 1200
1.18198, 1199
1.2278, 1198
1.24192, 1197
1.25963, 1196
1.31657, 1195
1.3596, 1194
1.37402, 1193
1.38824, 1192
1.53374, 1191
1.56252, 1190
1.57734, 1189
1.63455, 1188
1.67739, 1187
1.70598, 1186
1.76611, 1185
1.7806, 1184
1.79494, 1183
2.06572, 1181
2.09557, 1180
2.14665, 1179
2.16216, 1178
2.20903, 1177
2.25598, 1176
2.31748, 1175
2.41454, 1174
2.43035, 1173
2.47915, 1172
2.65661, 1171
2.78548, 1170
2.82043, 1169
2.88038, 1168
2.92641, 1167
3.00051, 1166
3.04516, 1165
3.10853, 1164
3.13974, 1163
3.1706, 1162
3.18741, 1161
3.40861, 1160
3.52783, 1159
3.56228, 1158
3.57763, 1157
3.59395, 1156
3.62799, 1155
3.66014, 1154
3.67589, 1153
3.90124, 1152
3.91747, 1151
3.94956, 1150
3.96535, 1149
3.99811, 1148
4.01419, 1147
4.08041, 1146
4.09667, 1145
4.14663, 1144
4.22789, 1143
4.34125, 1142
4.358, 1141
4.37512, 1140
4.53456, 1139
4.56818, 1138
4.6825, 1137
4.74772, 1136
5.05743, 1135
5.07406, 1134
5.09023, 1133
5.18996, 1132
5.2211, 1131
5.43148, 1130
5.46349, 1129
5.48039, 1128
5.52896, 1127
5.61129, 1126
5.77611, 1125
5.85804, 1124
5.92257, 1123
5.93955, 1122
5.97088, 1121
6.00202, 1120
6.08237, 1119
6.14695, 1118
6.1634, 1117
6.17893, 1116
6.19448, 1115
6.20994, 1114
6.37243, 1113
6.48483, 1112
6.58498, 1111
6.65081, 1110
6.69841, 1109
6.71964, 1108
6.76616, 1107
6.80935, 1106
6.95363, 1105
7.00692, 1104
7.75282, 1103
7.82227, 1102
7.92161, 1101
7.95787, 1100
7.97336, 1099
7.99097, 1098
8.00661, 1097
8.04181, 1096
8.08871, 1095
8.22387, 1094
8.28573, 1093
8.43291, 1092
8.45352, 1091
8.60088, 1090
8.82102, 1089
8.84022, 1088
8.89333, 1087
8.94188, 1086
8.97454, 1085
9.00681, 1084
9.1701, 1083
9.23924, 1082
9.27409, 1081
9.6056, 1080
9.62224, 1079
9.8011, 1078
10.2188, 1077
10.2516, 1076
10.2833, 1075
10.366, 1074
10.5373, 1073
10.553, 1072
10.6381, 1071
10.6709, 1070
10.6862, 1069
11.0074, 1068
11.0799, 1067
11.1329, 1066
11.5452, 1065
11.7971, 1064
11.8654, 1063
12.0737, 1062
12.121, 1061
12.153, 1060
12.2186, 1059
12.2674, 1058
12.3313, 1057
12.4797, 1056
12.8983, 1055
13.173, 1054
13.5445, 1053
13.5605, 1052
13.6076, 1051
13.7558, 1050
13.9058, 1049
14.236, 1048
14.4559, 1047
14.5209, 1046
15.1964, 1045
15.5174, 1044
15.5886, 1043
15.7594, 1042
15.9466, 1041
16.0154, 1040
16.3351, 1039
16.5356, 1038
16.5809, 1037
16.6719, 1036
16.7378, 1035
16.8468, 1034
16.9083, 1033
16.9983, 1032
17.1903, 1031
17.3765, 1030
17.5095, 1029
18.0116, 1028
18.3152, 1027
18.5719, 1026
18.6735, 1025
18.9265, 1024
19.0307, 1023
19.1491, 1022
19.7795, 1021
19.8308, 1020
20.1947, 1019
20.6157, 1018
20.6945, 1017
21.2588, 1016
22.0756, 1015
22.1704, 1014
22.4025, 1013
22.6079, 1012
23.0294, 1011
23.2011, 1010
23.237, 1009
23.4202, 1008
24.4352, 1007
24.664, 1006
24.8292, 1005
25.2038, 1004
26.1624, 1003
26.1962, 1002
26.7114, 1001
27.0597, 1000
27.134, 999
27.3679, 998
27.8479, 997
28.1824, 996
28.3869, 995
28.4958, 994
28.8814, 993
29.6619, 992
29.7463, 991
31.3998, 990
32.4159, 989
32.948, 988
33.089, 987
33.1192, 986
33.1828, 985
33.3902, 984
33.7753, 981
33.8848, 980
34.0142, 979
34.9975, 978
35.4558, 977
35.8315, 976
36.598, 975
36.8333, 974
36.9047, 973
36.9617, 972
37.0549, 971
37.2827, 970
37.433, 969
37.6258, 968
37.8768, 967
38.3286, 966
38.4808, 965
38.758, 964
38.8253, 963
39.2646, 962
39.2986, 961
39.725, 960
39.8911, 959
41.0223, 958
42.2214, 957
42.5775, 956
42.8679, 955
42.9488, 954
44.2951, 953
44.6575, 952
44.7634, 951
44.9309, 950
45.101, 949
45.3135, 948
46.2523, 947
46.6103, 946
46.9464, 945
47.309, 944
50.6904, 943
50.9048, 942
51.2294, 941
51.5786, 940
52.3413, 939
52.5012, 937
53.9007, 936
54.5662, 935
55.868, 934
55.9163, 933
56.4318, 932
56.5819, 931
56.7043, 930
57.6798, 929
62.0876, 928
62.7262, 927
64.7609, 926
64.8207, 925
67.8474, 924
68.8726, 923
69.5354, 922
71.348, 921
72.1529, 920
75.0045, 919
77.1182, 918
78.3787, 917
81.588, 916
88.4207, 915
88.4493, 914
93.614, 913
99.684, 912
100.907, 911
101.691, 910
104.414, 909
110.425, 908
111.7, 907
112.564, 906
112.684, 905
141.184, 904
144.941, 903
154.837, 902
158.466, 901
159.185, 900
209.218, 899
