0.093116,3735
0.232813,3734
0.512049,3733
0.642229,3732
1.32558,3731
2.41983,3730
2.55206,3729
2.68799,3728
2.83323,3727
3.09436,3726
3.23416,3725
3.3709,3724
3.50654,3723
3.76861,3722
3.90273,3721
4.17592,3720
6.22206,3719
6.36218,3718
6.50471,3717
6.63601,3716
7.04039,3715
7.1794,3714
7.44601,3713
8.13344,3712
8.40922,3711
8.84074,3710
9.11334,3709
9.25247,3708
9.38797,3707
9.53011,3706
9.79824,3705
9.93795,3704
10.0779,3703
10.4987,3702
11.0436,3701
11.4445,3700
11.7244,3699
11.8629,3698
11.9994,3697
12.1332,3696
12.2684,3695
12.4081,3694
12.5459,3693
13.2227,3692
13.4928,3691
13.6266,3690
13.8907,3689
14.7046,3688
14.8382,3687
14.9703,3686
15.2461,3685
15.3839,3684
15.7985,3683
15.9354,3682
16.0763,3681
16.3535,3680
16.4904,3679
16.6296,3678
16.897,3677
17.1732,3676
17.31,3675
17.5875,3674
17.7279,3673
18.8302,3672
21.0061,3671
21.6966,3670
21.9824,3669
22.1176,3668
22.2503,3667
22.3818,3666
22.5183,3665
22.6521,3664
23.0603,3663
23.4841,3662
23.6142,3661
23.8761,3660
24.0119,3659
24.451,3658
24.584,3657
24.9931,3656
25.5331,3655
25.8127,3654
27.1165,3653
27.4977,3652
27.6892,3651
28.0403,3650
28.2164,3649
28.3763,3648
29.2393,3647
29.5402,3646
29.8482,3645
30.1415,3644
31.4237,3643
32.1329,3642
32.7021,3641
32.8439,3640
32.9869,3639
33.4377,3638
33.5837,3637
33.7297,3636
33.87,3635
34.1443,3634
34.437,3633
35.0054,3632
35.578,3631
35.7189,3630
35.8597,3629
36.138,3628
36.2725,3627
36.8254,3626
36.9693,3625
37.3855,3624
37.5228,3623
38.4843,3622
38.6359,3621
38.7718,3620
39.0465,3619
39.1893,3618
39.4612,3617
39.6025,3616
40.3177,3615
40.7289,3614
41.1463,3613
41.2918,3612
41.4363,3611
41.714,3610
41.8588,3609
42.1346,3608
42.2817,3607
42.4263,3606
42.8407,3605
42.9737,3604
43.2708,3603
43.5612,3602
43.7006,3601
43.8428,3600
43.9852,3599
45.1034,3598
45.2395,3597
45.529,3596
46.0996,3595
46.8249,3594
47.9602,3593
48.1023,3592
48.5101,3591
49.0551,3590
49.3454,3589
49.7638,3588
50.0445,3587
50.325,3586
50.6092,3585
50.8878,3584
51.1638,3583
51.4456,3582
52.3173,3581
53.0146,3580
53.4398,3579
53.5781,3578
54.0052,3577
54.1369,3576
54.4136,3575
54.5594,3574
54.6971,3573
54.8417,3572
55.1113,3571
55.2517,3570
55.6717,3569
56.0964,3568
56.3802,3567
56.5212,3566
56.7956,3565
56.9369,3564
57.2206,3563
57.7816,3562
58.059,3561
58.3378,3560
58.616,3559
59.0303,3558
59.3139,3557
59.5803,3556
59.7198,3555
60.1379,3554
60.4105,3553
60.5563,3552
60.6954,3551
61.2449,3550
61.3864,3549
62.2406,3548
62.5136,3547
62.8114,3546
62.9476,3545
63.226,3544
63.7711,3543
63.9051,3542
64.0477,3541
64.3304,3540
64.4697,3539
65.169,3538
65.6,3537
65.8802,3536
67.0009,3535
67.1465,3534
67.5759,3533
68.4152,3532
68.5518,3531
68.9752,3530
69.2499,3529
69.9587,3528
70.23,3527
70.655,3526
71.6423,3525
72.4896,3524
73.045,3523
73.3226,3522
73.8937,3521
74.7416,3520
75.0174,3519
75.4412,3518
75.7172,3517
77.1078,3516
77.2549,3515
77.3997,3514
77.6927,3513
77.9815,3512
78.4168,3511
78.5632,3510
78.8441,3509
78.9915,3508
79.4255,3507
79.5785,3506
79.7244,3505
80.3211,3504
80.4659,3503
80.6155,3502
81.0527,3501
81.1947,3500
81.5048,3499
82.2552,3498
82.7056,3497
83.4854,3496
83.6364,3495
84.2244,3494
84.5189,3493
84.8229,3492
85.1324,3491
85.2851,3490
85.9065,3489
86.2143,3488
86.9528,3487
87.3837,3486
87.5244,3485
88.0911,3484
88.2353,3483
89.2609,3482
89.4085,3481
89.8471,3480
90.4172,3479
90.5608,3478
91.1268,3477
91.4245,3476
92.4339,3475
93.5972,3474
95.4539,3473
95.8914,3472
96.7753,3471
97.2014,3470
97.9264,3469
98.069,3468
98.3496,3467
98.4893,3466
99.7807,3465
100.783,3464
102.08,3463
102.233,3462
102.513,3461
103.098,3460
104.131,3459
104.578,3458
105.016,3457
105.458,3456
105.601,3455
106.038,3454
106.328,3453
107.21,3452
107.355,3451
108.217,3450
109.818,3449
110.549,3448
110.696,3447
110.976,3446
112.636,3445
113.397,3444
113.838,3443
113.985,3442
114.564,3441
115.139,3440
115.555,3439
115.848,3438
116.131,3437
116.598,3436
116.758,3435
117.816,3434
118.106,3433
118.397,3432
118.833,3431
118.976,3430
120.154,3429
121.305,3428
121.875,3427
122.159,3426
122.741,3425
123.745,3424
124.899,3423
125.62,3422
125.76,3421
126.35,3420
126.64,3419
126.778,3418
127.217,3417
127.506,3416
127.939,3415
128.223,3414
128.362,3413
128.937,3412
129.661,3411
129.799,3410
130.096,3409
130.395,3408
130.545,3407
132.877,3406
133.576,3405
134.584,3404
135.644,3403
136.673,3402
138.616,3401
139.042,3400
139.842,3399
140.299,3398
140.45,3397
141.534,3396
142.125,3395
142.414,3394
142.561,3393
143.165,3392
143.315,3391
144.51,3390
146.837,3389
147.742,3388
147.893,3387
148.035,3386
148.332,3385
148.478,3384
148.771,3383
149.197,3382
149.92,3381
150.065,3380
150.808,3379
151.245,3378
151.53,3377
152.702,3376
152.854,3375
154.316,3374
155.045,3373
155.345,3372
156.395,3371
156.693,3370
156.987,3369
157.283,3368
159.245,3367
159.412,3366
159.563,3365
159.867,3364
160.021,3363
160.323,3362
161.383,3361
161.544,3360
162.141,3359
162.59,3358
162.735,3357
163.479,3356
163.924,3355
164.071,3354
164.808,3353
165.104,3352
165.827,3351
165.977,3350
166.123,3349
166.277,3348
166.577,3347
167.465,3346
168.06,3345
168.203,3344
168.506,3343
168.657,3342
168.802,3341
169.267,3340
169.565,3339
169.714,3338
170.013,3337
170.165,3336
170.605,3335
171.497,3334
171.644,3333
171.935,3332
172.717,3331
173.196,3330
173.352,3329
173.811,3328
174.118,3327
174.766,3326
174.915,3325
175.205,3324
176.105,3323
176.399,3322
176.699,3321
176.999,3320
177.907,3319
179.264,3318
179.569,3317
180.009,3316
180.162,3315
180.765,3314
180.922,3313
181.967,3312
183.016,3311
183.163,3310
184.199,3309
185.537,3308
185.688,3307
186.288,3306
186.875,3305
187.468,3304
188.543,3303
189.271,3302
191.042,3301
191.344,3300
191.796,3299
191.935,3298
192.083,3297
192.409,3296
192.565,3295
192.733,3294
193.041,3293
193.341,3292
194.253,3291
194.407,3290
194.705,3289
195.67,3288
195.831,3287
196.458,3286
196.768,3285
198.559,3284
199.157,3283
199.308,3282
199.602,3281
200.514,3280
200.661,3279
201.312,3278
201.916,3277
203.127,3276
203.58,3275
203.73,3274
203.883,3273
204.627,3272
205.678,3271
205.824,3270
206.412,3269
207.004,3268
207.448,3267
208.944,3266
209.098,3265
209.688,3264
209.99,3263
210.14,3262
210.587,3261
210.73,3260
211.313,3259
211.754,3258
211.9,3257
212.051,3256
212.643,3255
212.956,3254
213.704,3253
215.213,3252
216.157,3251
216.597,3250
216.743,3249
216.884,3248
218.208,3247
219.385,3246
219.532,3245
220.118,3244
220.269,3243
220.416,3242
220.558,3241
220.863,3240
221.012,3239
222.046,3238
223.247,3237
223.544,3236
224.147,3235
224.597,3234
225.197,3233
225.64,3232
226.228,3231
226.521,3230
228.151,3229
229.191,3228
229.341,3227
229.486,3226
230.539,3225
230.835,3224
230.983,3223
231.42,3222
231.853,3221
231.996,3220
232.138,3219
232.289,3218
235.852,3217
236.292,3216
237.461,3215
237.751,3214
238.459,3213
239.028,3212
239.77,3211
240.956,3210
241.414,3209
241.856,3208
243.025,3207
243.84,3206
243.995,3205
244.295,3204
244.764,3203
249.42,3202
249.573,3201
249.868,3200
250.165,3199
252.248,3198
254.944,3197
255.404,3196
255.848,3195
256.136,3194
256.442,3193
257.49,3192
257.637,3191
259.792,3190
261.146,3189
261.446,3188
262.043,3187
263.082,3186
263.682,3185
264.631,3184
264.784,3183
264.934,3182
265.08,3181
265.511,3180
265.814,3179
266.106,3178
266.255,3177
266.837,3176
268.036,3175
269.997,3174
271.026,3173
272.348,3172
272.633,3171
274.59,3170
275.822,3169
276.41,3168
276.705,3167
278.485,3166
279.065,3165
280.125,3164
280.456,3163
280.609,3162
280.76,3161
281.938,3160
283.391,3159
283.534,3158
284.287,3157
284.731,3156
285.376,3155
286.261,3154
286.409,3153
287.01,3152
287.312,3151
288.057,3150
288.204,3149
288.356,3148
290.463,3147
291.062,3146
291.373,3145
291.81,3144
293.283,3143
295.212,3142
296.693,3141
297.141,3140
298.229,3139
299.572,3138
300.607,3137
301.2,3136
301.959,3135
302.254,3134
303.008,3133
304.975,3132
305.412,3131
306.628,3130
308.434,3129
309.328,3128
310.682,3127
311.12,3126
311.566,3125
314.393,3124
314.541,3123
314.842,3122
315.591,3121
316.326,3120
316.473,3119
319.043,3118
321.201,3117
321.965,3116
322.868,3115
324.205,3114
324.648,3113
325.256,3112
325.417,3111
325.589,3110
325.744,3109
328.102,3108
328.684,3107
329.276,3106
330.018,3105
330.174,3104
330.778,3103
331.799,3102
333.139,3101
334.18,3100
334.765,3099
335.359,3098
336.251,3097
337.209,3096
339.133,3095
340.795,3094
341.398,3093
341.687,3092
341.988,3091
343.23,3090
343.425,3089
347.608,3088
348.044,3087
349.529,3086
351.299,3085
351.604,3084
351.896,3083
353.375,3082
355.147,3081
356.66,3080
356.948,3079
358.635,3078
359.077,3077
362.973,3076
363.142,3075
363.435,3074
365.06,3073
366.526,3072
366.818,3071
367.112,3070
367.702,3069
368.643,3068
369.534,3067
370.721,3066
371.316,3065
371.754,3064
372.661,3063
373.597,3062
375.805,3061
375.963,3060
377.139,3059
378.232,3058
379.112,3057
379.411,3056
381.184,3055
381.924,3054
382.074,3053
382.521,3052
383.995,3051
384.885,3050
385.326,3049
386.478,3048
386.623,3047
388.511,3046
388.656,3045
388.952,3044
389.254,3043
390.32,3042
391.698,3041
392.445,3040
393.827,3039
393.972,3038
394.275,3037
396.638,3036
396.788,3035
397.526,3034
398.247,3033
399.401,3032
400.3,3031
405.187,3030
406.041,3029
406.759,3028
407.328,3027
408.73,3026
411.613,3025
411.769,3024
412.062,3023
412.363,3022
413.688,3021
415.152,3020
415.746,3019
416.031,3018
417.07,3017
417.811,3016
419.292,3015
420.525,3014
420.809,3013
421.553,3012
421.848,3011
422.734,3010
423.189,3009
425.072,3008
425.941,3007
426.378,3006
426.823,3005
427.422,3004
427.99,3003
428.738,3002
429.186,3001
431.838,3000
432.286,2999
433.921,2998
434.214,2997
436.377,2996
437.398,2995
438.716,2994
440.468,2993
441.655,2992
441.801,2991
443.245,2990
443.698,2989
444.878,2988
445.89,2987
447.213,2986
447.641,2985
448.077,2984
448.816,2983
449.429,2982
450.461,2981
452.238,2980
452.525,2979
453.408,2978
453.849,2977
454.295,2976
454.451,2975
456.071,2974
459.007,2973
460.202,2972
462.126,2971
466.322,2970
470.29,2969
472.302,2968
473.008,2967
473.432,2966
475.397,2965
475.54,2964
475.684,2963
476.416,2962
476.711,2961
477.586,2960
479.203,2959
480.066,2958
480.5,2957
481.089,2956
482.408,2955
482.549,2954
484.14,2953
485,2952
488.345,2951
489.652,2950
491.575,2949
492.44,2948
493.165,2947
493.321,2946
493.466,2945
494.044,2944
494.189,2943
494.636,2942
497.846,2941
498.44,2940
499.027,2939
499.47,2938
499.619,2937
501.936,2936
502.824,2935
504.147,2934
507.382,2933
507.816,2932
507.964,2931
508.978,2930
510.293,2929
511.468,2928
515.791,2927
516.372,2926
517.519,2925
518.118,2924
519.552,2923
521.176,2922
521.77,2920
522.67,2919
523.093,2918
524.151,2917
524.896,2916
527.409,2915
527.561,2914
528.153,2913
532.385,2912
535.826,2911
536.416,2910
537.552,2909
538.873,2908
540.787,2907
541.664,2906
541.96,2905
543.831,2904
545.134,2903
545.571,2902
545.72,2901
548.369,2900
549.243,2899
550.112,2898
550.682,2897
552.874,2896
553.021,2895
554.456,2894
554.602,2893
560.49,2892
561.733,2891
563.624,2890
566.01,2889
567.527,2888
567.691,2887
568.612,2886
572.781,2885
573.198,2884
575.33,2883
577.665,2882
579.504,2881
580.666,2880
582.56,2879
585.027,2878
585.758,2877
586.752,2876
586.895,2875
590.18,2874
590.319,2873
591.032,2872
591.471,2871
592.62,2870
595.344,2869
596.094,2868
596.951,2867
597.396,2866
597.708,2865
