1.22302,3735
2.64337,3734
3.20433,3733
3.34539,3732
3.48162,3731
3.62102,3730
3.75882,3729
3.9063,3728
4.04735,3727
4.46799,3726
4.88175,3725
5.16395,3724
5.30405,3723
5.44181,3722
5.86487,3721
6.14814,3720
6.29029,3719
6.42909,3718
7.7405,3717
7.88297,3716
8.02429,3715
8.17796,3714
8.32629,3713
8.618,3712
8.90153,3711
9.18872,3710
9.48347,3709
9.77925,3708
9.9156,3707
10.0611,3706
10.5026,3705
10.9435,3704
11.803,3703
12.0912,3702
13.8669,3701
14.0064,3700
14.1621,3699
15.3246,3698
15.4738,3697
15.754,3696
16.1972,3695
16.3465,3694
17.2091,3693
17.656,3692
17.9605,3691
18.108,3690
18.5475,3689
18.9872,3688
19.1332,3687
19.8546,3686
20.0032,3685
20.302,3684
20.4487,3683
20.5907,3682
20.8724,3681
21.1737,3680
22.7898,3679
22.9416,3678
23.09,3677
23.3843,3676
23.6745,3675
23.8228,3674
24.553,3673
25.4265,3672
26.2921,3671
26.433,3670
26.5801,3669
26.7328,3668
26.8853,3667
27.0349,3666
27.1749,3665
27.9245,3664
28.0671,3663
28.949,3662
29.3979,3661
29.5421,3660
29.9747,3659
30.4174,3658
30.573,3657
31.0075,3656
31.4412,3655
31.7398,3654
32.0352,3653
32.6334,3652
32.7808,3651
33.216,3650
33.5141,3649
33.8015,3648
33.9476,3647
34.2447,3646
34.539,3645
34.8297,3644
35.5722,3643
35.7108,3642
35.8574,3641
36.1517,3640
36.2927,3639
36.586,3638
37.0168,3637
37.3148,3636
37.4626,3635
37.7468,3634
37.8917,3633
38.4811,3632
38.6252,3631
39.6547,3630
40.3771,3629
40.5216,3628
40.9629,3627
41.5588,3626
41.8469,3625
41.987,3624
42.5731,3623
42.7169,3622
43.1449,3621
43.2862,3620
43.4381,3619
43.5797,3618
43.7253,3617
44.453,3616
44.7434,3615
45.761,3614
46.4808,3613
47.061,3612
47.498,3611
47.9536,3610
48.0968,3609
48.9906,3608
49.5995,3607
49.7476,3606
50.182,3605
50.333,3604
50.4801,3603
50.9193,3602
51.2136,3601
51.6509,3600
52.0864,3599
52.237,3598
52.3917,3597
52.6864,3596
52.8311,3595
53.129,3594
53.8735,3593
54.0256,3592
54.6023,3591
54.7498,3590
55.1907,3589
56.0694,3588
56.2117,3587
56.3617,3586
56.9538,3585
57.7037,3584
58.0061,3583
58.153,3582
58.5826,3581
58.8838,3580
59.1838,3579
59.7768,3578
61.8362,3577
62.8683,3576
63.0206,3575
63.6062,3574
63.7537,3573
63.9068,3572
64.201,3571
64.5049,3570
65.2406,3569
66.256,3568
67.007,3567
67.1572,3566
67.31,3565
67.6095,3564
67.7545,3563
67.8948,3562
68.0429,3561
68.4851,3560
69.3735,3559
69.9765,3558
70.4128,3557
71.3186,3556
71.4641,3555
71.7563,3554
72.0644,3553
72.3655,3552
73.853,3551
74.4455,3550
74.7326,3549
74.8957,3548
75.3337,3547
76.5288,3546
76.8312,3545
77.1222,3544
77.2675,3543
78.2928,3542
78.8828,3541
79.0312,3540
79.1828,3539
79.6331,3538
79.7783,3537
80.0674,3536
80.2233,3535
80.809,3534
81.2503,3533
81.6971,3532
82.302,3531
82.4482,3530
82.5933,3529
82.89,3528
83.1884,3527
83.334,3526
83.4817,3525
83.6329,3524
84.8568,3523
85.0022,3522
85.6081,3521
86.051,3520
86.3542,3519
86.5086,3518
86.9559,3517
87.698,3516
87.8512,3515
88.0062,3514
88.7596,3513
89.6477,3512
89.7956,3511
90.1072,3510
90.5503,3509
90.8424,3508
90.9931,3507
91.1456,3506
91.5916,3505
91.741,3504
91.891,3503
92.0405,3502
92.4881,3501
92.6337,3500
92.7835,3499
92.9301,3498
93.0888,3497
93.6881,3496
94.1293,3495
94.5734,3494
94.8674,3493
95.4552,3492
95.6025,3491
95.749,3490
96.205,3489
96.3527,3488
97.2516,3487
97.6939,3486
97.8397,3485
97.9891,3484
98.7177,3483
98.8648,3482
99.3199,3481
99.616,3480
99.9118,3479
100.058,3478
100.644,3477
101.083,3476
101.532,3475
101.678,3474
101.979,3473
102.284,3472
103.333,3471
104.077,3470
105.717,3469
106.91,3468
107.063,3467
107.207,3466
107.96,3465
108.11,3464
108.408,3463
109.629,3462
109.775,3461
109.921,3460
110.07,3459
110.816,3458
110.962,3457
111.859,3456
112.008,3455
112.153,3454
112.304,3453
112.757,3452
112.905,3451
113.361,3450
113.653,3449
113.964,3448
114.56,3447
115.014,3446
115.46,3445
117.109,3444
117.546,3443
118.131,3442
118.277,3441
119.48,3440
119.773,3439
120.364,3438
120.651,3437
120.793,3436
120.938,3435
121.805,3434
122.811,3433
123.094,3432
123.233,3431
123.373,3430
123.514,3429
124.077,3428
124.693,3427
125.294,3426
125.47,3425
126.378,3424
126.522,3423
126.965,3422
127.276,3421
127.718,3420
129.052,3419
129.201,3418
129.502,3417
130.238,3416
130.396,3415
131,3414
131.596,3413
132.093,3412
132.394,3411
133.579,3410
134.022,3409
135.225,3408
135.505,3407
136.5,3406
137.055,3405
137.351,3404
137.924,3403
138.074,3402
138.778,3401
138.92,3400
139.063,3399
139.768,3398
140.369,3397
140.514,3396
140.952,3395
141.239,3394
141.556,3393
141.706,3392
142.012,3391
142.314,3390
142.757,3389
143.054,3388
143.95,3387
144.101,3386
144.4,3385
144.544,3384
144.836,3383
145.581,3382
145.722,3381
146.024,3380
146.301,3379
146.735,3378
147.031,3377
147.639,3376
147.787,3375
148.41,3374
148.596,3373
149.423,3372
149.876,3371
150.767,3370
151.091,3369
151.827,3368
152.873,3367
153.891,3366
154.189,3365
154.634,3364
154.774,3363
154.918,3362
155.063,3361
155.499,3360
156.086,3359
156.245,3358
157.139,3357
157.295,3356
158.951,3355
159.095,3354
159.394,3353
161.67,3352
162.603,3351
162.897,3350
163.633,3349
163.779,3348
165.252,3347
165.545,3346
166.288,3345
166.586,3344
167.757,3343
168.519,3342
168.662,3341
168.817,3340
169.413,3339
169.87,3338
170.015,3337
170.938,3336
171.534,3335
172.584,3334
173.024,3333
173.316,3332
174.094,3331
174.716,3330
174.872,3329
175.48,3328
175.964,3327
176.129,3326
176.451,3325
176.776,3324
177.242,3323
177.97,3322
178.434,3321
178.783,3320
179.144,3319
179.301,3318
179.757,3317
179.906,3316
180.05,3315
180.581,3314
180.915,3313
181.057,3312
181.208,3311
181.51,3310
181.949,3309
182.39,3308
182.537,3307
182.686,3306
183.419,3305
183.854,3304
184.149,3303
185.222,3302
185.514,3301
186.963,3300
187.124,3299
187.264,3298
187.543,3297
187.994,3296
188.425,3295
188.704,3294
190.449,3293
191.202,3292
192.642,3291
192.788,3290
193.15,3289
193.814,3288
193.96,3287
194.84,3286
195.142,3285
195.289,3284
196.782,3283
196.937,3282
197.831,3281
198.574,3280
198.721,3279
199.166,3278
199.308,3277
200.354,3276
200.503,3275
200.655,3274
203.365,3273
203.521,3272
204.23,3271
204.383,3270
205.267,3269
207.778,3268
208.065,3267
208.219,3266
209.122,3265
209.719,3264
210.019,3263
210.165,3262
210.464,3261
210.616,3260
211.212,3259
211.359,3258
211.505,3257
211.953,3256
212.404,3255
212.56,3254
213.317,3253
213.76,3252
214.821,3251
215.268,3250
216.15,3249
216.894,3248
218.402,3247
218.841,3246
219.131,3245
219.278,3244
219.421,3243
219.866,3242
220.318,3241
221.063,3240
221.805,3239
221.956,3238
222.095,3237
222.249,3236
222.708,3235
223.31,3234
223.897,3233
224.046,3232
225.247,3231
226.147,3230
226.888,3229
228.682,3228
228.979,3227
229.129,3226
229.275,3225
229.583,3224
229.884,3223
230.497,3222
231.68,3221
231.983,3220
233.324,3219
233.628,3218
234.703,3217
235.755,3216
236.672,3215
237.113,3214
237.553,3213
238.447,3212
238.595,3211
239.036,3210
240.248,3209
240.393,3208
240.691,3207
241.284,3206
241.88,3205
242.024,3204
242.173,3203
242.476,3202
242.777,3201
242.922,3200
244.391,3199
244.851,3198
246.328,3197
246.784,3196
246.931,3195
247.378,3194
249.151,3193
250.048,3192
250.198,3191
250.497,3190
250.644,3189
250.785,3188
253.033,3187
253.18,3186
253.93,3185
254.367,3184
256.726,3183
257.773,3182
258.078,3181
261.776,3180
262.212,3179
262.983,3178
264.777,3177
266.12,3176
267.174,3175
267.321,3174
268.514,3173
268.658,3172
269.845,3171
270.44,3170
270.886,3169
271.034,3168
271.923,3167
272.366,3166
272.507,3165
273.106,3164
273.708,3163
275.821,3162
276.422,3161
277.768,3160
278.064,3159
278.356,3158
278.505,3157
278.654,3156
278.8,3155
280.141,3154
280.442,3153
280.749,3152
280.902,3151
281.927,3150
282.671,3149
284.044,3148
284.193,3147
284.34,3146
284.939,3145
285.846,3144
286.586,3143
287.924,3142
288.074,3141
289.252,3140
289.405,3139
290.589,3138
291.04,3137
291.194,3136
291.348,3135
292.84,3134
295.206,3133
296.548,3132
296.851,3131
297.143,3130
297.292,3129
297.757,3128
297.902,3127
298.201,3126
298.349,3125
299.08,3124
299.535,3123
300.412,3122
300.994,3121
301.14,3120
302.203,3119
302.803,3118
303.686,3117
304.145,3116
304.297,3115
308.483,3114
308.781,3113
309.226,3112
309.812,3111
313.062,3110
314.245,3109
314.537,3108
316.165,3107
316.323,3106
320.021,3105
321.364,3104
322.697,3103
323.142,3102
323.427,3101
324.174,3100
324.322,3099
324.787,3098
325.098,3097
326.748,3096
327.189,3095
327.331,3094
327.773,3093
328.087,3092
328.52,3091
329.417,3090
330.464,3089
331.05,3088
332.292,3087
332.445,3086
332.59,3085
333.337,3084
336.385,3083
336.684,3082
336.982,3081
337.577,3080
338.518,3079
339.583,3078
339.899,3077
340.957,3076
341.983,3075
344.662,3074
345.41,3073
346.444,3072
347.328,3071
347.613,3070
347.768,3069
347.91,3068
349.855,3067
350.303,3066
351.191,3065
351.799,3064
355.931,3063
356.079,3062
356.525,3061
357.859,3060
358.605,3059
359.07,3058
359.531,3057
360.719,3056
362.46,3055
364.47,3054
366.286,3053
367.16,3052
368.049,3051
368.63,3050
368.926,3049
369.801,3048
370.252,3047
371.556,3046
372.137,3045
373.447,3044
373.599,3043
374.188,3042
374.482,3041
378.19,3040
379.07,3039
379.663,3038
379.812,3037
380.542,3036
380.834,3035
381.291,3034
381.88,3033
382.77,3032
383.226,3031
383.375,3030
384.268,3029
386.219,3028
386.363,3027
386.662,3026
387.85,3025
388.887,3024
390.696,3023
391.592,3021
391.74,3020
392.942,3019
393.528,3018
393.674,3017
394.871,3016
396.344,3015
396.938,3014
397.548,3013
398.973,3012
401.515,3011
401.811,3010
401.963,3009
403.461,3008
406.608,3007
407.352,3006
408.243,3005
410.029,3004
411.223,3003
412.986,3002
416.608,3001
417.643,3000
418.819,2999
419.114,2998
420.3,2997
421.548,2996
421.841,2995
423.916,2994
424.961,2993
425.837,2992
426.132,2991
426.281,2990
426.573,2989
427.304,2988
428.78,2987
429.521,2986
430.862,2985
432.64,2984
436.234,2983
436.975,2982
437.723,2981
437.89,2980
438.511,2979
438.935,2978
440.105,2977
440.724,2976
442.562,2975
442.71,2974
444.066,2973
445.279,2972
445.769,2971
446.497,2970
449.868,2969
450.522,2968
451.421,2967
451.712,2966
451.859,2965
452.445,2964
454.193,2963
454.937,2962
455.083,2961
455.514,2960
455.664,2959
455.811,2958
457.144,2957
457.726,2956
458.603,2955
459.615,2954
460.349,2953
460.791,2952
462.817,2951
466.292,2950
467.756,2949
470.518,2948
473.11,2947
473.983,2946
474.723,2945
474.866,2944
475.483,2943
475.625,2942
476.211,2941
476.501,2940
477.092,2939
478.4,2938
479.413,2937
479.997,2936
481.618,2935
481.913,2934
482.635,2933
483.816,2932
485.551,2931
485.841,2930
487.729,2929
495.845,2928
495.984,2927
496.125,2926
496.718,2925
497.726,2924
497.872,2923
498.305,2922
499.033,2921
499.336,2920
499.483,2919
499.624,2918
501.363,2917
502.957,2916
503.825,2915
504.982,2914
505.129,2912
505.414,2911
505.558,2910
506.728,2909
507.307,2908
508.742,2907
509.466,2906
509.607,2905
510.624,2904
511.07,2903
511.208,2902
515.565,2901
519.996,2900
520.429,2899
521.175,2898
521.471,2897
522.926,2896
523.505,2895
523.799,2894
524.81,2893
524.959,2892
525.961,2891
527.639,2890
529.921,2889
531.684,2888
532.728,2887
534.943,2886
535.377,2885
547.412,2884
551.554,2883
552.023,2882
557.246,2881
569.695,2880
572.621,2879
574.665,2878
577.147,2877
578.912,2876
584.523,2875
584.874,2874
585.221,2873
588.485,2872
589.142,2871
589.467,2870
589.634,2869
591.452,2868
