0.087226,3735
0.215139,3734
0.483963,3733
0.620282,3732
2.78284,3731
3.72648,3730
4.28277,3729
4.73459,3728
4.87374,3727
5.00851,3726
5.28811,3725
5.44798,3724
6.21625,3723
6.35787,3722
6.62964,3721
7.08017,3720
7.21269,3719
7.64803,3718
7.78743,3717
8.19239,3716
8.6354,3715
8.77859,3714
8.91687,3713
9.04903,3712
9.18954,3711
9.60788,3710
9.74253,3709
10.186,3708
10.3264,3707
10.6229,3706
11.0701,3705
11.3511,3704
11.4835,3703
11.6235,3702
12.3085,3701
12.4483,3700
12.5867,3699
12.7277,3698
13.0053,3697
13.1477,3696
13.2821,3695
13.4261,3694
13.5657,3693
13.8616,3692
14.2881,3691
15.372,3690
15.6433,3689
16.4992,3688
17.051,3687
17.1884,3686
18.1763,3685
18.6376,3684
18.7735,3683
19.084,3682
19.3667,3681
19.6452,3680
19.9242,3679
20.072,3678
20.3538,3677
20.947,3676
21.0836,3675
21.2221,3674
21.3681,3673
21.5066,3672
21.7855,3671
21.9219,3670
22.4668,3669
22.6099,3668
23.8558,3667
23.9906,3666
24.2642,3665
27.1246,3664
27.4236,3663
28.2074,3662
28.6793,3661
28.8241,3660
29.5677,3659
29.7032,3658
30.1296,3657
30.8186,3656
31.283,3655
31.4448,3654
31.6022,3653
32.19,3652
32.327,3651
32.4677,3650
33.0313,3649
33.299,3648
33.8679,3647
34.0215,3646
34.1741,3645
34.3156,3644
34.8844,3643
35.1965,3642
35.6109,3641
36.6261,3640
36.7706,3639
37.0805,3638
37.3854,3637
37.5455,3636
37.9779,3635
38.1366,3634
38.2731,3633
38.4128,3632
38.5495,3631
38.9794,3630
41.3098,3629
41.8724,3628
42.9706,3627
43.4381,3626
43.8527,3625
44.0133,3624
44.4407,3623
44.8652,3622
45.1373,3621
45.4163,3620
46.2498,3619
46.3937,3618
46.8152,3617
47.2864,3616
47.4447,3615
47.588,3614
48.4466,3613
48.5894,3612
48.8692,3611
49.0052,3610
49.2877,3609
49.4224,3608
49.7104,3607
50.742,3606
51.0372,3605
51.1782,3604
51.472,3603
52.2066,3602
53.0466,3601
53.4806,3600
54.0383,3599
54.303,3598
54.5659,3597
54.7148,3596
55.0219,3595
55.3071,3594
56.1819,3593
56.3238,3592
56.7349,3591
57.4451,3590
57.5819,3589
57.7246,3588
57.8592,3587
57.9903,3586
58.1212,3585
58.6654,3584
59.3329,3583
59.4664,3582
60.0034,3581
60.1358,3580
61.0832,3579
61.3531,3578
61.6233,3577
62.2993,3576
62.4341,3575
62.7021,3574
63.1034,3573
63.2458,3572
63.643,3571
63.7753,3570
63.9112,3569
64.1755,3568
64.4403,3567
65.3812,3566
65.6538,3565
66.063,3564
66.4767,3563
67.163,3562
67.2973,3561
67.4342,3560
67.5787,3559
67.7153,3558
68.1201,3557
68.3982,3556
68.5313,3555
69.2071,3554
69.3393,3553
70.0217,3552
70.2899,3551
70.4328,3550
70.5717,3549
70.9731,3548
71.1125,3547
71.6654,3546
71.799,3545
72.0699,3544
72.3493,3543
72.7551,3542
74.1285,3541
74.5506,3540
74.683,3539
75.0824,3538
75.2232,3537
75.3629,3536
75.648,3535
75.9144,3534
76.0472,3533
76.1811,3532
76.9969,3531
77.2747,3530
77.8309,3529
77.9695,3528
78.2449,3527
78.3794,3526
78.7881,3525
79.0619,3524
79.204,3523
79.7587,3522
80.0237,3521
80.1625,3520
81.9244,3519
82.338,3518
82.4708,3517
82.7398,3516
83.2929,3515
83.865,3514
84.2787,3513
85.0661,3512
85.3769,3511
85.5395,3510
85.7133,3509
86.154,3508
86.7278,3507
87.1835,3506
88.4036,3505
88.5655,3504
88.8652,3503
89.1557,3502
89.7413,3501
90.0086,3500
90.5435,3499
90.6842,3498
90.8335,3497
90.9801,3496
91.1321,3495
92.2321,3494
92.5123,3493
92.7847,3492
92.9181,3491
93.3313,3490
93.6112,3489
94.4289,3488
94.5683,3487
94.9714,3486
95.5194,3485
95.8103,3484
95.9438,3483
96.6382,3482
96.9206,3481
97.1997,3480
97.3394,3479
97.4795,3478
98.0271,3477
100.091,3476
100.379,3475
100.658,3474
100.93,3473
101.201,3472
101.738,3471
101.871,3470
102.008,3469
102.142,3468
102.84,3467
103.112,3466
103.923,3465
104.203,3464
105.717,3463
106.001,3462
106.552,3461
106.692,3460
107.251,3459
107.531,3458
108.211,3457
108.632,3456
108.898,3455
109.039,3454
110.021,3453
111.256,3452
111.395,3451
111.667,3450
111.94,3449
112.348,3448
112.488,3447
112.758,3446
112.892,3445
113.709,3444
113.845,3443
113.978,3442
114.112,3441
114.25,3440
114.799,3439
115.081,3438
115.357,3437
115.491,3436
116.713,3435
116.851,3434
117.124,3433
117.398,3432
117.809,3431
118.219,3430
118.638,3429
119.454,3428
119.857,3427
121.379,3426
121.778,3425
122.051,3424
122.19,3423
122.478,3422
122.621,3421
123.162,3420
123.301,3419
124.39,3418
124.664,3417
125.083,3416
125.356,3415
126.225,3414
126.371,3413
126.816,3412
126.962,3411
127.235,3410
127.369,3409
128.215,3408
128.359,3407
128.646,3406
130.186,3405
130.329,3404
130.895,3403
131.599,3402
131.873,3401
132.019,3400
132.157,3399
132.291,3398
132.572,3397
133.704,3396
133.845,3395
133.988,3394
134.256,3393
134.658,3392
135.484,3391
135.621,3390
135.888,3389
136.028,3388
136.162,3387
136.296,3386
136.706,3385
136.844,3384
137.395,3383
137.67,3382
138.372,3381
139.666,3380
140.24,3379
140.53,3378
140.664,3377
140.805,3376
141.085,3375
141.76,3374
141.894,3373
143.412,3372
144.186,3371
144.617,3370
145.578,3369
146.475,3368
146.763,3367
148.523,3366
148.686,3365
148.843,3364
148.997,3363
149.425,3362
150.049,3361
150.48,3360
150.771,3359
152.039,3358
152.319,3357
152.469,3356
152.762,3355
153.534,3354
153.823,3353
154.827,3352
155.131,3351
157.979,3350
158.703,3349
160.501,3348
161.93,3347
162.211,3346
162.498,3345
163.055,3344
166.917,3343
167.211,3342
167.348,3341
168.181,3340
168.319,3339
168.744,3338
169.027,3337
169.918,3336
170.486,3335
170.766,3334
171.501,3333
172.547,3332
172.973,3331
173.553,3330
174.017,3329
174.162,3328
174.452,3327
174.606,3326
174.911,3325
175.332,3324
175.649,3323
175.96,3322
176.107,3321
176.679,3320
176.97,3319
177.248,3318
177.527,3317
177.816,3316
178.733,3315
179.041,3314
179.184,3313
181.761,3312
183.298,3311
183.585,3310
183.877,3309
184.024,3308
184.184,3307
184.349,3306
184.991,3305
186.039,3304
186.782,3303
187.65,3302
187.931,3301
188.674,3300
189.39,3299
189.865,3298
190.302,3297
190.619,3296
190.782,3295
191.642,3294
192.114,3293
192.408,3292
192.849,3291
193.125,3290
193.275,3289
193.721,3288
193.882,3287
194.513,3286
194.975,3285
195.264,3284
196.415,3283
196.83,3282
197.746,3281
198.337,3280
199.227,3279
199.55,3278
199.692,3277
199.84,3276
200.715,3275
201.428,3274
201.856,3273
201.998,3272
203.556,3271
204.249,3270
204.999,3269
206.392,3268
206.96,3267
207.518,3266
207.792,3265
207.93,3264
208.064,3263
209.216,3262
209.49,3261
209.905,3260
210.324,3259
210.87,3258
211.559,3257
211.7,3256
211.834,3255
211.969,3254
212.648,3253
213.334,3252
213.478,3251
214.153,3250
214.436,3249
214.571,3248
214.853,3247
214.999,3246
215.146,3245
215.878,3244
216.452,3243
217.015,3241
218.561,3240
218.698,3239
219.099,3238
219.503,3237
219.783,3236
220.485,3235
222.855,3234
223.853,3233
224.279,3232
225.299,3231
225.46,3230
225.735,3229
226.306,3228
227.02,3227
228.17,3226
228.311,3225
228.453,3224
229.309,3223
230.189,3222
231.345,3221
231.617,3220
231.752,3219
232.31,3218
232.581,3217
232.716,3216
232.856,3215
233.4,3214
233.54,3213
233.821,3212
234.377,3211
235.195,3210
235.617,3209
235.907,3208
236.337,3207
236.483,3206
236.622,3205
237.647,3204
237.944,3203
239.767,3202
240.397,3201
240.853,3200
241.721,3199
241.994,3198
242.556,3197
242.857,3196
243.439,3195
245.507,3194
245.651,3193
246.104,3192
246.797,3191
247.072,3190
247.756,3189
248.854,3188
249.537,3187
249.81,3186
250.104,3185
250.938,3184
251.753,3183
252.291,3182
252.425,3181
252.701,3180
252.984,3179
253.797,3178
254.345,3177
255.15,3176
256.261,3175
257.434,3174
257.715,3173
258.911,3172
259.067,3171
259.22,3170
259.82,3169
259.973,3168
261.751,3167
263.19,3166
263.629,3165
264.19,3164
265.602,3163
266.648,3162
268.821,3161
268.961,3160
269.101,3159
270.245,3158
272.524,3157
273.511,3156
275.297,3155
275.733,3154
276.988,3153
278.567,3152
279.551,3151
279.692,3150
279.98,3149
280.128,3148
280.416,3147
280.687,3146
282.677,3145
284.121,3144
284.409,3143
286.403,3142
286.691,3141
288.837,3140
290.271,3139
291.111,3138
291.953,3137
293.843,3136
294.135,3135
294.415,3134
294.551,3133
294.835,3132
295.268,3131
295.41,3130
296.816,3129
296.954,3128
297.383,3127
297.951,3126
298.089,3125
302.695,3124
303.517,3123
304.335,3122
305.041,3121
308.648,3120
309.084,3119
309.817,3118
310.122,3117
311.005,3116
311.158,3115
311.436,3114
311.709,3113
312.689,3112
313.378,3111
314.334,3110
315.017,3109
315.432,3108
315.706,3107
315.976,3106
316.385,3105
316.8,3104
316.935,3103
317.887,3102
318.831,3101
319.671,3100
319.94,3099
320.08,3098
321.032,3097
323.077,3096
323.48,3095
324.035,3094
324.437,3093
325.403,3092
326.227,3091
327.864,3090
328.417,3089
329.247,3088
329.802,3087
330.083,3086
330.356,3085
331.044,3084
331.178,3083
331.869,3082
332.141,3081
333.23,3080
333.517,3079
334.078,3078
334.479,3077
334.617,3076
334.89,3075
335.7,3074
336.518,3073
336.789,3072
337.339,3071
337.482,3070
338.429,3069
338.7,3068
339.371,3067
339.915,3066
340.724,3065
341.686,3064
341.955,3063
342.359,3062
342.625,3061
343.162,3060
343.434,3059
344.114,3058
345.194,3057
345.735,3056
348.742,3055
349.419,3054
350.117,3053
350.92,3052
351.599,3051
352.275,3050
352.409,3049
353.503,3048
353.769,3047
353.903,3046
355.26,3045
355.935,3044
356.069,3043
356.34,3042
358.51,3041
358.644,3040
359.327,3039
360.14,3038
361.22,3037
362.573,3036
363.935,3035
364.897,3034
365.3,3033
365.98,3031
367.744,3030
368.287,3029
369.627,3028
373.444,3027
376.438,3026
377.109,3025
377.641,3024
377.777,3023
379.271,3022
380.616,3021
381.026,3020
383.062,3019
383.337,3018
383.877,3017
384.29,3016
384.422,3015
385.642,3014
385.913,3013
386.05,3012
386.453,3011
388.888,3010
389.294,3009
390.662,3008
392.155,3007
392.964,3006
393.096,3005
394.307,3004
395.548,3003
396.774,3002
397.447,3001
397.98,3000
399.051,2999
399.182,2998
401.509,2997
402.056,2996
402.327,2995
402.463,2994
403.143,2993
405.454,2992
407.612,2991
412.455,2990
412.992,2989
414.62,2988
415.561,2987
416.238,2986
418.797,2985
419.331,2984
420.662,2983
422.153,2982
424.195,2981
424.591,2980
424.995,2979
427.445,2978
429.111,2977
429.393,2976
430.113,2975
431.789,2973
432.187,2972
432.324,2971
433.538,2970
433.68,2969
435.999,2968
436.4,2967
437.079,2966
438.421,2965
439.85,2964
440.956,2963
441.369,2962
441.784,2961
443.3,2960
446.313,2959
447.267,2957
448.614,2956
449.012,2955
450.375,2954
450.907,2953
451.978,2952
453.45,2951
455.53,2950
457.239,2949
463.966,2948
464.63,2947
466.014,2946
467.859,2945
469.88,2944
471.227,2943
473.078,2942
475.015,2941
476.523,2940
476.956,2939
477.402,2938
477.577,2937
478.365,2936
480.387,2935
481.842,2934
482.731,2933
484.955,2932
488.004,2931
489.58,2930
489.858,2929
489.993,2928
491.707,2927
493,2926
493.349,2925
494.593,2924
495.225,2923
496.955,2922
499.389,2921
501.277,2920
501.42,2919
505.759,2918
507.08,2917
508.096,2916
508.67,2915
509.395,2914
509.99,2913
510.442,2912
511.31,2911
514.925,2910
515.208,2909
515.916,2908
516.207,2907
517.558,2906
518.038,2905
518.469,2904
519.196,2903
519.626,2902
519.771,2901
520.363,2900
521.986,2899
522.949,2898
523.094,2897
526.377,2896
527.241,2895
527.584,2894
528.884,2893
531.904,2892
534.483,2891
534.909,2890
535.192,2889
536.549,2888
536.691,2887
536.854,2886
541.06,2885
543.746,2884
544.052,2883
550.753,2882
551.191,2881
552.485,2880
557.552,2879
558.005,2878
559.312,2877
560.771,2876
562.202,2875
563.662,2874
565.395,2873
566.095,2872
566.681,2871
566.968,2870
567.11,2869
569.852,2868
570.296,2867
575.518,2866
575.661,2865
578.383,2864
580.995,2863
581.843,2862
582.271,2861
584.024,2860
585.901,2859
587.347,2858
587.643,2857
587.782,2856
590.362,2855
591.372,2854
592.523,2853
594.135,2852
595.132,2851
596.706,2850
598.415,2849
599.007,2848
599.435,2847
