2.48511,3735
2.75985,3734
3.17744,3733
3.31603,3732
3.73753,3731
4.0268,3730
4.17066,3729
6.12885,3728
6.26738,3727
7.54222,3726
7.8288,3725
7.96667,3724
8.68009,3723
8.96492,3722
9.10898,3721
9.24709,3720
9.38941,3719
9.5354,3718
9.95746,3717
10.0996,3716
10.2436,3715
10.3935,3714
11.2602,3713
11.4076,3712
12.5931,3711
13.0337,3710
13.477,3709
13.7685,3708
14.0485,3707
14.6193,3706
14.7598,3705
16.3194,3704
17.0587,3703
17.3478,3702
17.4921,3701
18.6191,3700
21.636,3699
21.929,3698
22.0731,3697
22.3677,3696
23.3976,3695
23.6846,3694
23.836,3693
23.9814,3692
24.4203,3691
24.7021,3690
24.8437,3689
25.133,3688
25.5878,3687
25.7331,3686
26.6228,3685
27.0549,3684
27.2055,3683
27.6417,3682
28.0738,3681
28.2173,3680
28.513,3679
29.5147,3678
29.7989,3677
30.0827,3676
30.3654,3675
30.5118,3674
30.8003,3673
30.9399,3672
31.8156,3671
32.2516,3670
32.4017,3669
32.6895,3668
32.837,3667
34.4242,3666
34.7023,3665
34.8452,3664
35.2801,3663
35.4254,3662
35.5689,3661
35.8607,3660
36.0027,3659
36.1482,3658
36.2928,3657
36.7183,3656
37.0087,3655
37.5822,3654
37.7294,3653
37.8716,3652
38.1518,3651
38.2913,3650
39.5969,3649
40.8953,3648
41.3322,3647
41.4706,3646
43.0899,3645
44.1098,3644
44.5514,3643
45.5481,3642
45.9984,3641
46.1537,3640
46.3034,3639
46.5979,3638
46.7456,3637
47.3197,3636
47.465,3635
47.7534,3634
47.89,3633
48.3162,3632
48.6237,3631
48.7657,3630
49.0511,3629
49.639,3628
49.7901,3627
50.2297,3626
50.5213,3625
50.6623,3624
50.8055,3623
52.2442,3622
52.3889,3621
52.538,3620
52.8351,3619
53.1221,3618
53.275,3617
53.4121,3616
53.5445,3615
53.8257,3614
54.2765,3613
54.9963,3612
55.4257,3611
56.1734,3610
56.6091,3609
57.027,3608
57.1696,3606
57.6087,3605
57.9,3604
58.3563,3603
58.5089,3602
58.6564,3601
58.7956,3600
58.9346,3599
59.0948,3598
59.2449,3597
59.8302,3596
59.9819,3595
60.1239,3594
60.5632,3593
60.8702,3592
61.1642,3591
61.4466,3590
61.7283,3589
61.8669,3588
62.2866,3587
62.599,3586
62.7395,3585
63.021,3584
63.3163,3583
63.8855,3582
64.1778,3581
64.4723,3580
65.3341,3579
65.633,3578
65.9309,3577
67.8035,3576
67.9531,3575
68.2464,3574
68.3972,3573
68.839,3572
69.1296,3571
69.2777,3570
69.4249,3569
69.5621,3568
69.8423,3567
69.9946,3566
70.1422,3565
70.2872,3564
70.4307,3563
70.5779,3562
70.7228,3561
71.0126,3560
71.4572,3559
71.5981,3558
71.8963,3557
72.0444,3556
72.1968,3555
72.3429,3554
72.4951,3553
72.922,3552
73.5047,3551
73.6549,3550
73.9481,3549
74.2397,3548
75.1137,3547
75.56,3546
75.7052,3545
76.2887,3544
76.5773,3543
76.7257,3542
77.0324,3541
77.1832,3540
77.3175,3539
77.6132,3538
77.9079,3537
78.0618,3536
78.9381,3535
79.6553,3534
80.248,3533
80.5434,3532
80.8335,3531
81.1136,3530
81.4085,3529
81.5455,3528
81.9884,3527
82.5894,3526
82.8743,3525
83.0285,3524
83.3215,3523
83.7645,3522
84.4899,3521
84.9442,3520
85.0932,3519
85.6894,3518
85.9754,3517
86.2637,3516
86.4041,3515
86.8463,3514
87.8355,3513
88.1349,3512
88.7143,3511
91.0682,3510
92.0986,3509
92.2526,3508
92.5441,3507
92.6881,3506
92.8388,3505
93.4141,3504
93.9913,3503
94.1432,3502
94.5705,3501
94.8715,3500
95.1716,3499
95.624,3498
96.2067,3497
96.9527,3496
97.0986,3495
97.2457,3494
97.539,3493
98.1324,3492
98.4292,3491
99.3367,3490
100.226,3489
100.519,3488
100.663,3487
100.977,3486
101.581,3485
102.471,3484
102.771,3483
103.066,3482
103.966,3481
105.135,3480
105.431,3479
105.737,3478
106.025,3476
106.767,3475
106.914,3474
107.803,3473
108.981,3472
110.03,3471
110.174,3470
110.614,3469
111.047,3468
111.634,3467
112.076,3466
112.838,3465
113.132,3464
114.162,3463
114.589,3462
114.878,3461
115.015,3460
115.157,3459
115.305,3458
115.45,3457
115.593,3456
116.195,3455
116.786,3454
116.929,3453
117.078,3452
117.221,3451
118.1,3450
118.411,3449
118.557,3448
118.697,3447
118.983,3446
119.134,3445
119.569,3444
120.899,3443
121.203,3442
121.953,3441
122.245,3440
122.39,3439
122.54,3438
123.552,3437
124.313,3436
124.611,3435
124.762,3434
125.192,3433
125.494,3432
125.653,3431
126.107,3430
126.56,3429
126.701,3428
127.299,3427
127.599,3426
127.744,3425
128.489,3424
128.789,3423
130.141,3422
130.284,3421
130.427,3420
130.578,3419
131.169,3418
131.779,3417
132.232,3416
132.388,3415
132.961,3414
133.111,3413
133.42,3412
133.574,3411
134.919,3410
136.399,3409
136.712,3408
137.164,3407
138.059,3406
138.367,3405
138.683,3404
138.828,3403
138.983,3402
139.13,3401
139.712,3400
139.858,3399
140.907,3398
141.808,3397
142.111,3396
142.404,3395
142.555,3394
143.752,3393
144.339,3392
144.955,3391
146.902,3390
147.2,3389
147.352,3388
147.966,3387
148.111,3386
148.262,3385
148.406,3384
148.854,3383
150.917,3382
151.06,3381
151.218,3380
151.366,3379
151.521,3378
151.958,3377
152.673,3376
152.832,3375
153.29,3374
153.438,3373
153.731,3372
154.041,3371
155.109,3370
156.309,3369
156.617,3368
158.853,3367
159.475,3366
159.634,3365
159.789,3364
160.085,3363
160.244,3362
162.36,3361
163.397,3360
163.983,3359
164.566,3358
165,3357
165.288,3356
165.594,3355
165.889,3354
166.033,3353
166.175,3352
167.093,3351
167.393,3350
168.594,3349
168.749,3348
168.888,3347
171.323,3346
171.623,3345
172.215,3344
172.976,3343
173.598,3342
173.745,3341
175.096,3340
176.006,3339
176.302,3338
177.202,3337
178.799,3336
179.512,3335
179.95,3334
180.102,3333
181.735,3332
181.89,3331
182.485,3330
182.639,3329
183.092,3328
183.242,3327
183.833,3326
185.179,3325
185.64,3324
185.936,3323
186.091,3322
187.141,3321
187.434,3320
188.167,3319
188.308,3318
188.459,3317
188.912,3316
189.077,3315
190.296,3314
193.138,3313
193.434,3312
194.044,3311
194.499,3310
195.093,3309
195.391,3308
195.692,3307
195.994,3306
196.143,3305
197.18,3304
197.616,3303
198.074,3302
198.219,3301
198.52,3300
198.817,3299
198.975,3298
199.126,3297
199.436,3296
199.591,3295
200.477,3294
201.09,3293
202.137,3292
202.775,3291
204.305,3290
204.461,3289
205.06,3288
205.366,3287
206.427,3286
206.573,3285
206.726,3284
207.169,3283
207.632,3282
209.324,3281
209.49,3280
209.653,3279
210.12,3278
210.426,3277
210.584,3276
212.297,3275
212.597,3274
213.052,3273
213.207,3272
213.513,3271
214.257,3270
215.609,3269
215.759,3268
218.259,3267
221.04,3266
221.497,3265
221.653,3264
221.958,3263
223.375,3262
223.67,3261
225.321,3260
226.386,3259
226.832,3258
226.981,3257
228.327,3256
228.476,3255
229.388,3254
229.838,3253
230.454,3252
231.06,3251
231.512,3250
231.665,3249
233.484,3248
233.952,3247
235.167,3246
236.383,3245
236.685,3244
237.756,3243
238.37,3242
239.34,3241
239.493,3240
239.963,3239
240.127,3238
241.033,3237
241.342,3236
242.257,3235
243.327,3234
244.104,3233
245.176,3232
246.264,3231
246.577,3230
248.408,3229
248.713,3228
248.864,3227
250.43,3226
250.58,3225
251.186,3224
251.334,3223
252.426,3222
253.812,3221
253.967,3220
254.119,3219
255.044,3218
255.34,3217
256.71,3216
258.704,3215
258.857,3214
259.163,3213
259.317,3212
259.627,3211
259.996,3210
260.169,3209
260.932,3208
261.237,3207
261.537,3206
261.694,3205
263.058,3204
263.672,3203
263.976,3202
264.13,3201
264.287,3200
265.193,3199
265.348,3198
265.653,3197
265.966,3196
266.58,3195
267.179,3194
268.078,3193
270.847,3192
271.14,3191
271.597,3190
272.98,3189
273.898,3188
275.287,3187
276.363,3186
276.513,3185
276.674,3184
278.202,3183
279.354,3182
279.503,3181
279.657,3180
280.277,3179
283.425,3178
284.953,3177
285.259,3176
286.478,3175
287.383,3174
287.834,3173
288.444,3172
289.809,3171
289.959,3170
290.571,3169
291.025,3168
291.177,3166
292.549,3165
293.005,3164
293.783,3163
294.235,3162
294.995,3161
295.942,3160
297.326,3159
297.474,3158
298.369,3157
299.286,3156
299.437,3155
300.048,3154
300.504,3153
302.317,3152
303.209,3151
304.707,3150
304.858,3149
306.188,3148
306.337,3147
308.598,3146
309.497,3145
311.423,3144
311.583,3143
313.846,3142
314.789,3141
315.26,3140
315.573,3139
315.877,3138
316.338,3137
317.1,3136
317.263,3135
317.712,3134
317.864,3133
318.16,3132
318.765,3131
318.92,3130
319.975,3129
320.568,3128
321.318,3127
321.471,3126
321.779,3125
322.227,3124
323.472,3123
324.646,3122
326.061,3121
326.673,3120
327.139,3119
328.204,3118
329.415,3117
329.863,3116
330.306,3115
331.813,3114
333.533,3113
333.859,3112
334.156,3111
334.31,3110
335.37,3109
335.522,3108
335.669,3107
336.43,3106
337.361,3105
337.692,3104
339.509,3103
339.665,3102
339.82,3101
339.972,3100
341.168,3099
341.468,3098
341.91,3097
342.215,3096
344.173,3095
346.288,3094
348.219,3093
350.791,3092
350.938,3091
352.279,3090
352.428,3089
352.574,3088
355.439,3087
355.888,3086
356.328,3085
357.658,3084
358.104,3083
358.257,3082
359.333,3081
359.475,3080
360.68,3079
362.611,3078
366.225,3077
366.667,3076
367.714,3075
368.763,3074
369.062,3073
369.214,3072
369.369,3071
372.405,3070
373.286,3069
373.741,3068
374.483,3067
375.826,3066
376.129,3065
377.476,3064
379.288,3063
383.307,3062
385.517,3061
387.01,3060
387.604,3059
388.814,3058
389.926,3057
391.298,3056
391.891,3055
393.384,3054
394.593,3053
395.181,3052
395.787,3051
396.383,3050
397.111,3049
397.26,3048
399.813,3047
400.564,3046
400.716,3045
401.024,3044
401.671,3043
402.859,3042
403.008,3041
403.462,3040
404.843,3039
405.003,3038
405.325,3037
405.63,3036
405.93,3035
406.525,3034
406.965,3033
409.081,3032
410.799,3031
411.538,3030
411.823,3029
413.607,3028
413.896,3027
414.654,3026
415.84,3025
417.015,3024
420.001,3023
420.318,3022
420.8,3021
425.464,3020
425.917,3019
426.202,3018
426.647,3017
426.978,3016
427.918,3015
428.071,3014
429.99,3013
430.596,3012
430.738,3011
431.934,3010
432.545,3009
434.033,3008
434.177,3007
434.637,3006
435.108,3005
436.004,3004
437.653,3003
439.282,3002
439.732,3001
439.883,3000
440.778,2999
440.93,2997
441.384,2996
441.526,2995
442.118,2994
443.6,2993
444.781,2992
445.363,2991
446.259,2990
447.3,2989
447.883,2988
450.094,2987
450.394,2986
452.047,2985
452.349,2984
452.944,2983
453.546,2982
455.182,2981
455.326,2980
455.475,2979
458.825,2978
458.971,2977
459.121,2976
460.32,2975
460.919,2974
461.067,2973
461.365,2972
461.804,2971
462.107,2970
462.256,2969
463.597,2968
464.965,2967
465.56,2966
465.853,2965
466.293,2964
467.926,2963
469.402,2962
469.697,2961
469.984,2960
471.017,2959
472.433,2958
472.868,2957
473.486,2956
474.099,2955
474.392,2954
474.838,2953
476.006,2952
477.337,2951
480.148,2950
480.442,2947
481.918,2946
482.66,2945
483.095,2944
484.161,2943
485.358,2942
486.227,2941
488.696,2940
491.377,2939
492.403,2938
493.734,2937
494.324,2936
496.66,2935
496.961,2934
498.574,2933
500.025,2932
500.332,2931
503.876,2930
505.957,2929
506.541,2928
508.742,2927
508.892,2926
509.338,2925
510.288,2924
510.442,2923
510.879,2922
512.056,2921
512.204,2920
512.925,2919
514.72,2918
516.498,2917
517.527,2916
519.127,2915
521.909,2914
522.055,2913
523.977,2912
524.128,2911
525.319,2910
525.749,2909
526.942,2908
529.579,2907
530.913,2906
531.663,2905
532.427,2904
533.294,2903
534.921,2902
535.204,2901
537.128,2900
538.306,2899
540.232,2898
542.333,2897
547.64,2896
548.968,2895
551.469,2894
553.378,2893
554.369,2892
555.128,2891
555.275,2890
558.897,2889
562.29,2888
562.729,2887
564.007,2886
564.905,2885
570.128,2884
572.036,2883
574.659,2882
575.241,2881
576.852,2880
577.72,2879
578.302,2878
583.054,2877
585.045,2876
586.077,2875
588.425,2874
589.596,2873
590.339,2872
591.206,2871
591.496,2870
593.56,2869
593.873,2868
595.083,2867
599.616,2866
