0.089816,3735
0.225222,3734
0.367372,3733
0.654489,3732
0.801125,3731
0.940641,3730
1.07962,3729
1.64791,3728
2.61581,3727
2.75635,3726
3.71929,3725
4.83571,3724
4.97431,3723
5.10807,3722
5.2504,3721
5.37975,3720
5.51616,3719
5.65502,3718
5.79908,3717
5.94469,3716
6.09007,3715
6.22513,3714
6.36461,3713
6.50503,3712
6.78739,3711
7.19836,3710
7.33773,3709
7.4768,3708
7.6128,3707
7.75414,3706
9.6825,3705
9.8296,3704
10.2322,3702
10.3691,3701
10.6404,3700
11.2037,3699
12.0278,3698
12.2915,3697
12.5614,3696
13.3854,3695
15.717,3694
16.8357,3693
17.3977,3692
17.8071,3691
18.4913,3690
18.9012,3689
19.0374,3688
19.1791,3687
19.3232,3686
19.4565,3685
19.7418,3684
20.0115,3683
20.1473,3682
20.4264,3681
21.5371,3680
21.6732,3679
21.8123,3678
21.9475,3677
22.0817,3676
23.0503,3675
24.1842,3674
24.3232,3673
24.463,3672
24.609,3671
24.8882,3670
25.576,3669
25.8447,3668
25.9886,3667
26.5676,3666
27.3922,3665
27.6769,3664
28.5254,3663
28.6574,3662
29.2305,3661
29.3702,3660
29.7819,3659
29.9186,3658
30.3408,3657
30.4921,3656
30.6237,3655
30.7555,3654
31.0257,3653
31.1849,3652
31.4949,3651
31.6452,3650
32.7795,3649
33.0594,3648
33.1932,3647
33.892,3646
35.0315,3645
35.1728,3644
35.4666,3643
35.6148,3642
36.029,3641
36.3171,3640
36.4612,3639
36.6055,3638
37.289,3637
37.7038,3636
37.8415,3635
38.1188,3634
38.255,3633
38.525,3632
38.662,3631
39.0939,3630
39.2311,3629
39.5045,3628
39.7841,3627
40.3387,3626
40.7651,3625
40.9012,3624
42.1653,3623
42.4528,3622
42.7302,3621
43.1474,3620
43.4291,3619
43.7239,3618
43.8679,3617
44.4567,3616
45.9857,3615
46.6679,3614
47.2147,3613
48.594,3612
48.8698,3611
49.0036,3610
49.4126,3609
49.9735,3608
50.6696,3607
51.2437,3606
51.3932,3605
51.7112,3604
51.8561,3603
52.1494,3602
52.303,3601
52.5947,3600
52.7355,3599
53.9064,3598
54.0512,3597
54.197,3596
54.3481,3595
54.6302,3594
54.7709,3593
55.0599,3592
55.2027,3591
55.3547,3590
55.4973,3589
56.2345,3588
56.3824,3587
57.1222,3586
58.0126,3585
58.5997,3584
58.7453,3583
58.8895,3582
59.0478,3581
59.9284,3580
60.2164,3579
60.528,3578
61.7003,3577
61.8585,3576
62.2899,3575
62.4323,3574
63.1588,3573
63.7304,3572
64.3206,3571
65.1997,3570
65.341,3569
65.4906,3568
65.7902,3567
65.9375,3566
66.3727,3565
66.5239,3564
66.8125,3563
67.4166,3562
67.9518,3561
68.3856,3560
68.677,3559
69.1025,3558
69.2485,3557
69.5405,3556
69.8406,3555
71.0172,3554
71.5986,3553
71.7413,3552
72.0388,3551
72.4926,3550
73.2308,3549
73.8255,3548
73.9674,3547
74.1057,3546
74.2489,3545
75.4719,3544
75.7635,3543
76.194,3542
76.4788,3541
77.3315,3540
77.9046,3539
78.1932,3538
78.4852,3537
78.9173,3536
79.2158,3535
79.79,3534
79.9415,3533
80.2263,3532
80.3709,3531
81.2428,3530
81.6881,3529
82.3966,3528
82.5314,3527
82.6769,3526
82.8271,3525
83.2598,3524
83.5484,3523
84.4179,3522
84.559,3521
84.9867,3520
85.1265,3519
85.4238,3518
85.7013,3517
85.9978,3516
86.2914,3515
87.4612,3514
87.7488,3513
87.9007,3512
88.0523,3511
89.5035,3510
89.7877,3509
90.2164,3508
90.8049,3507
90.9412,3506
91.3771,3505
91.8074,3504
91.9434,3503
92.8048,3502
92.9478,3501
93.0967,3500
93.829,3499
93.9748,3498
94.1144,3497
94.5438,3496
94.8254,3495
95.2624,3494
95.4028,3493
96.2725,3492
97.8973,3491
98.4811,3490
99.0493,3489
99.3325,3488
99.4752,3487
100.488,3486
100.641,3485
100.788,3484
101.384,3483
101.527,3482
101.672,3481
101.962,3480
102.104,3479
102.552,3478
103.85,3477
104.591,3476
104.89,3475
105.189,3474
105.328,3473
105.624,3472
105.77,3471
105.913,3470
106.348,3469
106.503,3468
107.368,3467
107.813,3466
108.537,3465
109.116,3464
110.143,3463
110.581,3462
110.873,3461
111.021,3460
111.447,3459
111.585,3458
111.734,3457
111.881,3456
112.026,3455
112.321,3454
112.618,3453
112.759,3452
113.503,3451
113.797,3450
114.095,3449
114.979,3448
115.262,3447
115.554,3446
115.708,3445
115.851,3444
115.989,3443
116.425,3442
116.565,3441
117.142,3440
117.568,3439
117.713,3438
117.862,3437
120.042,3436
120.472,3435
121.203,3434
121.356,3433
121.502,3432
121.796,3431
121.941,3430
122.534,3429
122.816,3428
123.104,3427
123.242,3426
123.533,3425
123.96,3424
124.102,3423
124.246,3422
124.828,3421
124.968,3420
125.283,3419
125.426,3418
125.574,3417
127.048,3416
127.483,3415
128.222,3414
129.379,3413
129.853,3412
130.871,3411
131.456,3410
132.056,3409
132.208,3408
132.353,3407
132.655,3406
133.104,3405
133.418,3404
133.569,3403
134.012,3402
134.457,3401
134.599,3400
134.895,3399
135.332,3398
135.919,3397
136.221,3396
136.37,3395
138.183,3394
138.331,3393
139.083,3392
139.834,3391
141.356,3390
142.104,3389
142.559,3388
142.852,3387
143.163,3386
143.32,3385
143.922,3384
144.981,3383
145.278,3382
145.722,3381
146.919,3380
147.087,3379
148.03,3378
148.489,3377
148.636,3376
149.395,3375
149.545,3374
150.16,3373
150.643,3372
150.792,3371
150.938,3370
152.578,3369
153.337,3368
154.821,3367
155.42,3366
155.719,3365
155.868,3364
156.746,3363
157.046,3362
157.665,3361
158.124,3360
158.42,3359
160.691,3358
162.35,3357
162.507,3356
162.664,3355
162.821,3354
163.123,3353
163.285,3352
163.436,3351
163.597,3350
163.758,3349
164.829,3348
166.214,3347
166.365,3346
166.513,3345
168.074,3344
168.371,3343
169.449,3342
170.046,3341
170.193,3340
170.802,3339
171.096,3338
171.257,3337
172.815,3336
172.971,3335
173.122,3334
173.568,3333
174.019,3332
174.174,3331
174.323,3330
174.472,3329
175.064,3328
175.958,3327
176.853,3324
177.012,3323
177.773,3322
178.225,3321
179.024,3320
179.471,3319
179.776,3318
183.568,3317
183.872,3316
185.222,3315
185.815,3314
185.965,3313
186.298,3312
187.537,3311
187.687,3310
188.285,3309
188.432,3308
188.584,3307
189.184,3306
189.34,3305
191.303,3304
191.602,3303
191.911,3302
192.691,3301
193.47,3300
194.703,3299
195.462,3298
195.62,3297
196.066,3296
196.211,3295
196.81,3294
197.114,3293
197.261,3292
197.416,3291
198.651,3290
198.807,3289
198.953,3288
199.103,3287
199.26,3286
199.558,3285
199.858,3284
203.755,3283
204.502,3282
204.65,3281
205.856,3280
206.496,3279
207.101,3278
208.016,3277
208.165,3276
208.757,3275
208.904,3274
209.061,3273
211.518,3272
211.686,3271
211.833,3270
215.488,3269
215.629,3268
216.884,3267
217.484,3266
217.631,3265
218.244,3264
219.005,3263
219.6,3262
219.748,3261
220.048,3260
220.653,3259
220.803,3258
221.892,3257
223.272,3256
224.02,3255
225.384,3254
225.686,3253
226.889,3252
227.042,3251
227.194,3250
227.645,3249
227.795,3248
228.406,3247
228.551,3246
228.844,3245
229.447,3244
230.045,3243
230.487,3242
231.542,3241
232.806,3240
232.962,3239
233.112,3238
233.553,3237
233.85,3236
234.005,3235
234.3,3234
234.89,3233
235.046,3232
236.243,3231
236.538,3230
237.729,3229
238.333,3228
239.729,3227
240.816,3226
242.706,3225
242.994,3224
243.572,3223
243.72,3222
243.868,3221
244.013,3220
246.586,3219
250.056,3218
250.203,3217
251.408,3216
251.863,3215
252.183,3214
252.639,3213
252.929,3212
253.235,3211
253.537,3210
254.289,3209
255.187,3208
256.216,3207
256.659,3206
259.342,3205
261.131,3204
261.618,3203
261.782,3202
263.021,3201
263.327,3200
264.103,3199
265.36,3198
265.691,3197
265.992,3196
266.144,3195
266.749,3194
267.084,3193
268.925,3192
269.065,3191
269.514,3190
269.988,3189
270.281,3188
270.73,3187
271.328,3186
272.377,3185
272.844,3184
272.993,3183
274.21,3182
275.286,3181
275.587,3180
277.091,3179
277.862,3178
278.299,3177
279.344,3176
279.489,3175
279.929,3174
280.216,3173
280.364,3172
280.505,3171
281.263,3170
283.327,3169
283.605,3168
284.304,3167
284.45,3166
284.595,3165
284.747,3164
284.882,3163
285.175,3162
285.607,3161
285.748,3160
286.033,3159
286.324,3158
288.83,3157
289.282,3156
290.038,3155
290.449,3154
290.583,3153
291.777,3152
292.239,3151
293.605,3150
294.054,3149
294.346,3148
296.007,3147
296.317,3146
297.551,3145
297.864,3144
298.215,3143
299.309,3142
300.442,3141
300.893,3140
302.949,3139
303.093,3138
304.299,3137
304.593,3136
305.934,3135
307.898,3134
308.801,3133
310.116,3132
311.007,3131
311.161,3130
313.943,3129
314.642,3128
316.716,3127
317.336,3126
318.833,3125
319.134,3124
320.056,3123
320.347,3122
320.503,3121
320.803,3120
321.105,3119
325.319,3118
328.021,3117
328.816,3116
329.262,3115
330.011,3114
334.12,3113
334.876,3112
336.521,3111
336.668,3110
337.118,3109
337.705,3108
338.976,3107
339.272,3106
339.415,3105
341.202,3104
341.681,3103
342.307,3102
343.058,3101
343.641,3100
346.566,3099
347.023,3098
347.321,3097
347.921,3096
349.413,3095
350.001,3094
350.465,3093
351.533,3092
353.326,3091
354.791,3090
354.948,3089
356.133,3088
360.485,3087
361.55,3086
363.662,3085
366.166,3084
366.623,3083
368.477,3082
369.709,3081
369.855,3080
370.602,3079
371.043,3078
371.488,3077
371.641,3076
372.815,3075
375.023,3074
375.481,3073
375.785,3072
375.932,3071
376.834,3070
377.728,3069
379.208,3068
380.14,3067
380.298,3066
381.084,3065
381.691,3064
383.046,3063
383.197,3062
383.641,3061
383.939,3060
384.375,3059
384.977,3058
386.031,3057
386.178,3056
387.831,3055
387.984,3054
389.459,3053
391.74,3052
393.077,3051
393.23,3050
393.81,3049
394.402,3048
394.844,3047
396.945,3046
397.855,3045
398.611,3044
398.91,3043
399.057,3042
399.206,3041
399.356,3040
399.806,3039
400.829,3038
400.977,3037
401.419,3036
402.299,3035
402.467,3034
406.097,3033
406.547,3032
407.895,3031
408.493,3030
410.132,3029
411.942,3028
413.146,3027
413.581,3026
413.732,3025
413.874,3022
415.625,3021
417.692,3020
419.326,3019
421.417,3018
421.714,3017
422.305,3016
422.752,3015
422.892,3014
423.334,3013
423.633,3012
424.375,3011
425.568,3010
427.355,3009
427.791,3008
427.939,3007
428.519,3006
428.82,3005
431.391,3004
433.293,3003
436.313,3002
436.912,3001
438.705,3000
439.007,2999
439.604,2998
441.234,2997
443.155,2996
444.194,2995
445.091,2994
445.671,2993
446.258,2992
448.025,2991
449.338,2990
450.523,2989
450.821,2988
451.737,2987
453.111,2986
454.306,2985
455.202,2984
455.647,2983
456.398,2982
456.871,2981
457.156,2980
457.747,2979
459.672,2978
460.706,2977
462.869,2976
463.013,2975
464.786,2974
466.535,2973
466.684,2972
469.318,2971
471.076,2970
472.117,2969
473.145,2968
473.583,2967
473.871,2966
474.455,2965
475.184,2964
476.908,2963
479.026,2962
481.167,2961
483.206,2960
484.242,2959
486.163,2958
487.043,2957
487.62,2956
488.363,2955
489.973,2954
491.143,2953
491.297,2952
492.919,2951
493.532,2950
494.747,2949
495.777,2948
496.508,2947
499.768,2946
499.915,2945
503.3,2944
503.879,2943
505.632,2942
506.077,2941
507.103,2940
509.307,2939
510.722,2938
513.318,2937
513.465,2936
514.053,2935
514.345,2934
515.632,2933
516.211,2932
520.754,2931
521.042,2929
522.265,2928
523.605,2927
526.958,2926
529.44,2925
531.186,2924
533.818,2923
534.842,2922
536.015,2921
537.177,2920
537.477,2919
539.375,2918
539.956,2917
540.099,2916
540.384,2915
543.555,2914
545.871,2913
546.014,2912
547.607,2911
548.183,2910
549.494,2909
552.656,2908
553.532,2907
555.146,2906
558.461,2905
558.903,2904
559.622,2903
560.188,2902
566.409,2901
566.555,2900
567.561,2899
568.729,2898
570.602,2897
571.041,2896
571.62,2895
572.193,2894
573.082,2893
574.39,2892
577.427,2891
577.72,2890
578.581,2889
579.317,2888
580.765,2887
581.202,2886
583.977,2885
584.417,2884
584.992,2883
585.278,2882
585.423,2881
586.284,2880
586.428,2879
588.903,2878
590.35,2877
593.563,2876
594.936,2875
596.659,2874
597.65,2873
598.678,2872
598.819,2871
599.691,2870
