0.00, 2285
0.00, 2284
0.00, 2283
0.00, 2282
0.00, 2281
0.00, 2280
0.00, 2279
0.00, 2278
0.00, 2277
0.00, 2276
0.00, 2275
0.00, 2274
0.00, 2273
0.00, 2272
0.00, 2271
0.00, 2270
0.00, 2269
0.00, 2268
0.00, 2267
0.00, 2266
0.00, 2265
0.00, 2264
0.00, 2263
0.00, 2262
0.00, 2261
0.00, 2260
0.00, 2259
0.00, 2258
0.00, 2257
0.00, 2256
0.00, 2255
0.00, 2254
0.00, 2253
0.00, 2252
0.00, 2251
0.00, 2250
0.00, 2249
0.00, 2248
0.00, 2247
0.00, 2246
0.00, 2245
0.00, 2244
0.00, 2243
0.00, 2242
0.00, 2241
0.00, 2240
0.00, 2239
0.00, 2238
0.00, 2237
0.00, 2236
0.00, 2235
0.00, 2234
0.00, 2233
0.00, 2232
0.00, 2231
0.00, 2230
0.00, 2229
0.00, 2228
0.00, 2227
0.00, 2226
0.00, 2225
0.00, 2224
0.00, 2223
0.00, 2222
0.00, 2221
0.00, 2220
0.00, 2219
0.00, 2218
0.00, 2217
0.00, 2216
0.00, 2215
0.00, 2214
0.00, 2213
0.00, 2212
0.00, 2211
0.00, 2210
0.01, 2209
0.01, 2208
0.01, 2207
0.01, 2206
0.01, 2205
0.01, 2204
0.02, 2203
