0.093679,3735
0.229677,3734
0.379671,3733
0.661923,3732
1.08647,3731
1.36683,3730
1.50419,3729
2.32193,3728
2.47506,3727
2.61471,3726
2.75397,3725
3.70046,3724
4.52083,3723
4.66416,3722
4.80169,3721
5.08222,3720
5.49877,3719
6.0466,3718
6.47108,3717
6.73821,3716
8.13515,3715
8.27487,3714
8.40833,3713
8.54654,3712
8.84777,3711
8.99749,3710
9.73017,3709
9.86866,3708
10.1461,3707
10.7051,3706
10.9897,3705
11.1296,3704
11.9424,3703
12.0828,3702
12.3507,3701
12.4842,3700
12.6221,3699
12.7719,3698
12.9151,3697
13.0539,3696
13.9334,3695
14.939,3694
15.4981,3693
15.8056,3692
16.2373,3691
16.3799,3690
16.52,3689
16.8105,3688
16.9758,3687
17.7533,3686
18.1883,3685
18.3289,3684
18.4701,3683
19.3273,3682
19.469,3681
19.6079,3680
19.895,3679
21.3199,3678
21.755,3677
22.4822,3676
22.6233,3675
22.7606,3674
22.9033,3673
23.1899,3672
23.4853,3671
23.6341,3670
23.92,3669
24.064,3668
24.2093,3667
24.4924,3666
24.9512,3665
25.2274,3664
25.3669,3663
25.5108,3662
26.0953,3661
26.2432,3660
26.8491,3659
27.0484,3658
27.5153,3657
28.108,3656
28.3996,3655
29.2679,3654
29.5534,3653
30.4071,3652
30.9907,3651
31.1537,3650
31.4733,3649
31.6223,3648
31.9106,3647
32.0568,3646
32.2009,3645
32.3395,3644
32.6204,3643
32.7607,3642
33.0502,3641
33.1904,3640
33.3314,3639
33.9274,3638
34.2191,3637
34.5014,3636
34.7979,3635
35.0912,3634
35.9559,3633
36.2387,3632
36.6886,3631
37.5927,3630
38.184,3629
38.7772,3628
39.0597,3627
39.2027,3626
39.4936,3625
39.6347,3624
40.3593,3623
40.5042,3622
40.6459,3621
41.0919,3620
41.4227,3619
41.7101,3618
42.001,3617
42.1451,3616
42.2867,3615
42.8643,3614
43.1533,3613
43.2992,3612
43.4458,3611
43.7342,3610
44.0285,3609
44.1731,3608
44.4599,3607
45.3312,3606
45.6179,3605
45.7632,3604
46.6207,3603
46.7612,3602
47.3444,3601
47.4979,3600
47.7863,3599
47.9295,3598
48.0674,3597
48.6426,3596
49.0743,3595
49.3606,3594
49.5038,3593
49.6462,3592
49.938,3591
50.2258,3590
51.3875,3589
51.5295,3588
51.6829,3587
52.0082,3586
52.2966,3585
52.5911,3584
52.731,3583
53.3046,3582
53.4522,3581
53.5866,3580
53.8858,3579
54.4541,3578
54.5911,3577
54.7344,3576
56.3149,3575
56.9052,3574
57.0541,3573
57.63,3572
58.2231,3571
58.365,3570
58.5128,3569
59.2494,3568
59.6801,3567
59.9777,3566
60.4119,3565
60.7115,3564
61.7735,3563
62.3528,3562
62.7872,3561
63.3642,3560
63.6357,3559
63.7836,3558
63.9222,3557
64.2062,3556
64.7762,3555
65.065,3554
65.496,3553
65.6413,3552
65.9213,3551
66.1971,3550
66.6208,3549
66.7648,3548
66.914,3547
67.0528,3546
67.4697,3545
67.604,3544
67.8789,3543
68.1692,3542
68.3222,3541
68.4609,3540
68.6117,3539
68.7514,3538
68.8947,3537
69.6178,3536
70.6367,3535
71.8875,3534
72.1718,3533
72.7336,3532
73.3224,3531
74.3159,3530
74.6107,3529
75.0308,3528
75.1748,3527
75.4591,3526
75.6009,3525
76.6132,3524
76.754,3523
77.1818,3522
77.4649,3521
77.618,3520
77.7607,3519
77.8983,3518
78.7345,3517
79.0061,3516
79.2952,3515
79.4333,3514
79.8636,3513
80.4513,3512
80.5868,3511
80.7398,3510
81.5987,3509
81.884,3508
82.0282,3507
82.1664,3506
83.7328,3505
83.8752,3504
84.1464,3503
84.5719,3502
85.4514,3501
85.7378,3500
86.5997,3499
87.0261,3498
87.3172,3497
87.6052,3496
87.9002,3495
88.0451,3494
88.9137,3493
89.0496,3492
89.6315,3491
89.9131,3490
90.0593,3489
90.3475,3488
90.7734,3487
91.0629,3486
91.4944,3485
91.6371,3484
91.7855,3483
91.927,3482
92.0672,3481
92.2131,3480
92.651,3479
92.8021,3478
93.2307,3477
93.805,3476
93.9464,3475
94.2438,3474
95.1096,3473
95.2451,3472
96.4178,3471
97.2742,3470
97.8417,3469
97.985,3468
98.5622,3467
99.8762,3466
100.021,3465
100.175,3464
101.02,3463
102.459,3462
103.043,3461
103.183,3460
103.897,3459
104.749,3458
105.054,3457
105.77,3456
106.192,3455
106.913,3454
107.207,3453
107.777,3452
108.501,3451
110.096,3450
110.237,3449
110.389,3448
110.531,3447
110.822,3446
110.962,3445
111.259,3444
111.687,3443
112.268,3442
112.565,3441
112.708,3440
112.852,3439
113.278,3438
113.428,3437
113.848,3436
113.996,3435
114.146,3434
114.283,3433
114.714,3432
116.292,3431
117.574,3430
118.608,3429
119.333,3428
119.609,3427
120.179,3426
120.628,3425
120.93,3424
121.365,3423
122.232,3422
122.383,3421
122.524,3420
122.663,3419
123.099,3418
123.692,3417
123.991,3416
125.138,3415
125.283,3414
126.322,3413
126.457,3412
126.608,3411
128.955,3410
129.385,3409
130.125,3408
130.404,3407
131.266,3406
131.697,3405
131.833,3404
132.69,3403
133.125,3402
133.415,3401
133.557,3400
134.136,3399
134.853,3398
135.608,3397
135.755,3396
136.901,3395
137.053,3394
137.494,3393
138.231,3392
138.956,3391
139.238,3390
139.546,3389
139.685,3388
139.989,3387
141.011,3386
141.318,3385
141.904,3384
142.044,3383
142.182,3382
142.32,3381
143.742,3380
144.174,3379
144.455,3378
144.893,3377
145.348,3376
145.65,3375
145.803,3374
146.101,3373
146.395,3372
146.533,3371
146.826,3370
148.879,3369
149.043,3368
149.18,3367
149.466,3366
150.179,3365
150.636,3364
150.922,3363
152.496,3362
152.641,3361
153.951,3360
154.405,3359
154.543,3358
156.158,3357
156.445,3356
156.737,3355
156.883,3354
157.322,3353
157.473,3352
158.052,3351
158.499,3350
158.783,3349
158.926,3348
159.789,3347
159.943,3346
160.23,3345
160.375,3344
160.519,3343
160.948,3342
161.667,3341
161.966,3340
162.113,3339
162.255,3338
163.412,3337
164.697,3336
165.297,3335
166.463,3334
167.039,3333
167.179,3332
168.485,3331
168.625,3330
169.058,3329
169.494,3328
169.648,3327
170.225,3326
170.518,3325
170.818,3324
171.833,3323
172.414,3322
172.553,3321
172.845,3320
172.993,3319
173.717,3318
175.475,3317
175.921,3316
176.68,3315
177.124,3314
178.901,3313
179.476,3312
180.045,3311
180.191,3310
180.481,3309
181.522,3308
181.819,3307
182.413,3306
183.593,3305
184.182,3304
184.633,3303
185.223,3302
185.535,3301
186.119,3300
186.544,3299
186.689,3298
188.477,3297
188.772,3296
189.211,3295
190.361,3294
190.818,3293
191.11,3292
192.112,3291
192.712,3290
193.289,3289
193.58,3288
193.857,3287
194.153,3286
194.726,3285
195.172,3284
195.322,3283
195.616,3282
195.916,3281
196.06,3280
196.516,3279
196.653,3278
197.681,3277
197.981,3276
198.132,3275
198.853,3274
199.419,3273
202.012,3272
202.149,3271
202.706,3270
202.842,3269
203.716,3268
203.863,3267
204.433,3266
204.859,3265
205.149,3264
206.004,3263
206.145,3262
206.894,3261
207.188,3260
207.763,3259
207.9,3258
208.045,3257
208.635,3256
209.621,3255
209.904,3254
210.751,3253
210.893,3252
211.771,3251
212.061,3250
212.492,3249
213.637,3248
213.774,3247
214.497,3246
215.061,3245
215.202,3244
215.339,3243
216.209,3242
216.935,3241
218.956,3240
219.378,3239
219.668,3238
221.105,3237
221.816,3236
223.111,3235
223.687,3234
223.832,3233
224.13,3232
224.283,3231
224.429,3230
225.422,3229
225.565,3228
227.012,3227
227.295,3226
227.579,3225
227.717,3224
227.869,3223
228.582,3222
229.476,3221
231.195,3220
231.651,3219
232.495,3218
233.233,3217
234.247,3216
234.667,3215
235.378,3214
235.802,3213
236.661,3212
237.812,3211
238.103,3210
238.527,3209
238.946,3208
239.682,3207
239.969,3206
240.109,3205
240.68,3204
240.827,3203
241.984,3202
242.124,3201
242.417,3200
242.84,3199
243.41,3198
244.273,3197
244.991,3196
245.149,3195
246.025,3194
246.456,3193
247.03,3192
247.168,3191
247.305,3190
247.882,3189
248.892,3188
249.743,3187
249.896,3186
250.621,3185
251.358,3184
251.789,3183
252.221,3182
252.369,3181
253.101,3180
253.808,3179
255.679,3178
255.974,3177
256.125,3176
256.271,3175
256.707,3174
258.591,3173
259.889,3172
260.171,3171
260.452,3170
260.897,3169
261.038,3168
261.612,3167
262.321,3166
264.38,3165
265.119,3164
265.273,3163
265.425,3162
266.303,3161
268.914,3160
269.635,3159
270.065,3158
270.351,3157
273.264,3156
274.241,3155
275.263,3154
275.413,3153
276.276,3152
276.429,3151
277.055,3150
277.206,3147
277.789,3146
277.932,3145
278.96,3144
280.749,3143
281.919,3142
282.22,3141
282.643,3140
283.367,3139
283.522,3138
283.959,3137
284.543,3136
285.401,3135
285.55,3134
286.592,3133
287.759,3132
287.905,3131
289.538,3130
290.417,3129
291.288,3128
293.755,3127
294.201,3126
294.352,3125
295.21,3124
295.657,3123
297.414,3122
297.867,3121
298.76,3120
298.897,3119
299.77,3118
300.058,3117
300.206,3116
300.505,3115
300.656,3114
302.262,3113
302.404,3112
304.287,3111
307.802,3110
307.96,3109
308.262,3108
310.319,3107
310.906,3106
311.628,3105
312.073,3104
312.215,3103
312.354,3102
312.934,3101
313.82,3100
313.964,3099
314.103,3098
314.397,3097
314.826,3096
315.552,3095
315.833,3094
316.126,3093
316.727,3092
317.161,3091
318.323,3090
319.745,3089
322.245,3088
322.387,3087
323.391,3086
324.722,3085
325.146,3084
325.427,3083
326.449,3082
327.328,3081
328.641,3080
329.671,3079
330.723,3078
330.871,3077
335.41,3076
336.73,3075
336.875,3074
337.02,3073
337.328,3072
339.722,3071
339.877,3070
340.847,3069
341.358,3068
341.821,3067
343.308,3066
344.24,3065
345.005,3064
345.15,3063
346.05,3062
346.351,3061
346.798,3060
348.284,3059
348.625,3058
349.074,3057
349.218,3056
349.981,3055
351.543,3054
358.859,3053
361.654,3052
361.96,3051
362.111,3050
363.146,3049
364.409,3048
364.771,3047
368.72,3046
369.471,3045
369.758,3044
371.118,3043
372.158,3042
372.773,3041
376.21,3040
376.506,3039
379.059,3038
379.204,3037
380.114,3036
382.19,3035
384.873,3034
385.015,3033
385.63,3032
386.966,3031
387.422,3030
388.009,3029
389.211,3028
390.094,3027
392.053,3026
392.958,3025
393.113,3024
394.178,3023
394.94,3022
395.681,3021
396.13,3020
398.344,3019
399.237,3018
400.583,3017
401.778,3016
405.239,3015
405.39,3014
405.537,3013
406.003,3012
406.437,3011
409.531,3010
410.275,3009
412.964,3008
417.71,3007
417.863,3006
418.333,3005
419.262,3004
421.051,3003
421.203,3002
422.402,3001
423.447,3000
423.594,2999
424.344,2998
425.092,2997
427.032,2996
427.334,2995
427.789,2994
428.086,2993
428.235,2992
431.213,2991
431.945,2990
433.28,2989
433.718,2988
436.564,2987
437.322,2986
439.266,2985
440.182,2984
441.247,2983
443.039,2982
443.334,2981
443.485,2980
443.63,2979
444.222,2978
444.824,2977
445.268,2976
447.045,2975
447.347,2974
447.65,2973
449.427,2972
449.577,2971
451.981,2970
453.158,2969
453.897,2968
454.334,2967
458.05,2966
458.342,2965
458.642,2964
461.468,2963
461.766,2962
462.709,2961
468.515,2960
471.179,2959
471.332,2958
473.25,2957
475.189,2956
475.336,2955
475.489,2954
476.564,2953
477.181,2952
477.466,2950
477.923,2949
478.671,2948
480.895,2947
481.04,2946
481.919,2945
483.422,2944
484.155,2943
484.753,2942
486.532,2941
492.282,2940
494.799,2939
499.888,2938
500.624,2937
500.771,2936
501.796,2935
502.082,2934
502.231,2933
502.665,2932
502.81,2931
503.109,2930
503.981,2929
504.123,2928
505.007,2927
505.463,2926
506.501,2925
508.487,2924
509.069,2923
510.386,2922
511.129,2921
516.518,2920
516.667,2919
519.581,2918
521.78,2917
521.929,2916
522.37,2915
523.828,2914
524.401,2913
524.7,2912
524.995,2911
525.141,2910
527.769,2909
528.652,2906
530.685,2905
532.008,2904
534.482,2903
534.629,2902
534.773,2901
535.072,2900
535.502,2899
536.383,2898
537.418,2897
542.248,2896
543.853,2895
544.002,2894
546.771,2893
547.752,2892
548.091,2891
548.532,2890
548.966,2889
549.113,2888
553.037,2887
553.181,2886
555.075,2885
557.742,2884
560.322,2883
560.613,2882
561.491,2881
562.214,2880
564.402,2879
565.998,2878
566.586,2877
568.344,2876
568.494,2875
568.797,2874
570.606,2873
570.896,2872
572.784,2871
573.52,2870
574.555,2869
576.45,2868
579.074,2867
579.808,2866
582.561,2865
584.72,2864
586.343,2863
587.491,2862
592.473,2861
593.051,2860
593.339,2859
595.927,2858
596.971,2857
599.029,2856
599.322,2855
599.762,2854
