0.094526,3735
0.236738,3734
0.377352,3733
0.944807,3732
1.08162,3731
1.3619,3730
1.51212,3729
1.80053,3728
1.93877,3727
2.3586,3726
2.79214,3725
2.93306,3724
3.07354,3723
3.77801,3722
3.9171,3721
4.61259,3720
4.76796,3719
5.04316,3718
5.3163,3717
5.45149,3716
6.29773,3715
6.57764,3714
6.71091,3713
6.85045,3712
6.98585,3711
7.27379,3710
7.41373,3709
7.69422,3708
7.97161,3707
8.115,3706
8.25799,3705
8.96629,3704
9.10236,3703
9.52479,3702
9.66358,3701
10.0813,3700
10.3533,3699
11.2314,3698
11.5077,3697
11.6491,3696
11.7937,3695
12.2173,3694
12.4914,3693
12.7719,3692
13.2033,3691
13.343,3690
13.7658,3689
13.9063,3688
14.0652,3687
14.3556,3686
14.4964,3685
14.7692,3684
15.1871,3683
15.3255,3682
15.4724,3681
16.0277,3680
17.001,3679
17.4232,3678
17.6998,3677
17.9844,3676
18.5485,3675
18.9775,3674
19.41,3673
19.5556,3672
19.8458,3671
19.9879,3670
20.277,3669
20.7047,3668
20.9919,3667
21.5555,3666
22.0902,3665
22.6515,3664
23.3366,3663
23.6169,3662
23.7501,3661
24.0368,3660
24.4487,3659
24.7265,3658
25.9668,3657
26.3918,3656
27.0832,3655
27.219,3654
27.6425,3653
28.4538,3652
30.8559,3651
31.6913,3650
31.9636,3649
32.5213,3648
32.6601,3647
32.9475,3646
33.2407,3645
33.3836,3644
33.532,3643
33.6767,3642
33.8248,3641
34.1066,3640
34.9316,3639
35.3738,3638
36.0816,3637
36.3563,3636
36.6572,3635
37.6598,3634
37.798,3633
37.9339,3632
39.0694,3631
39.2107,3630
39.6417,3629
39.922,3628
40.202,3627
40.3436,3626
40.4867,3625
40.9174,3624
42.0463,3623
42.1832,3622
42.889,3621
43.0417,3620
43.7659,3619
43.909,3618
44.9108,3617
45.8903,3616
46.3111,3615
47.1625,3614
47.5921,3613
47.8722,3612
48.4429,3611
48.5912,3610
48.7303,3609
49.0222,3608
49.7419,3607
49.8896,3606
50.0283,3605
51.0714,3604
51.2103,3603
51.3539,3602
51.787,3601
53.352,3600
53.6338,3599
53.7741,3598
53.9109,3597
54.0488,3596
54.2039,3595
54.344,3594
54.4844,3593
55.0505,3592
55.3299,3591
55.4768,3590
55.641,3589
56.07,3588
56.2112,3587
56.4844,3586
56.6216,3585
56.7669,3584
57.0554,3583
57.5229,3582
57.6616,3581
57.8059,3580
58.2404,3579
59.1352,3578
59.2756,3577
59.5577,3576
59.8521,3575
60.5886,3574
60.8714,3573
61.3038,3572
62.1502,3571
62.3004,3570
62.4349,3569
62.5782,3568
62.7187,3567
63.1582,3566
63.714,3565
63.852,3564
64.002,3563
64.1441,3562
64.6014,3561
64.8795,3560
65.3078,3559
65.8918,3558
66.0373,3557
66.1828,3556
66.4764,3555
66.7535,3554
67.1845,3553
67.3297,3552
68.3522,3551
68.9355,3550
69.3865,3549
69.8154,3548
69.9539,3547
70.0889,3546
70.3854,3545
70.6703,3544
70.8162,3543
70.9727,3542
71.1215,3541
71.4187,3540
71.7108,3539
71.8568,3538
72.1745,3537
72.8046,3536
73.2509,3535
73.3978,3534
73.8559,3533
74.1554,3532
74.7515,3531
75.2028,3530
75.3526,3529
75.9483,3528
76.6851,3527
77.7209,3526
78.3246,3525
79.062,3524
79.6613,3523
79.8101,3522
79.9581,3521
80.2502,3520
81.2601,3519
81.5702,3518
81.7211,3517
82.0262,3516
82.1703,3515
82.318,3514
82.4612,3513
82.7555,3512
82.9112,3511
83.3502,3510
83.499,3509
84.3867,3508
84.5368,3507
84.9807,3506
85.1349,3505
85.2851,3504
85.4364,3503
86.478,3502
86.6284,3501
87.239,3500
87.3834,3499
88.1117,3498
88.259,3497
88.5537,3496
88.7045,3495
88.8526,3494
89.0009,3493
89.1553,3492
89.3007,3491
89.8955,3490
91.0691,3489
91.3717,3488
91.6642,3487
91.8127,3486
92.5493,3485
92.994,3484
93.2941,3483
93.7494,3482
94.0489,3481
94.6434,3480
94.7939,3479
95.1072,3478
95.4044,3477
95.5521,3476
96.6078,3475
97.0485,3474
97.7865,3473
98.5383,3472
99.7184,3471
100.635,3470
100.782,3469
101.258,3468
101.41,3467
102.455,3466
102.608,3465
102.902,3464
103.209,3463
103.933,3462
105.135,3461
105.584,3460
105.873,3459
106.021,3458
106.167,3457
106.609,3456
106.914,3455
107.071,3454
107.541,3453
108.571,3452
108.725,3451
109.186,3450
109.329,3449
109.781,3448
109.929,3447
110.232,3446
110.548,3444
110.688,3443
110.986,3442
112.467,3441
112.764,3440
113.209,3439
113.956,3438
114.117,3437
114.579,3436
115.459,3435
115.753,3434
117.385,3433
117.547,3432
118.43,3431
118.879,3430
119.035,3429
119.333,3428
119.795,3427
119.948,3426
120.246,3425
121.416,3424
121.86,3423
122.302,3422
122.747,3421
123.354,3420
123.661,3419
123.815,3418
123.963,3417
124.41,3416
125.023,3415
125.181,3414
125.334,3413
125.782,3412
126.392,3411
126.84,3410
126.984,3409
127.447,3408
127.592,3407
127.743,3406
128.186,3405
129.511,3404
131.413,3403
131.564,3402
131.716,3401
132.302,3400
132.455,3399
133.342,3398
133.794,3397
134.091,3396
134.694,3395
134.848,3394
135.457,3393
135.895,3392
136.192,3391
136.336,3390
136.63,3389
136.778,3388
137.367,3387
137.52,3386
137.816,3385
138.272,3384
138.421,3383
138.727,3382
138.875,3381
139.331,3380
141.141,3379
141.887,3378
142.182,3377
143.235,3376
143.541,3375
144.435,3374
144.882,3373
145.935,3372
146.077,3371
146.822,3370
147.279,3369
149.048,3368
149.194,3367
149.486,3366
150.235,3365
150.846,3364
151.446,3363
151.734,3362
151.887,3361
152.196,3360
152.782,3359
153.678,3358
154.12,3357
155.296,3356
155.904,3355
156.812,3354
156.958,3353
157.401,3352
157.704,3351
158.452,3350
158.601,3349
158.752,3348
159.506,3347
160.105,3346
160.254,3345
160.398,3344
163.072,3343
164.129,3342
164.271,3341
165.457,3340
165.759,3339
166.679,3338
166.827,3337
167.731,3336
168.038,3335
168.187,3334
168.489,3333
168.636,3332
169.228,3331
169.531,3330
170.569,3329
170.724,3328
171.469,3327
171.762,3326
172.516,3325
172.806,3324
173.114,3323
174.182,3322
174.328,3321
175.087,3320
175.237,3319
176.592,3318
177.203,3317
177.51,3316
177.663,3315
178.113,3314
178.412,3313
178.85,3312
179.158,3311
179.308,3310
179.451,3309
179.745,3308
180.352,3307
181.869,3306
183.085,3305
183.382,3304
183.966,3303
186.333,3302
187.207,3301
187.509,3300
187.665,3299
188.552,3298
188.844,3297
189.576,3296
189.72,3295
190.172,3294
191.208,3293
192.101,3292
193.152,3291
193.609,3290
193.912,3289
194.064,3288
194.669,3287
194.819,3286
195.264,3285
195.712,3284
197.138,3283
197.289,3282
197.596,3281
198.793,3280
199.088,3279
199.246,3278
199.541,3277
200.595,3276
200.895,3275
201.342,3274
202.092,3273
202.391,3272
202.7,3271
203.443,3270
203.749,3269
204.044,3268
204.348,3267
204.649,3266
205.548,3265
206.913,3264
207.691,3263
208.199,3262
208.799,3261
209.094,3260
209.55,3259
210.155,3258
210.767,3257
211.057,3256
211.206,3255
211.503,3254
212.557,3253
213.476,3252
213.619,3251
214.217,3250
214.516,3249
215.115,3248
217.715,3247
217.869,3246
218.794,3245
219.423,3244
220.766,3243
221.077,3242
221.828,3241
222.267,3240
222.996,3239
223.137,3238
223.882,3237
224.03,3236
224.929,3235
225.383,3234
225.817,3233
225.97,3232
226.574,3231
228.515,3230
229.103,3229
229.243,3228
231.005,3227
231.46,3226
232.214,3225
233.545,3224
233.703,3223
234.442,3222
235.184,3221
235.768,3220
235.919,3219
236.38,3218
237.114,3217
237.268,3216
237.572,3215
239.52,3214
240.121,3213
240.418,3212
240.718,3211
240.872,3210
241.016,3209
242.193,3208
242.337,3207
243.688,3206
243.832,3205
244.122,3204
244.572,3203
244.871,3202
245.019,3201
245.162,3200
245.753,3199
245.899,3198
246.485,3197
247.535,3196
247.827,3195
249.764,3194
251.257,3193
252.154,3192
252.445,3191
253.178,3190
253.48,3189
254.817,3188
255.409,3187
255.56,3186
255.708,3185
256.754,3184
257.781,3183
258.224,3182
259.405,3181
260.29,3180
262.075,3179
263.884,3178
264.031,3177
264.33,3176
264.475,3175
265.244,3174
265.976,3173
267.449,3172
268.467,3171
270.251,3170
272.595,3169
275.234,3168
275.669,3167
275.964,3166
276.712,3165
276.86,3164
277.896,3163
278.634,3162
279.243,3161
279.689,3160
280.576,3159
281.034,3158
281.188,3157
281.646,3156
281.794,3155
282.837,3154
283.282,3153
283.43,3152
284.316,3151
284.612,3150
285.067,3149
285.364,3148
286.551,3147
286.695,3146
287.574,3145
288.012,3144
288.629,3143
288.779,3142
289.379,3141
289.678,3140
290.114,3139
290.268,3138
292.475,3137
292.764,3136
293.359,3135
293.506,3134
294.379,3133
294.525,3132
294.966,3131
297.327,3130
297.622,3129
298.205,3128
298.354,3127
300.132,3126
301.045,3125
302.07,3124
303.385,3123
303.532,3122
304.269,3121
304.57,3120
305.312,3119
305.598,3118
306.778,3117
307.077,3116
308.285,3115
309.01,3114
309.157,3113
309.469,3112
309.618,3111
311.671,3110
311.819,3109
312.266,3108
312.413,3107
312.563,3106
315.099,3105
315.401,3104
315.86,3103
316.741,3102
318.8,3101
319.248,3100
319.988,3099
320.283,3098
321.018,3097
321.172,3096
321.608,3095
322.068,3094
323.901,3093
324.196,3092
324.344,3091
325.376,3090
325.522,3089
326.111,3088
327.812,3087
328.553,3086
328.694,3085
329.451,3084
329.752,3083
330.806,3082
331.545,3081
334.24,3080
334.682,3079
334.979,3078
336.15,3077
337.812,3076
339.117,3075
339.429,3074
340.175,3073
340.921,3072
341.798,3071
342.232,3070
344.466,3069
345.347,3068
345.634,3067
346.359,3066
348.404,3065
351.079,3064
353.524,3063
354.775,3062
358.914,3061
359.505,3060
361.249,3059
362.266,3058
362.712,3057
362.863,3056
363.581,3055
364.021,3054
364.46,3053
365.329,3052
366.768,3051
367.355,3050
369.123,3049
369.414,3048
371.198,3047
371.345,3046
371.642,3045
374.332,3044
375.799,3043
376.087,3042
376.506,3041
380.007,3040
380.296,3039
380.88,3038
381.028,3037
381.177,3036
381.323,3035
385.04,3034
386.067,3033
386.211,3032
387.399,3031
388.181,3030
388.924,3029
389.787,3028
390.082,3027
390.227,3026
391.137,3025
394.212,3024
394.948,3023
396.989,3022
397.413,3020
398.826,3019
398.965,3018
399.104,3017
399.243,3016
400.385,3015
402.021,3014
403.043,3013
403.711,3012
404.732,3011
405.423,3010
406.984,3009
408.946,3008
409.96,3007
410.116,3006
412.355,3005
412.504,3004
412.93,3003
413.075,3002
413.217,3001
414.114,3000
414.259,2999
414.69,2998
414.842,2997
414.989,2996
415.435,2995
417.773,2994
418.948,2993
420.145,2992
422.875,2991
424.033,2989
427.14,2988
428.178,2987
431.452,2986
431.741,2985
435.289,2984
435.577,2983
438.395,2981
439.573,2980
440.905,2979
441.352,2978
441.491,2977
442.529,2976
444.126,2975
444.42,2974
447.072,2973
447.223,2972
448.25,2971
452.349,2970
452.5,2968
452.792,2967
453.386,2966
454.718,2965
456.828,2963
457.707,2962
458.014,2961
458.303,2960
459.959,2959
460.4,2958
460.543,2957
460.694,2956
460.993,2955
461.145,2954
461.437,2953
465.432,2952
466.046,2951
466.494,2950
467.827,2949
470.06,2948
471.096,2947
471.399,2946
471.978,2945
472.721,2944
473.918,2943
474.063,2942
475.247,2941
475.395,2940
475.978,2939
476.56,2938
477.002,2937
478.02,2936
479.331,2935
479.475,2934
481.68,2933
481.825,2932
481.967,2931
482.7,2930
482.999,2929
484.915,2928
485.641,2927
486.368,2926
489.743,2925
490.621,2924
493.252,2923
494.564,2922
495.299,2921
495.445,2920
498.239,2919
498.827,2918
501.497,2916
501.932,2915
504.427,2914
505.009,2913
505.612,2912
507.378,2911
507.975,2910
508.565,2909
509.162,2908
510.87,2907
513.151,2906
514.145,2905
514.575,2904
516.706,2903
516.847,2902
518.273,2901
518.714,2900
518.857,2899
518.998,2898
520.96,2897
523.395,2896
523.667,2895
527.074,2894
529.037,2893
531.61,2892
532.17,2891
534.432,2890
536.878,2889
537.031,2888
537.462,2887
538.335,2886
539.314,2885
541.007,2884
541.149,2883
546.689,2882
549.227,2881
549.379,2880
550.101,2879
552.933,2878
553.923,2877
555.09,2876
555.384,2875
556.25,2874
556.834,2873
556.974,2872
558.567,2871
559.417,2870
560.994,2869
561.83,2868
566.391,2867
567.934,2866
569.331,2865
570.726,2864
577.604,2863
579.567,2862
580.399,2861
582.347,2860
585.169,2859
586.268,2858
592.017,2857
592.308,2856
592.444,2855
593.137,2854
594.139,2853
596.255,2852
596.672,2851
598.355,2850
