0.226218,3735
0.506133,3734
0.65422,3733
0.796938,3732
1.50579,3731
1.65534,3730
1.78835,3729
2.23338,3728
2.38436,3727
2.65044,3726
2.91872,3725
3.59311,3724
3.73839,3723
5.11387,3722
5.40318,3721
5.9683,3720
6.25845,3719
6.53966,3718
6.81301,3717
7.77068,3716
7.90777,3715
8.04863,3714
8.88318,3713
9.16941,3712
9.31158,3711
9.59084,3710
11.5821,3709
12.0048,3708
12.4385,3707
12.5819,3706
13.1548,3705
13.3001,3704
13.4474,3703
14.0242,3702
14.17,3701
14.3059,3700
14.7392,3699
14.8831,3698
15.0189,3697
15.4732,3696
16.3557,3695
16.5099,3694
16.651,3693
16.9456,3692
17.0937,3691
17.2296,3690
17.381,3689
17.5241,3688
17.809,3687
18.0899,3686
18.5248,3685
18.6732,3684
18.8146,3683
19.0998,3682
19.2428,3681
19.3881,3680
19.5401,3679
20.2755,3678
20.4205,3677
20.5615,3676
20.7041,3675
20.8485,3674
22.003,3673
22.1406,3672
22.2838,3671
22.4191,3670
22.8557,3669
23.2993,3668
23.7346,3667
24.0248,3666
24.1644,3665
24.4597,3664
24.7613,3663
25.3439,3662
25.6335,3661
26.063,3660
26.2103,3659
26.3557,3658
26.4992,3657
27.5069,3656
27.9462,3655
28.2335,3654
29.5299,3653
31.1402,3652
31.4478,3651
31.8881,3650
32.0333,3649
32.1709,3648
32.3216,3647
32.4793,3646
32.8026,3645
33.2469,3644
33.5348,3643
33.6848,3642
34.5522,3641
34.7031,3640
34.9975,3639
35.4158,3638
35.559,3637
36.1382,3636
36.2809,3635
36.7384,3634
37.1972,3633
37.6347,3632
38.8025,3631
39.1031,3630
39.4005,3629
39.6998,3628
39.8559,3627
40.2829,3626
40.428,3625
40.7073,3624
40.9956,3623
41.2824,3622
41.4304,3621
42.0002,3620
42.1479,3619
43.021,3618
43.2981,3617
43.4503,3616
44.3052,3615
44.8824,3614
45.0218,3613
45.301,3612
45.5793,3611
45.7296,3610
45.8648,3609
46.0118,3608
46.1543,3607
46.2987,3606
47.288,3605
47.5818,3604
48.0038,3603
48.8491,3602
48.9929,3601
49.1339,3600
49.4226,3599
49.5639,3598
49.9894,3597
50.1292,3596
50.4083,3595
50.8254,3594
51.2459,3593
51.3913,3592
51.5353,3591
51.6692,3590
51.8053,3589
52.228,3588
52.6536,3587
53.0763,3586
53.6279,3585
55.6123,3584
55.7532,3583
55.8958,3582
56.3201,3581
56.9037,3580
57.6127,3579
57.8855,3578
58.0374,3577
58.5984,3576
60.1826,3575
60.607,3574
61.036,3573
61.4783,3572
61.9106,3571
62.2046,3570
62.3522,3569
62.6448,3568
62.7956,3567
62.9393,3566
63.0878,3565
64.1198,3564
64.9931,3563
65.7134,3562
65.857,3561
66.0055,3560
66.2953,3559
66.7476,3558
67.1828,3557
67.3257,3556
68.769,3555
69.2056,3554
69.3486,3553
69.7891,3552
70.2194,3551
70.5162,3550
71.1079,3549
71.25,3548
71.5827,3547
72.0226,3546
72.6441,3545
72.7925,3544
73.3832,3543
73.5273,3542
73.974,3541
74.2729,3540
74.4197,3539
75.1572,3538
75.4518,3537
75.7543,3536
75.909,3535
76.357,3534
76.6483,3533
76.9384,3532
77.0925,3531
79.3374,3530
79.6388,3529
79.784,3528
80.6413,3527
80.9324,3526
82.0986,3525
82.8183,3524
83.2422,3523
83.3873,3522
83.6741,3521
83.9662,3520
84.686,3519
85.4056,3518
85.6975,3517
86.1348,3516
86.4282,3515
86.5746,3514
86.8671,3513
87.3032,3512
87.4456,3511
87.5873,3510
88.0239,3509
88.1687,3508
88.3125,3507
89.3442,3506
89.4881,3505
90.9736,3504
91.7014,3503
91.849,3502
92.1578,3501
92.3038,3500
93.1741,3499
93.3159,3498
93.915,3497
95.5447,3496
95.6962,3495
96.7719,3494
97.2355,3493
97.533,3492
97.8333,3491
98.1238,3490
98.4125,3489
99.7391,3488
100.039,3487
100.185,3486
100.481,3485
100.626,3484
101.207,3483
101.944,3482
102.289,3481
102.45,3480
102.619,3479
102.778,3478
103.397,3477
103.546,3476
104.118,3475
104.265,3474
104.712,3473
104.852,3472
105.167,3471
105.459,3470
105.605,3469
106.228,3468
106.53,3467
107.911,3466
108.659,3465
108.944,3464
109.229,3463
109.817,3462
110.845,3461
110.985,3460
111.135,3459
112.333,3458
112.632,3457
113.084,3456
113.575,3455
113.728,3454
114.176,3453
114.323,3452
114.917,3451
115.992,3450
116.293,3449
116.442,3448
117.642,3447
118.259,3446
118.712,3445
119.46,3444
119.61,3443
120.509,3442
120.656,3441
121.396,3440
121.546,3439
121.844,3438
122.751,3437
123.049,3436
124.856,3435
125.157,3434
125.308,3433
125.907,3432
126.791,3431
127.084,3430
127.236,3429
127.688,3428
127.836,3427
127.987,3426
128.434,3425
128.583,3424
129.177,3423
129.477,3422
130.08,3421
130.525,3420
130.973,3419
131.118,3418
132.325,3417
132.929,3416
133.38,3415
133.536,3414
133.994,3413
134.145,3412
134.602,3411
136.874,3410
137.333,3409
137.481,3408
137.634,3407
137.776,3406
137.95,3405
139.224,3404
139.38,3403
139.531,3402
140.136,3401
140.914,3400
141.675,3399
141.975,3398
142.13,3397
143.035,3396
143.811,3395
144.57,3394
145.026,3393
146.006,3392
146.319,3391
148.163,3390
149.848,3389
150.469,3388
152.071,3387
152.523,3386
153.129,3385
153.896,3384
154.043,3383
155.116,3382
155.88,3381
156.191,3380
158.571,3379
159.484,3378
160.098,3377
160.408,3376
161.325,3375
163.532,3374
165.069,3373
165.833,3372
166.427,3371
166.734,3370
167.197,3369
167.662,3368
167.833,3367
169.08,3366
170.304,3365
170.774,3364
171.536,3363
171.687,3362
172.487,3361
172.653,3360
173.108,3359
173.409,3358
174.311,3357
174.466,3356
175.529,3355
175.985,3354
176.147,3353
176.769,3352
177.535,3351
177.982,3350
178.585,3349
179.209,3348
179.516,3347
179.824,3346
180.425,3345
181.176,3344
181.786,3343
182.249,3342
183.61,3341
183.917,3340
184.375,3339
184.526,3338
184.83,3337
185.748,3336
186.338,3335
186.496,3334
186.812,3333
187.264,3332
187.568,3331
187.723,3330
188.475,3329
188.928,3328
189.079,3327
189.383,3326
190.454,3325
190.752,3324
191.215,3323
191.817,3322
192.881,3321
194.394,3320
195.625,3319
197.198,3318
197.533,3317
197.987,3316
198.289,3315
198.589,3314
199.639,3313
200.412,3312
201.025,3311
201.635,3310
202.09,3309
202.392,3308
202.544,3307
204.274,3306
204.422,3305
204.577,3304
205.176,3303
205.622,3302
205.918,3301
206.07,3300
206.673,3299
207.587,3298
208.212,3297
208.661,3296
209.276,3295
209.872,3294
210.031,3293
210.484,3292
213.412,3291
214.181,3290
214.498,3289
214.648,3288
215.398,3287
215.857,3286
217.978,3285
218.43,3284
218.732,3283
219.032,3282
219.341,3281
221.337,3280
221.489,3279
223.331,3278
223.638,3277
225.197,3276
225.807,3275
226.877,3274
227.963,3273
228.268,3272
230.071,3271
230.834,3270
231.97,3269
232.266,3268
232.71,3267
233.311,3266
234.217,3265
235.584,3264
236.044,3263
236.194,3262
236.667,3261
237.18,3260
238.103,3259
238.554,3258
239.005,3257
240.68,3256
240.823,3255
241.585,3254
241.731,3253
242.634,3252
242.945,3251
243.094,3250
243.862,3249
244.78,3248
244.934,3247
245.531,3246
245.983,3245
246.277,3244
246.875,3243
247.334,3242
247.974,3241
248.281,3240
248.6,3239
249.047,3238
249.492,3237
250.09,3236
250.401,3235
251.008,3234
252.229,3233
252.379,3232
254.069,3231
254.517,3230
254.974,3229
255.428,3228
256.788,3227
257.688,3226
258.286,3225
259.81,3224
260.413,3223
261.015,3222
261.502,3221
262.466,3220
263.354,3219
263.802,3218
263.953,3217
264.402,3216
266.376,3215
266.682,3214
266.829,3213
269.014,3212
269.648,3211
270.69,3210
270.99,3209
271.136,3208
271.883,3207
272.184,3206
272.813,3205
274.482,3204
275.079,3203
275.537,3202
276.452,3201
276.604,3200
277.187,3199
279.264,3198
281.372,3197
281.676,3196
281.821,3195
281.966,3194
282.424,3193
282.563,3192
283.649,3191
285.469,3190
287.419,3189
287.715,3188
289.193,3187
290.362,3183
290.802,3182
291.104,3181
291.249,3180
291.546,3179
291.986,3178
292.143,3177
293.181,3176
293.487,3175
293.784,3174
295.101,3173
295.416,3172
296.487,3171
297.372,3170
297.682,3169
298.866,3168
299.927,3167
300.675,3166
302.158,3165
303.626,3164
306.576,3163
306.859,3162
307.01,3161
307.469,3160
307.928,3159
311.672,3158
311.823,3157
312.576,3156
313.018,3155
313.168,3154
314.239,3153
316.973,3152
321.14,3151
321.434,3150
322.313,3149
322.899,3148
323.786,3147
324.393,3146
324.689,3145
325.727,3144
327.243,3143
327.992,3142
328.153,3141
328.296,3140
328.592,3139
328.892,3138
329.045,3137
329.192,3136
329.338,3135
330.979,3134
331.126,3133
331.566,3132
331.706,3131
333.056,3130
333.657,3129
333.798,3128
334.401,3127
336.31,3126
336.749,3125
338.073,3124
338.52,3123
338.807,3122
340.713,3121
342.405,3120
343.162,3119
343.623,3118
344.065,3117
346.098,3116
347.133,3115
348.902,3114
349.955,3113
351.302,3112
353.098,3110
355.212,3109
355.796,3108
357.138,3107
358.89,3106
360.246,3105
360.539,3104
362.759,3103
362.903,3102
366.145,3101
368.092,3100
368.82,3099
368.975,3098
370.59,3097
372.188,3096
373.369,3095
373.673,3094
374.285,3093
376.24,3092
376.998,3091
377.723,3090
381.292,3089
381.582,3088
382.161,3087
382.304,3086
382.896,3085
383.48,3084
384.069,3083
386.455,3082
388.128,3081
388.582,3080
389.026,3079
390.927,3078
391.077,3077
391.227,3076
391.817,3075
392.873,3074
393.921,3073
394.219,3072
394.518,3071
395.556,3070
396.443,3069
398.624,3068
398.939,3067
400.262,3066
400.713,3065
400.865,3064
401.309,3063
401.459,3062
402.642,3061
403.366,3060
404.862,3059
405.015,3058
405.611,3057
405.754,3056
406.19,3055
406.783,3054
406.927,3053
408.119,3052
408.841,3051
409.271,3050
411.067,3049
412.28,3048
412.881,3047
413.024,3046
413.307,3045
414.342,3044
414.784,3043
415.981,3042
416.287,3041
416.738,3040
417.339,3039
419.316,3038
419.921,3037
420.361,3036
421.264,3035
422.168,3034
422.324,3033
423.216,3032
424.272,3031
427.362,3030
427.824,3029
428.273,3028
428.997,3027
429.891,3025
430.037,3024
431.072,3023
431.954,3022
434.165,3021
435.361,3020
436.826,3019
438.011,3018
438.307,3017
439.788,3016
441.287,3015
441.734,3014
444.161,3013
444.473,3012
444.774,3011
446.268,3010
446.426,3009
447.028,3008
451.308,3007
451.753,3006
452.93,3005
453.231,3004
453.981,3003
455.026,3002
456.203,3001
457.527,3000
457.67,2999
458.695,2998
458.839,2997
459.444,2996
460.783,2995
461.36,2994
461.95,2993
462.55,2992
464.03,2991
464.471,2990
465.062,2989
468.584,2988
469,2987
469.14,2986
469.589,2985
471.226,2984
471.512,2983
471.653,2982
472.577,2981
473.76,2980
473.902,2979
475.081,2978
475.663,2977
476.539,2976
477.277,2975
479.92,2974
480.203,2973
481.089,2972
483.154,2971
483.736,2970
486.699,2969
490.056,2968
491.516,2967
492.113,2966
494.475,2965
495.072,2964
497.47,2963
498.516,2962
501.012,2961
501.878,2960
502.166,2959
502.452,2958
502.598,2957
502.742,2956
503.041,2955
505.555,2954
505.84,2953
506.133,2952
507.91,2951
508.207,2950
508.792,2949
509.083,2948
509.682,2947
510.112,2946
512.161,2945
515.406,2944
515.7,2943
515.98,2942
517.452,2941
520.961,2940
522.874,2939
523.327,2938
523.76,2937
525.381,2936
529.181,2935
529.47,2934
529.76,2933
530.071,2932
530.356,2931
531.942,2930
532.097,2929
532.247,2928
532.979,2927
533.716,2926
534.744,2925
535.471,2924
537.059,2923
537.825,2922
539.266,2921
539.442,2920
540.156,2919
540.876,2918
541.017,2917
541.765,2916
546.532,2915
547.992,2914
548.151,2913
551.025,2912
551.168,2911
555.922,2910
557.246,2909
558.44,2908
559.331,2907
560.835,2906
561.862,2905
564.696,2904
565.44,2903
566.213,2902
566.851,2901
568.64,2900
569.983,2899
572.817,2898
574.13,2897
574.285,2896
574.431,2895
575.61,2894
576.39,2893
580.419,2892
581.337,2891
582.218,2890
583.674,2889
583.813,2888
585.769,2887
585.918,2886
586.79,2885
591.205,2884
593.569,2883
594.007,2882
594.457,2881
595.64,2880
596.8,2879
597.25,2878
598.565,2877
