2.44403,3735
2.71076,3734
2.84566,3733
2.98091,3732
3.55652,3731
3.70118,3730
3.98621,3729
4.40598,3728
5.78745,3727
5.9283,3726
6.06668,3725
7.02321,3724
7.29595,3723
7.44021,3722
7.58474,3721
7.9963,3720
8.13274,3719
8.27229,3718
8.4086,3717
8.55325,3716
8.69616,3715
9.26126,3714
9.69769,3713
9.83895,3712
10.8831,3711
11.4568,3710
11.6101,3709
12.055,3708
12.1972,3707
12.7712,3706
13.0569,3705
13.1965,3704
13.6235,3703
13.7658,3702
13.9049,3701
14.0563,3700
14.2031,3699
14.3426,3698
14.4837,3697
15.0542,3696
15.3413,3695
15.6295,3694
15.9228,3693
16.0642,3692
16.2069,3691
16.6368,3690
16.9225,3689
17.8094,3688
18.5395,3687
18.6869,3686
19.6834,3685
19.83,3684
20.5609,3683
21.8881,3682
22.1793,3681
22.4661,3680
22.6075,3679
23.4786,3678
23.6225,3677
25.4165,3676
25.5578,3675
25.7009,3674
25.9947,3673
26.5642,3672
27.1503,3671
27.3054,3670
27.6057,3669
27.7453,3668
28.3238,3667
28.4777,3666
28.6305,3665
29.7885,3664
30.0874,3663
30.234,3662
30.8196,3661
30.9638,3660
31.1105,3659
31.2633,3658
31.4097,3657
31.8394,3656
32.9999,3655
33.4419,3654
33.7326,3653
34.0219,3652
34.1762,3651
34.632,3650
34.7766,3649
35.0683,3648
35.8055,3647
36.2415,3646
37.1069,3645
37.5584,3644
38.0088,3643
40.206,3642
40.3474,3641
40.6479,3640
41.1083,3639
41.2651,3638
41.5583,3637
41.8336,3636
42.1181,3635
42.406,3634
42.5549,3633
42.7186,3632
43.4326,3631
43.5742,3630
43.7109,3629
43.8434,3628
43.9892,3627
44.4081,3626
44.5544,3625
44.6881,3624
44.8371,3623
45.2667,3622
45.4017,3621
45.5355,3620
45.8214,3619
46.2247,3618
46.52,3617
47.4962,3616
48.356,3615
48.4918,3614
48.6327,3613
49.4666,3612
49.891,3611
50.5987,3610
50.7375,3609
50.8838,3608
51.0209,3607
51.1636,3606
52.5581,3605
52.7037,3604
52.8413,3603
53.5624,3602
53.8449,3601
53.9876,3600
54.8186,3599
55.103,3598
55.8263,3597
56.1034,3596
56.5209,3595
56.9464,3594
57.3681,3593
57.6536,3592
57.802,3591
58.3521,3590
58.4947,3589
59.1956,3588
59.3366,3587
59.7566,3586
60.7515,3585
60.8863,3584
61.1652,3583
61.2994,3582
62.4245,3581
62.5633,3580
62.7071,3579
62.8532,3578
64.2755,3577
64.4176,3576
64.5544,3575
64.7006,3574
65.401,3573
66.5246,3572
66.8196,3571
67.1109,3570
67.2516,3569
67.3897,3568
67.9691,3567
68.2496,3566
68.5375,3565
68.9606,3564
70.097,3563
70.3861,3562
70.79,3561
70.9339,3560
71.0715,3559
71.2105,3558
71.3494,3557
72.4883,3556
74.0529,3555
74.194,3554
74.7627,3553
75.0435,3552
75.3285,3551
75.882,3550
76.4492,3549
76.8753,3548
77.8671,3547
78.0117,3546
78.4366,3545
78.5752,3544
79.0063,3543
79.1507,3542
79.4396,3541
80.2917,3540
80.4328,3539
80.7351,3538
80.8785,3537
81.8709,3536
82.1685,3535
82.7474,3534
82.8899,3533
83.0332,3532
83.1859,3531
83.3317,3530
83.4759,3529
83.7759,3528
83.9248,3527
84.3701,3526
84.6591,3525
85.1357,3524
85.6085,3523
86.8195,3522
87.2935,3521
87.4435,3520
87.6,3519
88.8601,3518
89.6357,3517
90.1459,3516
90.5943,3515
90.7411,3514
91.1897,3513
91.4903,3512
91.6395,3511
92.0802,3510
92.2303,3509
93.3379,3508
93.6417,3507
93.7919,3506
93.9713,3505
94.6663,3504
94.9696,3503
95.1514,3502
95.6146,3501
95.9179,3500
96.4536,3499
97.2093,3498
97.6697,3497
98.8613,3496
99.7458,3495
99.8992,3494
100.195,3493
100.645,3492
100.803,3491
100.955,3490
102.01,3489
102.763,3488
102.913,3487
103.065,3486
103.367,3485
103.663,3484
103.959,3483
104.413,3482
104.567,3481
105.027,3480
105.661,3479
106.12,3478
106.434,3477
106.894,3476
107.502,3475
108.11,3474
108.554,3473
109.162,3472
109.6,3471
110.055,3470
110.7,3469
111.615,3468
112.065,3467
112.216,3466
112.363,3465
112.515,3464
113.266,3463
113.418,3462
114.345,3461
114.497,3460
114.945,3459
115.099,3458
115.39,3457
116.485,3456
116.633,3455
116.934,3454
117.537,3453
117.686,3452
117.978,3451
118.43,3450
119.498,3449
119.972,3448
120.621,3447
121.089,3446
121.691,3445
122.303,3444
122.602,3443
124.196,3442
124.349,3441
124.807,3440
125.759,3439
126.076,3438
126.223,3437
126.677,3436
126.827,3435
126.974,3434
127.724,3433
128.182,3432
128.334,3431
128.934,3430
129.234,3429
129.386,3428
129.914,3427
130.539,3426
131.139,3425
131.898,3424
132.796,3423
133.242,3422
135.324,3421
135.97,3420
136.121,3419
136.28,3418
136.885,3417
137.325,3416
137.478,3415
137.776,3414
137.928,3413
138.085,3412
139.283,3411
139.593,3410
140.337,3409
140.804,3408
140.956,3407
141.107,3406
141.264,3405
141.418,3404
142.777,3403
142.919,3402
143.065,3401
143.213,3400
143.797,3399
145.189,3398
145.791,3397
146.232,3396
146.374,3395
147.539,3394
148.052,3393
148.405,3392
148.599,3391
149.203,3390
149.642,3389
149.792,3388
151.969,3387
152.408,3386
152.562,3385
152.708,3384
152.866,3383
154.237,3382
154.847,3381
155.747,3380
156.051,3379
156.2,3378
156.349,3377
157.727,3376
157.878,3375
158.177,3374
159.126,3373
159.275,3372
159.42,3371
159.717,3370
159.869,3369
160.312,3368
160.606,3367
161.481,3366
161.628,3365
162.677,3364
164.167,3363
164.603,3362
164.9,3361
165.199,3360
165.503,3359
166.858,3358
167.149,3357
167.298,3356
167.451,3355
167.607,3354
168.756,3353
169.957,3352
170.848,3351
170.989,3350
171.133,3349
171.279,3348
171.423,3347
171.862,3346
172.151,3345
173.039,3344
175.095,3343
175.831,3342
176.122,3341
176.26,3340
176.843,3339
177.431,3338
179.138,3337
179.718,3336
180.31,3335
181.632,3334
182.841,3333
183.269,3332
183.707,3331
183.847,3330
185.032,3329
186.496,3328
186.649,3327
186.935,3326
187.371,3325
187.515,3324
187.658,3323
188.402,3322
188.845,3321
188.982,3320
190.313,3319
191.188,3318
191.331,3317
193.112,3316
193.411,3315
193.703,3314
193.845,3313
193.989,3312
194.581,3311
194.72,3310
194.869,3309
197.044,3308
197.339,3307
197.916,3306
198.215,3305
198.509,3304
199.373,3303
199.528,3302
199.813,3301
200.111,3300
200.396,3299
200.836,3298
201.42,3297
201.702,3296
203.157,3295
204.482,3294
204.913,3293
205.212,3292
205.782,3291
206.663,3290
206.819,3289
206.963,3288
207.26,3287
207.846,3286
208.581,3285
208.727,3284
208.868,3283
209.154,3282
209.455,3281
209.741,3280
210.195,3279
210.502,3278
211.105,3277
211.716,3276
211.862,3275
212.142,3274
212.727,3273
212.882,3272
213.777,3271
214.434,3270
214.869,3269
215.909,3268
216.488,3267
216.638,3266
217.792,3265
218.841,3264
219.266,3263
220.297,3262
220.587,3261
220.883,3260
222.751,3259
223.194,3258
224.074,3257
224.215,3256
224.364,3255
224.511,3254
226.411,3253
227.128,3252
228.154,3251
229.04,3250
229.18,3249
229.324,3248
229.927,3247
231.096,3246
231.243,3245
231.536,3244
232.426,3243
232.704,3242
233.872,3241
234.02,3240
234.448,3239
234.742,3238
234.892,3237
235.036,3236
235.176,3235
236.044,3234
236.333,3233
237.342,3232
237.797,3231
238.24,3230
239.266,3229
239.706,3228
240.432,3227
240.576,3226
241.151,3225
241.297,3224
242.308,3223
243.627,3222
244.365,3221
245.241,3220
245.675,3219
245.955,3218
248.01,3217
248.15,3216
248.449,3215
249.033,3214
250.477,3213
250.918,3212
251.061,3211
251.634,3210
251.778,3209
252.207,3208
252.795,3207
253.227,3206
253.523,3205
253.666,3204
253.949,3203
254.232,3202
254.664,3201
254.946,3200
255.804,3199
257.855,3198
258.857,3197
259.427,3196
260.437,3195
260.589,3194
261.032,3193
261.602,3192
261.739,3191
262.9,3190
263.043,3189
263.35,3188
263.783,3187
265.372,3186
265.514,3185
267.226,3184
267.367,3183
267.65,3182
267.948,3181
270.566,3180
270.719,3179
271.443,3178
271.866,3177
272.013,3176
272.583,3175
272.737,3174
272.874,3173
273.151,3172
273.292,3171
273.724,3170
274.89,3169
275.19,3168
275.911,3167
276.625,3166
276.781,3165
277.365,3164
277.942,3163
278.526,3162
278.865,3161
281.38,3160
281.519,3159
282.116,3158
282.264,3157
283.012,3156
283.593,3155
283.871,3154
284.871,3153
285.307,3152
286.038,3151
286.18,3150
287.192,3149
287.913,3148
288.368,3147
288.973,3146
289.455,3145
289.744,3144
290.046,3143
290.191,3142
291.638,3141
292.349,3140
292.934,3139
293.226,3138
293.795,3137
294.213,3136
294.664,3135
295.228,3134
296.528,3133
296.963,3132
297.521,3131
297.661,3130
297.808,3129
298.25,3128
298.537,3127
299.552,3126
299.692,3125
300.104,3124
300.838,3123
300.983,3122
301.723,3121
302.323,3120
302.905,3119
305.371,3118
305.519,3117
307.651,3116
308.514,3115
309.651,3114
311.238,3113
312.163,3112
312.624,3111
313.812,3110
314.11,3109
315.126,3108
315.266,3107
315.693,3106
317.145,3105
317.436,3104
317.712,3103
317.852,3102
320.185,3101
320.48,3100
321.356,3099
321.501,3098
322.11,3097
322.692,3096
323.562,3095
323.703,3094
324.571,3093
324.717,3092
328.601,3091
330.205,3090
330.937,3089
332.096,3088
332.381,3087
333.236,3086
333.376,3085
334.404,3084
335.402,3083
336.125,3082
336.276,3081
336.701,3080
337.276,3079
338.032,3078
339.261,3077
339.556,3076
339.849,3075
340.276,3074
341.158,3073
343.212,3072
343.503,3071
343.652,3070
345.226,3069
346.082,3068
348.647,3067
349.667,3066
350.4,3065
352.552,3064
354.54,3063
356.254,3062
357.035,3061
357.534,3060
357.684,3059
357.823,3058
361.718,3057
361.858,3056
362.645,3055
363.101,3054
363.843,3053
365.712,3052
366.572,3051
366.717,3050
367.996,3049
368.298,3048
368.439,3047
370.21,3046
370.492,3045
372.43,3044
373.218,3043
373.527,3042
376.391,3041
376.663,3040
377.254,3039
377.418,3038
377.735,3037
378.59,3036
380.612,3035
381.746,3034
382.589,3033
382.732,3032
383.145,3031
383.286,3030
383.994,3029
385.118,3028
385.262,3027
385.984,3026
387.118,3025
387.559,3024
388.263,3023
388.54,3022
388.958,3021
389.098,3020
392.018,3019
392.18,3018
393.098,3017
397.819,3016
400.427,3015
402.954,3014
405.384,3013
405.667,3012
406.649,3011
407.212,3010
407.488,3009
407.771,3008
408.495,3007
408.916,3006
411.248,3005
413.515,3004
415.192,3003
415.923,3002
417.188,3001
417.333,3000
417.632,2999
418.922,2998
423.604,2997
423.765,2996
424.362,2995
425.083,2994
425.228,2993
425.371,2992
427.426,2991
428.846,2990
429.282,2989
431.459,2988
431.874,2987
432.852,2986
433.296,2985
434.173,2984
434.877,2983
437.663,2982
438.352,2981
438.772,2980
443.918,2979
445.594,2978
445.733,2977
449.464,2976
449.88,2975
450.016,2974
452.299,2973
454.864,2972
455.299,2971
455.884,2970
457.528,2969
458.251,2968
459.25,2967
459.382,2966
462.703,2965
463.136,2964
464.403,2963
464.679,2962
467.114,2961
470.584,2960
471.299,2959
473.015,2958
475.603,2957
476.049,2956
478.508,2955
480.358,2954
482.367,2953
483.248,2952
485.153,2951
485.59,2950
486.025,2949
486.602,2948
487.64,2946
488.065,2945
488.802,2944
492.094,2943
493.341,2942
496.748,2941
497.301,2940
497.716,2939
497.855,2938
498.334,2937
498.81,2936
499.404,2935
500.324,2934
500.482,2933
503.612,2932
503.92,2931
506.325,2930
506.633,2929
507.599,2928
508.179,2927
510.769,2926
511.197,2925
514.402,2924
515.774,2923
516.089,2922
518.32,2921
519.907,2920
520.071,2919
521.138,2918
521.293,2917
523.59,2916
523.726,2915
526.635,2914
527.899,2912
528.039,2911
529.84,2910
531.949,2909
533.207,2908
535.843,2907
536.814,2906
538.077,2905
539.255,2904
540.851,2903
541.118,2902
541.541,2901
541.824,2900
544.117,2899
544.262,2898
545.021,2897
545.331,2896
546.395,2895
547.884,2894
548.18,2893
552.012,2892
552.32,2891
552.893,2890
553.173,2889
553.454,2888
553.591,2887
555.172,2886
555.645,2885
556.495,2884
560.09,2883
561.536,2882
564.711,2881
565.469,2880
568.867,2879
570.131,2878
570.682,2877
573.425,2876
573.557,2875
573.834,2874
574.558,2873
575.504,2872
575.788,2871
575.918,2870
576.616,2869
578.937,2868
579.076,2867
580.411,2866
581.103,2865
582.988,2864
584.39,2863
585.665,2862
586.076,2861
588.256,2860
588.712,2859
591.282,2858
591.576,2857
593.811,2856
595.507,2855
596.721,2854
597.825,2853
598.928,2852
