0.37001,3735
1.00013,3734
1.27962,3733
1.42217,3732
1.56364,3731
1.70548,3730
1.84323,3729
3.98414,3728
4.4106,3727
4.69909,3726
4.8388,3725
4.98672,3724
5.13465,3723
5.28312,3722
5.42394,3721
5.71656,3720
5.86007,3719
6.01352,3718
6.30757,3717
7.02799,3716
7.3081,3715
8.72433,3714
9.14592,3713
9.57174,3712
9.70752,3711
9.84878,3710
10.1356,3709
11.151,3708
11.2891,3707
11.431,3706
11.5701,3705
11.7125,3704
11.8551,3703
12.2867,3702
13.1635,3701
13.3125,3700
13.7448,3699
14.4671,3698
14.8958,3697
15.0455,3696
15.8117,3695
15.959,3694
16.106,3693
16.2527,3692
16.575,3691
16.7153,3690
17.0086,3689
17.4485,3688
17.5939,3687
18.0275,3686
18.6132,3685
18.757,3684
19.0544,3683
19.7708,3682
19.9309,3681
20.6194,3680
20.9735,3679
21.6586,3678
21.9603,3677
22.1124,3676
22.2657,3675
22.5755,3674
23.5508,3673
24.0786,3672
24.3671,3671
24.657,3670
25.1043,3669
25.4034,3668
26.1514,3667
26.4588,3666
27.0635,3665
27.2144,3664
28.4106,3663
28.7008,3662
28.9888,3661
29.1309,3660
29.3178,3659
29.6255,3658
29.7667,3657
30.0565,3656
30.2019,3655
30.3435,3654
30.6289,3653
30.7747,3652
31.0609,3651
31.3605,3650
31.6515,3649
31.9333,3648
33.3974,3647
33.5416,3646
33.6899,3645
34.1302,3644
34.28,3643
34.4292,3642
34.5808,3641
34.727,3640
35.0237,3639
35.1749,3638
36.0683,3637
36.5058,3636
36.6527,3635
36.942,3634
37.8386,3633
38.7123,3632
39.4349,3631
40.6017,3630
40.7479,3629
40.8895,3628
41.0348,3627
41.1824,3626
41.9148,3625
42.0633,3624
42.5429,3623
42.7137,3622
44.0283,3621
44.5999,3620
44.749,3619
45.1956,3618
45.6308,3617
46.0734,3616
46.2184,3615
46.3656,3614
46.5139,3613
46.8038,3612
47.2762,3611
47.4434,3610
48.6806,3609
48.9644,3608
49.2655,3607
49.4133,3606
49.5549,3605
50.4398,3604
50.5846,3603
50.7306,3602
52.1964,3601
53.5752,3600
53.7166,3599
53.8685,3598
54.3113,3597
54.4623,3596
54.7637,3595
55.0558,3594
55.201,3593
55.3438,3592
55.4894,3591
55.7924,3590
57.119,3589
57.2661,3588
58.1626,3587
58.5916,3586
58.7338,3585
58.8772,3584
59.1799,3583
59.3254,3582
60.487,3581
60.6327,3580
61.9676,3579
62.2604,3578
62.8479,3577
62.9962,3576
63.2947,3575
63.4348,3574
64.025,3573
64.1704,3572
64.3217,3571
64.6277,3570
64.9204,3569
65.218,3568
65.8054,3567
66.7464,3566
68.3772,3565
69.8387,3564
71.2216,3563
71.5157,3562
71.6634,3561
71.966,3560
72.249,3559
72.3902,3558
73.2667,3557
73.5755,3556
73.7633,3555
73.9233,3554
74.9857,3553
75.5842,3552
76.4614,3551
76.7557,3550
77.3452,3549
78.0908,3548
79.4368,3547
80.0248,3546
80.1768,3545
80.6193,3544
80.9133,3543
81.0551,3542
81.2024,3541
81.5006,3540
81.7964,3539
82.527,3538
82.9537,3537
83.2376,3536
83.8134,3535
84.1239,3534
85.0308,3533
85.3255,3532
85.6315,3531
86.2376,3530
86.4083,3529
86.5652,3528
86.7403,3527
87.1878,3526
87.335,3525
87.6343,3524
88.3847,3523
88.5311,3522
88.6772,3521
89.1277,3520
89.2727,3519
89.4207,3518
89.7129,3517
90.3053,3516
90.592,3515
91.3282,3514
91.9121,3513
92.0643,3512
92.9634,3511
94.4348,3510
94.5905,3509
94.8884,3508
95.1727,3507
95.6272,3506
96.2121,3505
96.356,3504
96.6496,3503
96.7963,3502
97.3881,3501
97.6846,3500
98.2742,3499
98.5732,3498
99.1712,3497
100.362,3496
100.508,3495
100.657,3494
100.804,3493
102.296,3492
103.247,3491
103.558,3490
103.71,3489
103.858,3488
104.145,3487
104.298,3486
104.443,3485
104.897,3484
105.195,3483
105.349,3482
106.248,3481
108.627,3480
108.937,3479
109.385,3478
109.828,3477
109.98,3476
110.727,3475
111.634,3474
112.669,3473
113.269,3472
114.022,3471
114.172,3470
114.474,3469
115.236,3468
115.383,3467
116.135,3466
116.577,3465
116.737,3464
117.401,3463
118.614,3462
118.76,3461
118.902,3460
119.056,3459
119.199,3458
119.649,3457
120.252,3456
121.041,3455
121.189,3454
121.338,3453
122.091,3452
122.237,3451
122.976,3450
123.278,3449
123.423,3448
125.355,3447
125.798,3446
126.845,3445
126.99,3444
127.302,3443
128.089,3442
128.235,3441
129.602,3440
131.521,3439
131.811,3438
133.272,3437
133.564,3436
134.001,3435
134.454,3434
134.897,3433
136.244,3432
137.001,3431
137.39,3430
137.763,3429
138.089,3428
138.635,3427
138.954,3426
139.102,3425
139.257,3424
139.4,3423
139.543,3422
139.694,3421
140.126,3420
140.734,3419
140.88,3418
141.029,3417
141.774,3416
142.062,3415
142.21,3414
143.104,3413
143.397,3412
143.558,3411
144.155,3410
144.304,3409
146.983,3408
147.882,3407
148.035,3406
148.487,3405
149.988,3404
150.29,3403
151.331,3402
151.783,3401
152.251,3400
152.554,3399
153.287,3398
153.433,3397
153.578,3396
153.726,3395
154.172,3394
154.925,3393
155.371,3392
157.765,3391
158.804,3390
159.848,3389
160.461,3388
161.052,3387
161.199,3386
162.255,3385
162.999,3384
163.453,3383
163.915,3382
164.666,3381
164.969,3380
166.456,3379
167.356,3378
167.512,3377
167.831,3376
168.743,3375
169.201,3374
169.658,3373
169.814,3372
170.57,3371
172.06,3370
172.659,3369
173.112,3368
173.257,3367
173.412,3366
173.862,3365
174.308,3364
174.457,3363
174.608,3362
174.905,3361
175.053,3360
175.486,3359
175.784,3358
176.248,3357
177.448,3356
177.76,3355
178.21,3354
178.354,3353
178.504,3352
179.69,3351
180.29,3350
180.439,3349
181.645,3348
182.392,3347
184.803,3346
185.255,3345
186.903,3344
187.053,3343
187.646,3342
188.098,3341
188.244,3340
189.129,3339
189.43,3338
189.873,3337
190.62,3336
193.798,3335
193.946,3334
194.239,3333
194.541,3332
194.684,3331
194.835,3330
194.988,3329
196.325,3328
196.479,3327
197.378,3326
197.535,3325
197.845,3324
198.141,3323
198.44,3322
198.583,3321
199.034,3320
199.949,3319
200.101,3318
201.632,3317
201.782,3316
202.541,3315
202.695,3314
203.451,3313
203.754,3312
204.356,3311
204.671,3310
206.465,3309
206.614,3308
207.103,3307
208.035,3306
209.141,3305
209.295,3304
210.079,3303
210.693,3302
211.13,3301
212.047,3300
213.431,3299
213.581,3298
213.727,3297
215.423,3296
215.571,3295
216.456,3294
216.602,3293
216.749,3292
216.9,3291
217.196,3290
218.411,3289
218.557,3288
218.712,3287
219.016,3286
220.063,3285
220.212,3284
221.719,3283
222.176,3282
223.664,3281
223.959,3280
225.005,3279
225.605,3278
225.748,3277
226.196,3276
228.768,3275
229.519,3274
230.72,3273
232.677,3272
233.445,3271
233.919,3270
234.069,3269
234.221,3268
234.369,3267
235.27,3266
235.578,3265
235.89,3264
236.352,3263
236.801,3262
237.095,3261
237.844,3260
238.748,3259
238.9,3258
239.53,3257
239.682,3256
240.739,3255
240.89,3254
241.188,3253
241.341,3252
241.491,3251
241.933,3250
242.082,3249
242.234,3248
242.535,3247
243.298,3246
243.455,3245
243.6,3244
243.91,3243
244.657,3242
245.411,3241
246.631,3240
246.785,3239
247.238,3238
248.735,3237
249.473,3236
250.077,3235
250.828,3234
251.138,3233
252.943,3232
255.201,3231
255.364,3230
255.812,3229
256.706,3228
258.211,3227
258.502,3226
259.273,3225
259.418,3224
259.713,3223
260.776,3222
261.231,3221
261.389,3220
261.693,3219
265.296,3218
265.598,3217
265.898,3216
266.202,3215
266.507,3214
267.12,3213
268.331,3212
268.63,3211
269.389,3210
270.907,3209
271.514,3208
271.822,3207
272.267,3206
272.416,3205
272.568,3204
272.72,3203
273.785,3202
274.695,3201
275.43,3200
276.178,3199
277.691,3198
277.839,3197
277.983,3196
279.195,3195
280.091,3194
281.138,3193
281.436,3192
282.18,3191
282.789,3190
283.999,3189
284.448,3188
284.898,3187
285.189,3186
285.33,3185
286.983,3184
287.285,3183
288.174,3182
288.327,3181
291.706,3180
294.374,3179
294.67,3178
294.972,3177
296.022,3176
296.929,3175
297.37,3174
298.578,3173
298.874,3172
300.086,3171
300.39,3170
302.668,3169
304.496,3168
307.363,3167
307.509,3166
307.652,3165
308.862,3164
310.222,3163
310.674,3162
310.825,3161
311.734,3160
312.343,3159
312.493,3158
312.639,3157
312.789,3156
312.941,3155
313.393,3154
314.298,3153
314.447,3152
314.593,3151
314.887,3150
315.191,3149
315.795,3148
316.097,3147
319.575,3146
320.617,3145
321.067,3144
322.275,3143
326.788,3142
326.938,3141
327.231,3140
329.023,3139
330.065,3138
330.666,3137
331.714,3136
332.018,3135
332.464,3134
332.611,3133
333.673,3132
334.264,3131
334.87,3130
335.018,3129
336.078,3128
336.226,3127
336.83,3126
336.976,3125
337.273,3124
337.86,3123
339.337,3122
339.642,3121
340.098,3120
340.255,3119
340.551,3118
340.854,3117
340.999,3116
342.194,3115
343.666,3114
346.041,3113
346.776,3112
348.258,3111
348.549,3110
348.696,3109
349.129,3108
349.882,3107
351.215,3106
351.66,3105
351.808,3104
351.955,3103
352.699,3102
352.847,3101
353.146,3100
353.446,3099
353.897,3098
354.045,3097
354.191,3096
355.855,3095
357.783,3094
358.676,3093
361.048,3092
361.195,3091
362.687,3090
363.28,3089
363.43,3088
364.17,3087
367.452,3086
368.334,3085
368.631,3084
368.776,3083
368.919,3082
369.36,3081
369.658,3080
370.241,3079
372.749,3078
372.897,3077
373.193,3076
374.222,3075
374.518,3074
374.812,3073
374.963,3072
375.253,3071
377.024,3070
377.315,3069
379.831,3068
380.567,3067
380.722,3066
381.026,3065
382.514,3064
382.655,3063
382.946,3062
383.829,3061
386.969,3060
387.853,3059
388.157,3058
388.302,3057
390.242,3056
390.719,3055
391.027,3054
391.177,3053
392.066,3052
392.218,3051
393.406,3050
394.878,3049
396.27,3048
396.556,3047
397.449,3046
397.747,3045
399.094,3044
399.397,3043
402.519,3042
402.811,3041
405.367,3040
405.941,3039
406.078,3038
407.939,3037
409.082,3036
409.978,3035
412.056,3034
412.2,3033
412.64,3032
412.941,3031
413.385,3030
414.414,3029
414.857,3028
415.157,3027
416.929,3026
417.224,3025
417.807,3024
418.989,3023
419.137,3022
421.958,3021
425.358,3020
426.082,3019
426.23,3018
427.846,3017
428.588,3016
429.899,3015
430.358,3014
431.696,3013
431.842,3012
431.989,3011
432.729,3010
434.965,3009
435.11,3008
435.847,3007
436.729,3006
439.565,3005
440.162,3004
441.965,3003
442.112,3002
443.455,3001
445.445,3000
445.617,2999
446.506,2998
446.953,2997
447.854,2996
448.153,2995
450.003,2994
450.32,2993
451.215,2992
451.948,2991
453.711,2990
456.728,2989
459.271,2988
459.864,2987
460.471,2986
460.63,2985
460.8,2984
463.758,2983
464.052,2982
464.786,2981
466.331,2980
466.475,2979
468.989,2978
472.362,2977
473.217,2976
473.51,2975
473.944,2974
475.138,2973
475.869,2972
477.071,2971
477.524,2970
478.707,2969
478.853,2968
480.035,2967
480.326,2966
481.664,2965
482.236,2964
483.802,2963
488.249,2962
489.178,2961
490.815,2960
491.102,2959
491.68,2958
492.984,2957
494.311,2956
495.487,2955
498.111,2954
498.705,2953
499.001,2952
499.742,2951
503.825,2950
505.02,2949
505.169,2948
506.212,2947
507.242,2946
507.688,2945
510.474,2944
513.001,2943
515.236,2942
516.156,2941
517.633,2940
518.245,2939
519.994,2938
520.138,2937
527.267,2936
528.413,2935
528.849,2933
529.579,2932
529.721,2931
530.174,2930
532.246,2929
533.858,2928
534.159,2927
536.42,2926
539.18,2925
539.761,2924
542.469,2923
542.617,2922
545.399,2921
547.364,2920
547.939,2919
551.198,2918
552.069,2917
552.357,2916
554.683,2915
555.846,2914
556.28,2913
558.523,2912
559.685,2911
563.764,2910
564.774,2909
565.804,2908
566.979,2907
569.159,2906
570.638,2905
571.41,2904
571.557,2903
571.852,2902
574.775,2901
576.529,2900
578.41,2899
579.867,2898
580.897,2897
581.626,2896
582.626,2895
583.211,2894
584.234,2893
584.962,2892
587.314,2891
587.601,2890
587.764,2889
588.519,2888
589.236,2887
591.015,2886
591.156,2885
593.754,2884
597.247,2883
598.974,2882
