0.979961, 10773
2.4509, 10772
3.89674, 10771
5.30332, 10770
6.8804, 10769
8.3381, 10768
9.77754, 10767
11.3393, 10766
12.6754, 10765
14.2751, 10764
17.3443, 10763
18.4894, 10762
20.0966, 10761
21.5658, 10760
22.9894, 10759
24.4909, 10758
25.9856, 10757
27.6032, 10756
29.1804, 10755
30.7713, 10754
33.8562, 10753
35.3977, 10752
36.9641, 10751
38.2574, 10750
39.8115, 10749
41.2879, 10748
42.7741, 10747
43.9632, 10746
45.1876, 10745
46.7136, 10744
48.1887, 10743
49.6336, 10742
51.0928, 10741
52.442, 10740
53.9113, 10739
55.3896, 10738
56.8396, 10737
58.3415, 10736
59.8378, 10735
62.7543, 10734
64.3189, 10733
65.8489, 10732
67.1713, 10731
68.543, 10730
69.8369, 10729
71.2367, 10728
74.0559, 10727
75.6353, 10726
77.1565, 10725
78.6124, 10724
80.2503, 10723
81.9015, 10722
83.3439, 10721
84.9188, 10720
90.5872, 10719
92.137, 10718
93.6199, 10717
95.2246, 10716
98.0667, 10715
99.6506, 10714
101.1, 10713
102.651, 10712
105.986, 10711
107.33, 10710
108.826, 10709
110.116, 10708
111.793, 10707
113.342, 10706
114.955, 10705
119.433, 10704
121.046, 10703
124.011, 10702
125.586, 10701
127.089, 10700
128.594, 10699
130.091, 10698
131.636, 10697
133.163, 10696
134.718, 10695
136.282, 10694
137.858, 10693
139.378, 10692
141.023, 10691
142.52, 10690
143.911, 10689
145.489, 10688
147.123, 10687
150.217, 10686
153.15, 10685
154.73, 10684
156.379, 10683
157.874, 10682
161.135, 10681
162.675, 10680
164.291, 10679
165.83, 10678
167.333, 10677
168.748, 10676
171.621, 10675
173.164, 10674
174.876, 10673
176.224, 10672
177.764, 10671
179.387, 10670
180.841, 10669
185.394, 10668
186.729, 10667
189.527, 10666
192.698, 10665
196.983, 10664
200.111, 10663
201.655, 10662
203.402, 10661
205.005, 10660
206.55, 10659
208.202, 10658
209.848, 10657
211.371, 10656
212.77, 10655
214.259, 10654
217.328, 10653
218.928, 10652
220.513, 10651
222.112, 10650
223.434, 10649
225.03, 10648
226.714, 10647
228.403, 10646
229.952, 10645
231.434, 10644
233.049, 10643
234.617, 10642
236.164, 10641
237.736, 10640
239.412, 10639
242.458, 10638
248.624, 10637
249.996, 10636
253.187, 10635
256.296, 10634
257.861, 10633
259.543, 10632
261.223, 10631
262.633, 10630
264.074, 10629
265.506, 10628
267.118, 10627
268.646, 10626
270.1, 10625
271.674, 10624
273.277, 10623
274.869, 10622
276.549, 10621
279.488, 10620
280.936, 10619
282.618, 10618
287.172, 10617
288.794, 10616
291.892, 10615
293.221, 10614
294.874, 10613
296.49, 10612
298.049, 10611
299.61, 10610
301.163, 10609
302.878, 10608
304.544, 10607
306.026, 10606
307.54, 10605
309.232, 10604
310.826, 10603
312.379, 10602
313.995, 10601
315.538, 10600
317.246, 10599
318.926, 10598
322.001, 10597
323.648, 10596
325.338, 10595
326.972, 10594
328.701, 10593
330.25, 10592
331.903, 10591
333.592, 10590
334.928, 10589
336.537, 10588
338.224, 10587
339.905, 10586
342.872, 10585
344.471, 10584
346.004, 10583
349.097, 10582
350.608, 10581
352.346, 10580
353.915, 10579
355.471, 10578
358.463, 10577
360.003, 10576
361.334, 10575
362.805, 10574
364.299, 10573
365.853, 10572
367.54, 10571
369.234, 10570
370.815, 10569
372.234, 10568
373.804, 10567
375.402, 10566
376.855, 10565
378.303, 10564
384.858, 10563
386.564, 10562
388.179, 10561
389.763, 10560
391.198, 10559
392.875, 10558
394.551, 10557
396.177, 10556
397.986, 10555
399.592, 10554
402.993, 10553
404.636, 10552
405.942, 10551
407.614, 10550
409.428, 10549
411.185, 10548
412.975, 10547
417.999, 10546
419.541, 10545
421.036, 10544
422.673, 10543
424.28, 10542
425.881, 10541
427.318, 10540
429.103, 10539
430.758, 10538
432.39, 10537
433.868, 10536
435.462, 10535
437.093, 10534
438.69, 10533
440.092, 10532
441.679, 10531
443.164, 10530
444.81, 10529
446.619, 10528
448.246, 10527
451.514, 10526
453.103, 10525
454.665, 10524
457.603, 10523
459.25, 10522
462.644, 10521
464.339, 10520
465.842, 10519
467.457, 10518
469.018, 10517
474.02, 10516
475.776, 10515
477.488, 10514
479.177, 10513
480.803, 10512
482.443, 10511
483.997, 10510
485.667, 10509
489.005, 10508
490.516, 10507
492.208, 10506
493.948, 10505
495.734, 10504
498.836, 10503
500.522, 10502
502.323, 10501
504.078, 10500
505.641, 10499
509.007, 10498
510.487, 10497
512.119, 10496
513.673, 10495
517.14, 10494
518.679, 10493
523.616, 10492
526.878, 10491
531.862, 10490
533.457, 10489
535.074, 10488
536.724, 10487
538.532, 10486
539.987, 10485
541.698, 10484
545.078, 10483
548.242, 10482
551.697, 10481
553.452, 10480
554.991, 10479
556.596, 10478
558.345, 10477
559.997, 10476
561.489, 10475
563.213, 10474
566.706, 10473
568.345, 10472
569.958, 10471
577.939, 10470
579.715, 10469
584.908, 10468
586.582, 10467
588.295, 10466
590.011, 10465
595.149, 10464
596.835, 10463
598.077, 10462
601.442, 10461
602.979, 10460
604.543, 10459
606.264, 10458
607.938, 10457
609.692, 10456
611.294, 10455
612.893, 10454
614.576, 10453
618.031, 10452
623.194, 10451
625.029, 10450
626.612, 10449
628.322, 10448
631.612, 10447
633.208, 10446
634.944, 10445
638.148, 10444
639.576, 10443
641.159, 10442
642.831, 10441
644.274, 10440
645.825, 10439
649.301, 10438
651.01, 10437
652.698, 10436
655.988, 10435
657.766, 10434
661.045, 10433
668.186, 10432
669.811, 10431
671.57, 10430
674.982, 10429
676.57, 10428
678.245, 10427
684.977, 10426
686.727, 10425
688.443, 10424
690.273, 10423
692.091, 10422
695.518, 10421
697.074, 10420
698.87, 10419
700.737, 10418
702.352, 10417
704.016, 10416
705.685, 10415
707.566, 10414
709.208, 10413
710.684, 10412
712.424, 10411
717.076, 10410
718.831, 10409
723.916, 10408
725.56, 10407
729.125, 10406
731.009, 10405
732.636, 10404
734.509, 10403
736.215, 10402
738.04, 10401
739.871, 10400
741.704, 10399
744.831, 10398
750.161, 10397
753.469, 10396
755.249, 10395
757.002, 10394
758.479, 10393
765.438, 10392
768.759, 10391
772.136, 10390
775.404, 10389
777.09, 10388
778.88, 10387
780.602, 10386
784.241, 10385
787.466, 10384
789.236, 10383
791.029, 10382
792.75, 10381
796.02, 10380
801.01, 10379
802.724, 10378
804.596, 10377
806.362, 10376
808.162, 10375
815.041, 10374
816.58, 10373
818.449, 10372
820.363, 10371
832.655, 10370
834.432, 10369
839.582, 10368
841.373, 10367
843.197, 10366
846.515, 10365
849.717, 10364
853.193, 10363
854.874, 10362
863.822, 10361
865.347, 10360
867.164, 10359
868.917, 10358
870.694, 10357
872.326, 10356
874.054, 10355
875.855, 10354
877.651, 10353
879.451, 10352
881.35, 10351
891.864, 10350
895.152, 10349
896.793, 10348
898.697, 10347
900.097, 10346
902.004, 10345
905.408, 10344
908.731, 10343
911.778, 10342
915.157, 10341
916.887, 10340
922.294, 10339
924.001, 10338
927.567, 10337
930.897, 10336
932.743, 10335
934.619, 10334
939.781, 10333
941.756, 10332
943.423, 10331
945.311, 10330
948.948, 10329
952.523, 10328
954.37, 10327
959.553, 10326
965.024, 10325
966.835, 10324
968.613, 10323
970.244, 10322
971.858, 10321
973.479, 10320
975.075, 10319
978.471, 10318
981.994, 10317
987.255, 10316
989.177, 10315
990.837, 10314
992.563, 10313
994.366, 10312
996.034, 10311
999.536, 10310
1003.02, 10309
1004.68, 10308
1006.45, 10307
1008.18, 10306
1013.53, 10305
1016.95, 10304
1022.34, 10303
1026.01, 10302
1029.7, 10301
1031.55, 10300
1033.36, 10299
1035.04, 10298
1036.78, 10297
1038.51, 10296
1040.24, 10295
1041.74, 10294
1043.67, 10293
1047.21, 10292
1048.92, 10291
1050.71, 10290
1052.57, 10289
1056.05, 10288
1058.03, 10287
1059.93, 10286
1061.67, 10285
1063.15, 10284
1065.08, 10283
1068.77, 10282
1072.27, 10281
1073.88, 10280
1077.45, 10279
1082.99, 10278
1084.69, 10277
1088.33, 10276
1095.37, 10275
1097.12, 10274
1098.93, 10273
1108.12, 10272
1110.06, 10271
1113.27, 10270
1116.87, 10269
1122.17, 10268
1124, 10267
1125.84, 10266
1127.68, 10265
1129.74, 10264
1131.69, 10263
1133.48, 10262
1135.38, 10261
1137.2, 10260
1138.97, 10259
1142.62, 10258
1144.46, 10257
1151.99, 10256
1161.14, 10255
1162.91, 10254
1166.48, 10253
1168.22, 10252
1169.98, 10251
1173.82, 10250
1175.58, 10249
1177.47, 10248
1179.34, 10247
1182.93, 10246
1184.51, 10245
1191.84, 10244
1193.66, 10243
1199.24, 10242
1204.62, 10241
1212.26, 10240
1214.18, 10239
1216.13, 10238
1217.94, 10237
1227.29, 10236
1229.14, 10235
1231.05, 10234
1232.9, 10233
1240.34, 10232
1242.11, 10231
1243.87, 10230
1247.64, 10229
1249.47, 10228
1251.16, 10227
1253.01, 10226
1256.45, 10225
1258.18, 10224
1260.04, 10223
1263.6, 10222
1267.5, 10221
1273.08, 10220
1278.56, 10219
1290.04, 10218
1292.03, 10217
1293.98, 10216
1295.77, 10215
1299.51, 10214
1305.22, 10213
1307.14, 10212
1308.99, 10211
1314.6, 10210
1320.11, 10209
1321.82, 10208
1327.39, 10207
1329.14, 10206
1331.07, 10205
1333.04, 10204
1336.72, 10203
1338.41, 10202
1340.17, 10201
1344.06, 10200
1347.77, 10199
1349.52, 10198
1353.12, 10197
1354.96, 10196
1356.88, 10195
1360.57, 10194
1364.21, 10193
1366.02, 10192
1369.44, 10191
1373.26, 10190
1375.08, 10189
1376.98, 10188
1378.6, 10187
1382.22, 10186
1384, 10185
1387.61, 10184
1389.56, 10183
1398.21, 10182
1401.95, 10181
1405.47, 10180
1407.4, 10179
1409.16, 10178
1413, 10177
1414.99, 10176
1420.41, 10175
1422.19, 10174
1425.83, 10173
1429.76, 10172
1435.64, 10171
1437.57, 10170
1450.15, 10169
1457.84, 10168
1465.62, 10167
1469.1, 10166
1471, 10165
1474.73, 10164
1476.64, 10163
1478.77, 10162
1482.16, 10161
1490.03, 10160
1497.37, 10159
1499.26, 10158
1501.09, 10157
1506.46, 10156
1508.38, 10155
1512.18, 10154
1516.2, 10153
1518.02, 10152
1526.02, 10151
1527.9, 10150
1529.8, 10149
1533.77, 10148
1537.51, 10147
1539.48, 10146
1541.46, 10145
1543.15, 10144
1544.79, 10143
1546.61, 10142
1554.05, 10141
1557.79, 10140
1559.42, 10139
1561.4, 10138
1563.33, 10137
1567.15, 10136
1569.27, 10135
1576.93, 10134
1578.75, 10133
1580.7, 10132
1588.29, 10131
1592.03, 10130
1602.85, 10129
1604.77, 10128
1606.79, 10127
1612.65, 10126
1618.67, 10125
1620.19, 10124
1627.79, 10123
1635.43, 10122
1639.42, 10121
1643.17, 10120
1644.98, 10119
1646.9, 10118
1648.82, 10117
1652.73, 10116
1654.66, 10115
1658.25, 10114
1660.09, 10113
1662.05, 10112
1664.01, 10111
1668.12, 10110
1669.94, 10109
1673.71, 10108
1677.42, 10107
1682.96, 10106
1684.71, 10105
1690.42, 10104
1692.38, 10103
1694.26, 10102
1696.07, 10101
1700.04, 10100
1701.91, 10099
1709.46, 10098
1715.02, 10097
1718.47, 10096
1722.07, 10095
1727.76, 10094
1731.44, 10093
1735.15, 10092
1738.95, 10091
1740.83, 10090
1744.44, 10089
1746.42, 10088
1752.1, 10087
1754.03, 10086
1757.71, 10085
1759.75, 10084
1765.6, 10083
1767.68, 10082
1769.62, 10081
1771.13, 10080
1774.82, 10079
1778.54, 10078
1780.45, 10077
1784.52, 10076
1788.31, 10075
1805.71, 10074
1807.35, 10073
1809.37, 10072
1813.25, 10071
1815.31, 10070
1819.2, 10069
1820.83, 10068
1824.79, 10067
1828.61, 10066
1830.59, 10065
1834.32, 10064
1836.3, 10063
1838.09, 10062
1840.07, 10061
1845.95, 10060
1849.73, 10059
1851.66, 10058
1861.41, 10057
1863.21, 10056
1865.02, 10055
1867.06, 10054
1870.93, 10053
1876.32, 10052
1878.13, 10051
1880.24, 10050
1882.21, 10049
1885.78, 10048
1893.11, 10047
1894.99, 10046
1896.82, 10045
1902.56, 10044
1904.47, 10043
1908.36, 10042
1915.95, 10041
1919.49, 10040
1921.29, 10039
1924.93, 10038
1928.92, 10037
1932.6, 10036
1941.87, 10035
1943.83, 10034
1945.73, 10033
1947.5, 10032
1949.54, 10031
1957.34, 10030
1963.1, 10029
1965.08, 10028
1966.96, 10027
1974.65, 10026
1978.64, 10025
1982.63, 10024
1984.7, 10023
1986.65, 10022
1990.35, 10021
1994.47, 10020
1996.46, 10019
1998.52, 10018
2006.37, 10017
2014.2, 10016
2020.37, 10015
2026.23, 10014
2028.2, 10013
2042.06, 10012
2043.88, 10011
2047.69, 10010
2053.39, 10009
2055.44, 10008
2057.42, 10007
2059.51, 10006
2063.3, 10005
2067.05, 10004
2068.98, 10003
2076.85, 10002
2078.96, 10001
2083.19, 10000
2085.28, 9999
2088.99, 9998
2096.64, 9997
2100.7, 9996
2106.17, 9995
2109.82, 9994
2113.98, 9993
2119.25, 9992
2121.05, 9991
2122.93, 9990
2127.17, 9989
2129.25, 9988
2130.89, 9987
2134.68, 9986
2154.34, 9985
2156.21, 9984
2158.25, 9983
2162.27, 9982
2169.85, 9981
2175.76, 9980
2183.61, 9979
2189.71, 9978
2195.83, 9977
2197.81, 9976
2203.74, 9975
2209.66, 9974
2211.62, 9973
2215.69, 9972
2219.69, 9971
2229.47, 9970
2231.28, 9969
2240.74, 9968
2242.7, 9967
2250.52, 9966
2252.55, 9965
2262.36, 9964
2269.96, 9963
2273.89, 9962
2279.85, 9961
2281.79, 9960
2289.7, 9959
2293.59, 9958
2305.84, 9957
2307.65, 9956
2323.02, 9955
2324.94, 9954
2326.87, 9953
2328.93, 9952
2332.94, 9951
2338.67, 9950
2342.74, 9949
2344.6, 9948
2346.85, 9947
2348.76, 9946
2350.74, 9945
2352.71, 9944
2356.71, 9943
2358.53, 9942
2362.78, 9941
2366.68, 9940
2372.62, 9939
2374.54, 9938
2378.4, 9937
2384.18, 9936
2387.92, 9935
2392.04, 9934
2394.13, 9933
2396.28, 9932
2400.11, 9931
2406.24, 9930
2410.22, 9929
2412.31, 9928
2424.38, 9927
2426.29, 9926
2427.89, 9925
2430.07, 9924
2438.14, 9923
2444.26, 9922
2446.31, 9921
2448.21, 9920
2452.4, 9919
2454.45, 9918
2460.24, 9917
2464.31, 9916
2466.4, 9915
2478.2, 9914
2480.26, 9913
2486.34, 9912
2488.33, 9911
2490.4, 9910
2498.34, 9909
2510.42, 9908
2518.39, 9907
2528.4, 9906
2534.49, 9905
2540.6, 9904
2542.59, 9903
2552.64, 9902
2563.21, 9901
2565.34, 9900
2567.32, 9899
2585.73, 9898
2589.35, 9897
2595.41, 9896
2601.35, 9895
2607.69, 9894
2609.82, 9893
2618, 9892
2619.97, 9891
2622.21, 9890
2624.23, 9889
2626.44, 9888
2632.59, 9887
2634.65, 9886
2640.44, 9885
2646.74, 9884
2654.75, 9883
2656.95, 9882
2667.16, 9881
2669.22, 9880
2671.35, 9879
2673.58, 9878
2675.38, 9877
2681.7, 9876
2683.53, 9875
2685.52, 9874
2689.63, 9873
2695.44, 9872
2703.79, 9871
2715.67, 9870
2717.55, 9869
2723.7, 9868
2725.83, 9867
2737.33, 9866
2745.92, 9865
2757.96, 9864
2759.87, 9863
2761.8, 9862
2770.25, 9861
2774.31, 9860
2776.23, 9859
2780.33, 9858
2789.09, 9857
2795.11, 9856
2803.32, 9855
2805.5, 9854
2807.66, 9853
2817.48, 9852
2827.62, 9851
2833.58, 9850
2835.56, 9849
2837.63, 9848
2839.67, 9847
2841.66, 9846
2843.73, 9845
2848.08, 9844
2852.49, 9843
2854.68, 9842
2867.17, 9841
2869.28, 9840
2871.19, 9839
2879.35, 9838
2885.78, 9837
2887.63, 9836
2897.94, 9835
2914.87, 9834
2919.19, 9833
2921.2, 9832
2923.41, 9831
2925.65, 9830
2929.75, 9829
2931.9, 9828
2936.12, 9827
2938.04, 9826
2948.66, 9825
2963.2, 9824
2967.23, 9823
2973.23, 9822
2975.29, 9821
2979.56, 9820
2983.76, 9819
2985.84, 9818
2989.98, 9817
2998.14, 9816
3000.15, 9815
3014.96, 9814
3017.04, 9813
3019.11, 9812
3021.01, 9811
3029.72, 9810
3035.55, 9809
3041.65, 9808
3043.54, 9807
3049.42, 9806
3051.6, 9805
3055.89, 9804
3057.69, 9803
3059.72, 9802
3065.97, 9801
3078.32, 9800
3093.14, 9799
3107.32, 9798
3111.36, 9797
3121.71, 9796
3127.56, 9795
3133.92, 9794
3135.92, 9793
3138, 9792
3142.26, 9791
3144.57, 9790
3148.74, 9789
3154.97, 9788
3157.11, 9787
3175.97, 9786
3178.04, 9785
3180.34, 9784
3182.39, 9783
3184.21, 9782
3195.07, 9781
3199.34, 9780
3201.64, 9779
3210.05, 9778
3212.12, 9777
3216.3, 9776
3218.41, 9775
3228.39, 9774
3241.25, 9773
3261.84, 9772
3263.96, 9771
3269.87, 9770
3272.14, 9769
3274.36, 9768
3278.65, 9767
3281.02, 9766
3282.97, 9765
3291.22, 9764
3297.86, 9763
3304.13, 9762
3310.48, 9761
3312.64, 9760
3314.82, 9759
3323.31, 9758
3325.46, 9757
3327.7, 9756
3329.92, 9755
3332.03, 9754
3345.22, 9753
3353.72, 9752
3357.77, 9751
3364.03, 9750
3368.3, 9749
3370.46, 9748
3375.01, 9747
3377.35, 9746
3381.6, 9745
3390.5, 9744
3403.31, 9743
3407.84, 9742
3414.34, 9741
3416.45, 9740
3429.29, 9739
3431.24, 9738
3433.28, 9737
3437.6, 9736
3441.89, 9735
3451.9, 9734
3460.46, 9733
3468.94, 9732
3479.84, 9731
3497.1, 9730
3503.34, 9729
3507.49, 9728
3522.36, 9727
3524.47, 9726
3526.78, 9725
3528.83, 9724
3530.86, 9723
3537.33, 9722
3541.71, 9721
3543.8, 9720
3545.86, 9719
3570.88, 9718
3572.8, 9717
3577.13, 9716
3579.19, 9715
3581.08, 9714
3594.11, 9713
3600.29, 9712
