62.5119,6343
64.167,6342
64.9835,6341
272.395,6340
281.816,6339
282.676,6338
283.546,6337
286.15,6336
287.911,6335
288.777,6334
293.081,6333
307.324,6332
311.557,6331
313.371,6330
315.061,6329
325.229,6328
329.443,6327
334.566,6326
356.974,6325
377.734,6324
378.565,6323
380.218,6322
381.889,6321
385.236,6320
388.585,6319
393.543,6318
394.36,6317
398.489,6316
402.696,6315
411.901,6314
412.746,6313
413.559,6312
420.185,6311
421.853,6310
425.173,6309
426.825,6308
428.511,6307
431.027,6306
437.699,6305
440.19,6304
441.021,6303
442.677,6302
444.311,6301
450.954,6300
461.772,6299
462.622,6298
467.582,6297
470.052,6296
474.199,6295
479.996,6294
486.714,6292
501.22,6291
503.826,6290
527.881,6289
535.59,6288
537.27,6287
542.368,6286
549.243,6285
567.726,6284
568.576,6283
578.045,6282
583.153,6281
588.246,6280
590.73,6279
593.273,6278
594.978,6277
595.914,6276
600.313,6275
