4.64162,6343
254.827,6342
263.48,6341
268.202,6340
271.345,6339
279.188,6338
282.323,6337
290.96,6336
291.735,6335
300.379,6334
303.526,6333
308.296,6332
321.732,6331
353.24,6330
355.614,6329
357.932,6328
358.713,6327
362.615,6326
366.559,6325
377.528,6324
379.891,6323
380.672,6322
382.277,6321
396.598,6320
406.948,6319
417.969,6318
421.926,6317
425.902,6316
426.688,6315
431.443,6314
433.798,6313
434.58,6312
436.154,6311
438.547,6310
439.376,6309
441.091,6308
444.572,6307
450.667,6306
455.065,6305
458.572,6304
460.285,6303
467.363,6302
470.817,6301
473.434,6300
486.555,6299
487.433,6298
497.07,6297
510.903,6296
514.466,6295
522.22,6294
524.852,6293
530.037,6292
536.177,6291
537.133,6290
539.839,6289
542.417,6288
544.104,6287
548.427,6286
549.249,6285
551.739,6284
558.269,6283
564.833,6282
568.974,6281
581.871,6280
587.32,6279
590.91,6278
595.295,6277
599.51,6276
