266.119,6343
286.588,6342
289.123,6341
290.018,6340
292.624,6339
299.459,6338
303.729,6337
321.817,6336
323.528,6335
338.912,6334
344.931,6333
347.496,6332
352.548,6331
353.422,6330
356.845,6329
359.397,6328
360.273,6327
361.12,6326
361.984,6325
366.311,6324
373.245,6323
377.534,6322
390.178,6321
392.748,6320
398.812,6319
403.94,6318
416.102,6317
416.896,6316
417.682,6315
443.894,6314
450.24,6313
451.027,6312
452.594,6311
454.97,6310
457.331,6309
461.314,6308
462.103,6307
466.848,6306
469.22,6305
479.592,6304
489.934,6303
490.724,6302
491.519,6301
492.309,6300
503.076,6299
507.218,6298
509.739,6297
524.034,6296
524.894,6295
529.97,6294
552.298,6293
559.692,6292
562.188,6291
563.006,6290
569.612,6289
573.761,6288
577.042,6287
578.666,6286
580.344,6285
581.198,6284
582.07,6283
585.376,6282
595.443,6281
