141.048,6343
143.615,6342
200.842,6341
209.929,6340
230.622,6339
232.239,6338
243.728,6337
260.335,6336
261.178,6335
320.796,6334
321.633,6333
329.131,6332
352.515,6331
354.153,6330
357.486,6329
358.306,6328
363.292,6327
364.142,6326
364.988,6325
371.697,6324
399.325,6323
401.958,6322
402.848,6321
408.625,6320
409.433,6319
411.932,6318
414.432,6317
434.456,6316
464.51,6315
471.984,6314
479.529,6313
492.917,6312
501.283,6311
512.14,6310
513.007,6309
514.678,6308
518.002,6307
523.819,6306
526.297,6305
527.134,6304
532.086,6303
542.979,6302
546.369,6301
562.838,6300
566.474,6299
568.216,6298
572.47,6297
574.151,6296
579.239,6295
584.245,6294
585.912,6293
593.382,6292
600.079,6291
