0.553917,6343
1.40487,6342
6.3442,6341
196.02,6340
209.945,6339
210.772,6338
225.569,6337
230.508,6336
237.906,6335
238.7,6334
255.02,6333
273.067,6332
286.218,6331
290.346,6330
292.841,6329
298.591,6328
302.709,6327
314.291,6326
316.803,6325
322.679,6324
343.139,6323
353.97,6322
356.489,6321
358.152,6320
380.554,6319
393.056,6318
397.219,6317
402.96,6316
404.613,6315
412.975,6314
415.478,6313
416.293,6312
431.23,6311
438.658,6310
440.326,6309
452.825,6308
453.661,6307
456.954,6306
459.477,6305
464.493,6304
465.328,6303
468.655,6302
473.668,6301
486.094,6300
486.92,6299
500.272,6298
503.597,6297
518.546,6296
525.204,6295
526.036,6294
528.531,6293
535.984,6292
543.391,6291
548.456,6290
566.779,6289
576.805,6288
582.634,6287
583.463,6286
584.284,6285
595.091,6284
