0.524764,6343
2.08149,6342
9.1669,6341
9.94413,6340
210.155,6339
218.316,6338
225.68,6337
228.921,6336
231.379,6335
233.029,6334
233.843,6333
238.692,6332
239.5,6331
247.687,6330
262.011,6329
268.823,6328
280.106,6327
281.877,6326
293.893,6325
303.333,6324
305.066,6323
306.756,6322
316.931,6321
321.264,6320
324.674,6319
326.409,6318
343.286,6317
344.099,6316
349.82,6315
350.636,6314
359.851,6313
363.118,6312
364.78,6311
372.203,6310
376.334,6309
380.619,6308
391.871,6307
396.143,6306
397.004,6305
399.475,6304
410.72,6303
417.322,6302
421.435,6301
427.177,6300
430.42,6299
432.863,6298
434.494,6297
445.973,6296
446.785,6295
452.513,6294
456.564,6293
469.767,6292
486.33,6291
502.205,6290
503.893,6289
504.701,6288
515.587,6287
516.391,6286
518.873,6285
523.837,6284
538.614,6283
539.455,6282
545.16,6281
546.784,6280
548.41,6279
554.894,6278
556.496,6277
559.751,6275
561.377,6274
567.03,6273
572.681,6272
575.141,6271
577.578,6270
582.444,6269
583.24,6268
584.859,6267
585.654,6266
