4.67885,6343
30.2143,6342
36.8272,6341
205.187,6340
206.013,6339
206.829,6338
221.802,6337
238.398,6336
239.229,6335
241.79,6334
255.873,6333
257.496,6332
314.801,6331
322.304,6330
325.559,6329
326.372,6328
332.222,6327
333.042,6326
338.979,6325
339.854,6324
372.42,6323
377.41,6322
384.028,6321
384.876,6320
389.89,6319
396.42,6318
398.893,6317
403.836,6316
405.486,6315
407.129,6314
414.701,6313
438.928,6312
440.582,6311
441.43,6310
442.25,6309
443.915,6308
446.55,6307
454.19,6306
455.854,6305
469.023,6304
471.478,6303
481.639,6302
484.273,6301
485.189,6300
498.969,6299
512.735,6298
520.31,6297
524.591,6296
528.042,6295
528.954,6294
547.356,6293
558.141,6292
559.792,6291
563.07,6290
564.737,6289
565.581,6288
569.698,6287
574.016,6286
578.21,6285
583.233,6284
584.075,6283
588.221,6282
598.128,6281
