0.00, 7071
0.00, 7070
0.00, 7069
0.00, 7068
0.00, 7067
0.00, 7066
0.00, 7065
0.00, 7064
0.00, 7063
0.00, 7062
0.00, 7061
0.00, 7060
0.00, 7059
0.00, 7058
0.00, 7057
0.00, 7056
0.00, 7055
0.00, 7054
0.00, 7053
0.00, 7052
0.00, 7051
0.00, 7050
0.00, 7049
0.00, 7048
0.00, 7047
0.00, 7046
0.00, 7045
0.00, 7044
0.00, 7043
0.00, 7042
0.00, 7041
0.00, 7040
0.00, 7039
0.00, 7038
0.00, 7037
0.00, 7036
0.00, 7035
0.00, 7034
0.00, 7033
0.00, 7032
0.00, 7031
0.00, 7030
0.00, 7029
0.00, 7028
0.00, 7027
0.00, 7026
0.00, 7025
0.00, 7024
0.00, 7023
0.00, 7022
0.00, 7021
0.00, 7020
0.00, 7019
0.00, 7018
0.00, 7017
0.00, 7016
0.00, 7015
0.00, 7014
0.00, 7013
0.00, 7012
0.00, 7011
0.00, 7010
0.00, 7009
0.00, 7008
0.00, 7007
0.00, 7006
0.00, 7005
0.00, 7004
0.00, 7003
0.00, 7002
0.00, 7001
0.00, 7000
0.00, 6999
0.00, 6998
0.00, 6997
0.00, 6996
0.00, 6995
0.00, 6994
0.00, 6993
0.00, 6992
0.00, 6991
0.01, 6990
0.01, 6989
0.01, 6988
0.01, 6987
0.01, 6986
0.01, 6985
0.01, 6984
0.01, 6983
0.01, 6982
0.01, 6981
0.01, 6980
0.01, 6979
0.01, 6978
0.01, 6977
0.01, 6976
0.01, 6975
0.01, 6974
0.01, 6973
0.01, 6972
0.01, 6971
0.01, 6970
0.01, 6969
0.01, 6968
0.01, 6967
0.01, 6966
0.01, 6965
0.01, 6964
0.01, 6963
0.01, 6962
0.01, 6961
0.01, 6960
0.01, 6959
0.01, 6958
0.01, 6957
0.01, 6956
0.01, 6955
0.01, 6954
0.01, 6953
0.01, 6952
0.01, 6951
0.01, 6950
0.01, 6949
0.01, 6948
0.01, 6947
0.01, 6946
0.01, 6945
0.01, 6944
0.01, 6943
0.01, 6942
0.02, 6941
0.02, 6940
0.02, 6939
0.02, 6938
0.02, 6937
0.02, 6936
0.02, 6935
0.02, 6934
0.02, 6933
0.02, 6932
0.02, 6931
0.02, 6930
0.02, 6929
0.02, 6928
0.02, 6927
0.02, 6926
0.02, 6925
0.02, 6924
0.02, 6923
0.03, 6922
0.04, 6921
0.06, 6920
0.07, 6919
1.57, 6918
10.05, 6917
10.76, 6916
10.77, 6915
10.78, 6914
40.52, 6913
76.25, 6912
76.28, 6911
