0.00, 4845
0.00, 4844
0.00, 4843
0.00, 4842
0.00, 4841
0.00, 4840
0.00, 4839
0.00, 4838
0.00, 4837
0.00, 4836
0.00, 4835
0.00, 4834
0.00, 4833
0.00, 4832
0.00, 4831
0.00, 4830
0.00, 4829
0.00, 4828
0.00, 4827
0.00, 4826
0.00, 4825
0.00, 4824
0.00, 4823
0.00, 4822
0.00, 4821
0.00, 4820
0.00, 4819
0.00, 4818
0.00, 4817
0.00, 4816
0.00, 4815
0.00, 4814
0.00, 4813
0.00, 4812
0.00, 4811
0.00, 4810
0.00, 4809
0.00, 4808
0.00, 4807
0.00, 4806
0.00, 4805
0.00, 4804
0.00, 4803
0.00, 4802
0.00, 4801
0.00, 4800
0.00, 4799
0.00, 4798
0.00, 4797
0.00, 4796
0.00, 4795
0.00, 4794
0.00, 4793
0.00, 4792
0.00, 4791
0.00, 4790
0.00, 4789
0.00, 4788
0.00, 4787
0.00, 4786
0.00, 4785
0.00, 4784
0.00, 4783
0.00, 4782
0.00, 4781
0.00, 4780
0.00, 4779
0.00, 4778
0.00, 4777
0.00, 4776
0.00, 4775
0.00, 4774
0.00, 4773
0.00, 4772
0.00, 4771
0.00, 4770
0.00, 4769
0.00, 4768
0.00, 4767
0.00, 4766
0.00, 4765
0.00, 4764
0.00, 4763
0.00, 4762
0.00, 4761
0.00, 4760
0.00, 4759
0.00, 4758
0.00, 4757
0.00, 4756
0.00, 4755
0.00, 4754
0.00, 4753
0.00, 4752
0.00, 4751
0.00, 4750
0.00, 4749
0.00, 4748
0.00, 4747
0.00, 4746
0.00, 4745
0.00, 4744
0.00, 4743
0.00, 4742
0.00, 4741
0.00, 4740
0.00, 4739
0.00, 4738
0.00, 4737
0.00, 4736
0.00, 4735
0.00, 4734
0.00, 4733
0.00, 4732
0.00, 4731
0.00, 4730
0.00, 4729
0.00, 4728
0.00, 4727
0.00, 4726
0.00, 4725
0.00, 4724
0.00, 4723
0.00, 4722
0.00, 4721
0.00, 4720
0.00, 4719
0.00, 4718
0.00, 4717
0.00, 4716
0.00, 4715
0.00, 4714
0.00, 4713
0.00, 4712
0.00, 4711
0.00, 4710
0.00, 4709
0.00, 4708
0.00, 4707
0.00, 4706
0.00, 4705
0.00, 4704
0.00, 4703
0.00, 4702
0.00, 4701
0.00, 4700
0.00, 4699
0.00, 4698
0.00, 4697
0.00, 4696
0.00, 4695
0.00, 4694
0.00, 4693
0.00, 4692
0.00, 4691
0.00, 4690
0.00, 4689
0.00, 4688
0.01, 4687
0.01, 4686
0.01, 4685
0.01, 4684
0.01, 4683
0.01, 4682
0.01, 4681
0.01, 4680
0.01, 4679
0.01, 4678
0.01, 4677
0.01, 4676
0.01, 4675
0.01, 4674
0.01, 4673
0.01, 4672
0.01, 4671
0.01, 4670
0.01, 4669
0.01, 4668
0.01, 4667
0.01, 4666
0.01, 4665
0.01, 4664
0.01, 4663
0.01, 4662
0.01, 4661
0.01, 4660
0.01, 4659
0.01, 4658
0.01, 4657
0.01, 4656
0.01, 4655
0.01, 4654
0.01, 4653
0.01, 4652
0.01, 4651
0.01, 4650
0.01, 4649
0.01, 4648
0.01, 4647
0.01, 4646
0.01, 4645
0.01, 4644
0.01, 4643
0.01, 4642
0.01, 4641
0.01, 4640
0.01, 4639
0.01, 4638
0.01, 4637
0.01, 4636
0.01, 4635
0.01, 4634
0.01, 4633
0.01, 4632
0.01, 4631
0.01, 4630
0.01, 4629
0.01, 4628
0.01, 4627
0.01, 4626
0.01, 4625
0.01, 4624
0.01, 4623
0.01, 4622
0.01, 4621
0.01, 4620
0.01, 4619
0.01, 4618
0.01, 4617
0.01, 4616
0.01, 4615
0.01, 4614
0.01, 4613
0.01, 4612
0.01, 4611
0.01, 4610
0.01, 4609
0.01, 4608
0.01, 4607
0.01, 4606
0.01, 4605
0.01, 4604
0.01, 4603
0.01, 4602
0.01, 4601
0.01, 4600
0.01, 4599
0.01, 4598
0.01, 4597
0.01, 4596
0.01, 4595
0.01, 4594
0.01, 4593
0.01, 4592
0.01, 4591
0.01, 4590
0.01, 4589
0.01, 4588
0.01, 4587
0.01, 4586
0.01, 4585
0.01, 4584
0.01, 4583
0.01, 4582
0.01, 4581
0.01, 4580
0.01, 4579
0.01, 4578
0.01, 4577
0.01, 4576
0.01, 4575
0.01, 4574
0.01, 4573
0.01, 4572
0.01, 4571
0.01, 4570
0.01, 4569
0.01, 4568
0.01, 4567
0.01, 4566
0.01, 4565
0.01, 4564
0.01, 4563
0.01, 4562
0.01, 4561
0.01, 4560
0.01, 4559
0.01, 4558
0.01, 4557
0.01, 4556
0.02, 4555
0.02, 4554
0.02, 4553
0.02, 4552
0.02, 4551
0.02, 4550
0.02, 4549
0.03, 4548
0.03, 4547
0.03, 4546
0.03, 4545
0.05, 4544
0.08, 4543
