4.78799,6343
12.5917,6342
14.3156,6341
159.755,6340
160.584,6339
161.383,6338
162.194,6337
163.011,6336
163.801,6335
198.195,6334
209.375,6333
211.775,6332
214.985,6331
215.789,6330
217.37,6329
222.208,6328
223.835,6327
225.44,6326
256.696,6325
259.877,6324
262.283,6323
265.508,6322
274.542,6321
276.951,6320
277.756,6319
280.15,6318
281.754,6317
290.912,6316
299.298,6315
303.626,6314
306.163,6313
307.811,6312
309.556,6311
311.283,6310
312.97,6309
314.705,6308
319.86,6307
320.72,6306
322.405,6305
326.655,6304
331.709,6303
333.414,6302
335.069,6301
337.542,6300
346.532,6299
353.079,6298
357.125,6297
364.614,6296
367.139,6295
369.676,6294
370.48,6293
371.285,6292
381.152,6291
406.946,6290
410.163,6289
411.747,6288
414.148,6287
417.358,6286
422.188,6285
439.841,6284
452.699,6283
456.738,6282
459.992,6281
460.821,6280
463.425,6279
464.286,6278
470.763,6277
471.548,6276
473.151,6275
479.569,6274
481.178,6273
484.396,6272
498.43,6271
506.727,6270
527.615,6269
537.219,6268
541.977,6267
549.293,6266
550.924,6265
557.391,6264
562.233,6263
563.825,6262
571.295,6261
574.58,6260
584.776,6259
588.897,6258
597.193,6257
598.867,6256
