246.82,6343
247.643,6342
248.47,6341
253.472,6340
254.282,6339
265.811,6338
273.145,6337
274.779,6336
283.039,6335
286.298,6334
328.207,6333
329.8,6332
332.205,6331
336.431,6330
338.938,6329
340.535,6328
345.336,6327
352.481,6326
358.804,6325
359.595,6324
361.177,6323
373.106,6322
376.291,6321
377.873,6320
384.257,6319
403.74,6318
405.384,6317
415.429,6316
418.325,6315
420.037,6314
425.276,6313
429.531,6312
430.365,6311
439.237,6309
456.083,6308
458.671,6307
459.498,6306
465.705,6305
470.885,6304
479.774,6303
483.206,6302
491.01,6301
494.873,6300
495.793,6299
502.879,6298
507.829,6297
520.897,6296
522.528,6295
524.174,6294
527.027,6293
528.64,6292
530.271,6291
534.558,6290
541.963,6289
546.738,6288
547.528,6287
554.361,6286
560.356,6285
563.006,6284
567.069,6283
570.407,6282
578.178,6281
579.06,6280
584.479,6279
592.194,6278
596.396,6277
