8.72812,6343
9.53375,6342
234.848,6341
243.889,6340
246.35,6339
251.245,6338
254.555,6337
255.36,6336
257.802,6335
259.427,6334
260.246,6333
265.898,6332
286.41,6331
289.706,6330
318.329,6329
324.045,6328
325.663,6327
329.681,6326
331.316,6325
339.506,6324
345.177,6323
347.628,6322
351.078,6321
359.64,6320
362.155,6319
364.705,6318
368.138,6317
389.628,6316
394.592,6315
399.613,6314
404.577,6313
411.976,6312
415.277,6311
416.927,6310
417.764,6309
428.635,6308
431.206,6307
437.131,6306
447.311,6305
449.015,6304
457.462,6303
458.269,6302
459.879,6301
460.725,6300
461.605,6299
465.812,6298
466.646,6297
469.161,6296
471.757,6295
480.329,6294
481.183,6293
483.703,6292
488.885,6291
498.174,6290
504.139,6289
504.999,6288
506.701,6287
511.024,6286
516.181,6285
521.276,6284
522.128,6283
534.766,6282
536.438,6281
539.842,6280
545.149,6279
548.554,6278
553.741,6277
559.757,6276
563.137,6275
573.452,6274
579.524,6273
580.417,6272
587.308,6271
589.982,6270
590.839,6269
